#
# A fatal error has been detected by the Java Runtime Environment:
#
#  EXCEPTION_ACCESS_VIOLATION (0xc0000005) at pc=0x0000000000000000, pid=72028, tid=67100
#
# JRE version: Java(TM) SE Runtime Environment (18.0.2.1+1) (build 18.0.2.1+1-1)
# Java VM: Java HotSpot(TM) 64-Bit Server VM (18.0.2.1+1-1, mixed mode, sharing, tiered, compressed oops, compressed class ptrs, g1 gc, windows-amd64)
# Problematic frame:
# C  0x0000000000000000
#
# No core dump will be written. Minidumps are not enabled by default on client versions of Windows
#
# If you would like to submit a bug report, please visit:
#   https://bugreport.java.com/bugreport/crash.jsp
# The crash happened outside the Java Virtual Machine in native code.
# See problematic frame for where to report the bug.
#

---------------  S U M M A R Y ------------

Command Line: -Djava.library.path=C:\Users\hmsel\git\CPP\jmtp\cpp\x64\Debug\ -Dfile.encoding=windows-1252 -Duser.country=US -Duser.language=en -Duser.variant Test

Host: Intel(R) Core(TM) i5-4460  CPU @ 3.20GHz, 4 cores, 15G,  Windows 10 , 64 bit Build 19041 (10.0.19041.2788)
Time: Wed Apr 26 13:18:58 2023 Jerusalem Daylight Time elapsed time: 0.110394 seconds (0d 0h 0m 0s)

---------------  T H R E A D  ---------------

Current thread (0x000001d86a689f50):  JavaThread "main" [_thread_in_native, id=67100, stack(0x000000302e000000,0x000000302e100000)]

Stack: [0x000000302e000000,0x000000302e100000],  sp=0x000000302e0fede8,  free space=1019k
Native frames: (J=compiled Java code, j=interpreted, Vv=VM code, C=native code)

Java frames: (J=compiled Java code, j=interpreted, Vv=VM code)
j  com.github.hms11rn.mtp.win32.PortableDeviceWin32.getRootObjects()[Lcom/github/hms11rn/mtp/content/PortableDeviceObject;+0
j  Test.main([Ljava/lang/String;)V+235
v  ~StubRoutines::call_stub

siginfo: EXCEPTION_ACCESS_VIOLATION (0xc0000005), data execution prevention violation at address 0x0000000000000000


Register to memory mapping:

RIP=0x0 is NULL
RAX=0x000001d86a54b790 points into unknown readable memory: 0x000001d86a54bae0 | e0 ba 54 6a d8 01 00 00
RBX={method} {0x000001d80f404210} 'getRootObjects' '()[Lcom/github/hms11rn/mtp/content/PortableDeviceObject;' in 'com/github/hms11rn/mtp/win32/PortableDeviceWin32'
RCX=0x000001d86a54bae8 points into unknown readable memory: 0x000001d86a54b790 | 90 b7 54 6a d8 01 00 00
RDX=0x00007ff88c6b0ad0 mtpjava.dll
RSP=0x000000302e0fede8 is pointing into the stack for thread: 0x000001d86a689f50
RBP=0x000000302e0fee10 is pointing into the stack for thread: 0x000001d86a689f50
RSI=0x0000000000000002 is an unknown value
RDI=0x000000302e0ff208 is pointing into the stack for thread: 0x000001d86a689f50
R8 =0x00007ff88c6ae4f8 mtpjava.dll
R9 =0x000000302e0feb08 is pointing into the stack for thread: 0x000001d86a689f50
R10=0x000000000000001a is an unknown value
R11=0x0000000000000246 is an unknown value
R12=0x0 is NULL
R13={method} {0x000001d80f404210} 'getRootObjects' '()[Lcom/github/hms11rn/mtp/content/PortableDeviceObject;' in 'com/github/hms11rn/mtp/win32/PortableDeviceWin32'
R14=0x000000302e0ff438 is pointing into the stack for thread: 0x000001d86a689f50
R15=0x000001d86a689f50 is a thread


Registers:
RAX=0x000001d86a54b790, RBX=0x000001d80f404208, RCX=0x000001d86a54bae8, RDX=0x00007ff88c6b0ad0
RSP=0x000000302e0fede8, RBP=0x000000302e0fee10, RSI=0x0000000000000002, RDI=0x000000302e0ff208
R8 =0x00007ff88c6ae4f8, R9 =0x000000302e0feb08, R10=0x000000000000001a, R11=0x0000000000000246
R12=0x0000000000000000, R13=0x000001d80f404208, R14=0x000000302e0ff438, R15=0x000001d86a689f50
RIP=0x0000000000000000, EFLAGS=0x0000000000010206

Top of Stack: (sp=0x000000302e0fede8)
0x000000302e0fede8:   00007ff88c69b63a 00007ff885862fd0
0x000000302e0fedf8:   00007ff88c691069 000000302e0ff438
0x000000302e0fee08:   00007ff805f121bd 0000000010f1ac10
0x000000302e0fee18:   00007ff805f1573b 000001d86a689f50
0x000000302e0fee28:   000000302e0fee90 000001d86a689f50
0x000000302e0fee38:   000001d86a54bae8 000001d86a689f50
0x000000302e0fee48:   000000302e0ff438 000000302e0ff208
0x000000302e0fee58:   0000000000000000 000001d80f404208
0x000000302e0fee68:   00007ff88c69b1ae 000000002e0fee90
0x000000302e0fee78:   0000000000000000 000001d80f404208
0x000000302e0fee88:   000000302e0ff208 000001d86c666ec0
0x000000302e0fee98:   000000080000f728 00008e33f4d7ac01
0x000000302e0feea8:   000001d86a689f50 000000302e0feec0
0x000000302e0feeb8:   000000080040ce58 000001d86c666ec8
0x000000302e0feec8:   0000000710ea3bf8 0000000710f84ee0
0x000000302e0feed8:   000000080000f728 000001d86a68a468 

Instructions: (pc=0x0000000000000000)
0xffffffffffffff00:   


Stack slot to memory mapping:
stack at sp + 0 slots: 0x00007ff88c69b63a mtpjava.dll
stack at sp + 1 slots: 0x00007ff885862fd0 MSVCP140D.dll
stack at sp + 2 slots: 0x00007ff88c691069 mtpjava.dll
stack at sp + 3 slots: 0x000000302e0ff438 is pointing into the stack for thread: 0x000001d86a689f50
stack at sp + 4 slots: 0x00007ff805f121bd jvm.dll
stack at sp + 5 slots: 0x0000000010f1ac10 is an unknown value
stack at sp + 6 slots: 0x00007ff805f1573b jvm.dll
stack at sp + 7 slots: 0x000001d86a689f50 is a thread


---------------  P R O C E S S  ---------------

Threads class SMR info:
_java_thread_list=0x000001d81309a410, length=12, elements={
0x000001d86a689f50, 0x000001d87fb92070, 0x000001d87fb92a10, 0x000001d87fbaa110,
0x000001d87fbaaab0, 0x000001d87fbab450, 0x000001d87fbaff90, 0x000001d87fbb24f0,
0x000001d87fbbaee0, 0x000001d87fbc7000, 0x000001d81309cf40, 0x000001d81309d670
}

Java Threads: ( => current thread )
=>0x000001d86a689f50 JavaThread "main" [_thread_in_native, id=67100, stack(0x000000302e000000,0x000000302e100000)]
  0x000001d87fb92070 JavaThread "Reference Handler" daemon [_thread_blocked, id=40168, stack(0x000000302e700000,0x000000302e800000)]
  0x000001d87fb92a10 JavaThread "Finalizer" daemon [_thread_blocked, id=63008, stack(0x000000302e800000,0x000000302e900000)]
  0x000001d87fbaa110 JavaThread "Signal Dispatcher" daemon [_thread_blocked, id=63084, stack(0x000000302e900000,0x000000302ea00000)]
  0x000001d87fbaaab0 JavaThread "Attach Listener" daemon [_thread_blocked, id=59500, stack(0x000000302ea00000,0x000000302eb00000)]
  0x000001d87fbab450 JavaThread "Service Thread" daemon [_thread_blocked, id=63464, stack(0x000000302eb00000,0x000000302ec00000)]
  0x000001d87fbaff90 JavaThread "Monitor Deflation Thread" daemon [_thread_blocked, id=72160, stack(0x000000302ec00000,0x000000302ed00000)]
  0x000001d87fbb24f0 JavaThread "C2 CompilerThread0" daemon [_thread_blocked, id=61548, stack(0x000000302ed00000,0x000000302ee00000)]
  0x000001d87fbbaee0 JavaThread "C1 CompilerThread0" daemon [_thread_blocked, id=14820, stack(0x000000302ee00000,0x000000302ef00000)]
  0x000001d87fbc7000 JavaThread "Sweeper thread" daemon [_thread_blocked, id=64968, stack(0x000000302ef00000,0x000000302f000000)]
  0x000001d81309cf40 JavaThread "Notification Thread" daemon [_thread_blocked, id=60804, stack(0x000000302f000000,0x000000302f100000)]
  0x000001d81309d670 JavaThread "Common-Cleaner" daemon [_thread_blocked, id=72408, stack(0x000000302f200000,0x000000302f300000)]

Other Threads:
  0x000001d86c6eb1d0 VMThread "VM Thread" [stack: 0x000000302e600000,0x000000302e700000] [id=71456]
  0x000001d81309d400 WatcherThread "VM Periodic Task Thread" [stack: 0x000000302f100000,0x000000302f200000] [id=64792]
  0x000001d86c6d13f0 WorkerThread "GC Thread#0" [stack: 0x000000302e100000,0x000000302e200000] [id=66028]
  0x000001d86c6e20c0 ConcurrentGCThread "G1 Main Marker" [stack: 0x000000302e200000,0x000000302e300000] [id=25056]
  0x000001d86c6e4100 WorkerThread "G1 Conc#0" [stack: 0x000000302e300000,0x000000302e400000] [id=62884]
  0x000001d86c7241e0 ConcurrentGCThread "G1 Refine#0" [stack: 0x000000302e400000,0x000000302e500000] [id=61168]
  0x000001d86c724990 ConcurrentGCThread "G1 Service" [stack: 0x000000302e500000,0x000000302e600000] [id=63040]

Threads with active compile tasks:

VM state: not at safepoint (normal execution)

VM Mutex/Monitor currently owned by a thread: None

Heap address: 0x0000000701000000, size: 4080 MB, Compressed Oops mode: Zero based, Oop shift amount: 3

CDS archive(s) mapped at: [0x0000000800000000-0x0000000800ba0000-0x0000000800ba0000), size 12189696, SharedBaseAddress: 0x0000000800000000, ArchiveRelocationMode: 0.
Compressed class space mapped at: 0x0000000800c00000-0x0000000840c00000, reserved size: 1073741824
Narrow klass base: 0x0000000800000000, Narrow klass shift: 0, Narrow klass range: 0x100000000

GC Precious Log:
 CardTable entry size: 512
 Card Set container configuration: InlinePtr #cards 4 size 8 Array Of Cards #cards 16 size 48 Howl #buckets 8 coarsen threshold 3686 Howl Bitmap #cards 512 size 80 coarsen threshold 460 Card regions per heap region 1 cards per card region 4096
 CPUs: 4 total, 4 available
 Memory: 16318M
 Large Page Support: Disabled
 NUMA Support: Disabled
 Compressed Oops: Enabled (Zero based)
 Heap Region Size: 2M
 Heap Min Capacity: 8M
 Heap Initial Capacity: 256M
 Heap Max Capacity: 4080M
 Pre-touch: Disabled
 Parallel Workers: 4
 Concurrent Workers: 1
 Concurrent Refinement Workers: 4
 Periodic GC: Disabled

Heap:
 garbage-first heap   total 262144K, used 0K [0x0000000701000000, 0x0000000800000000)
  region size 2048K, 1 young (2048K), 0 survivors (0K)
 Metaspace       used 332K, committed 512K, reserved 1114112K
  class space    used 18K, committed 128K, reserved 1048576K

Heap Regions: E=young(eden), S=young(survivor), O=old, HS=humongous(starts), HC=humongous(continues), CS=collection set, F=free, OA=open archive, CA=closed archive, TAMS=top-at-mark-start (previous, next)
|   0|0x0000000701000000, 0x0000000701000000, 0x0000000701200000|  0%| F|  |TAMS 0x0000000701000000, 0x0000000701000000| Untracked 
|   1|0x0000000701200000, 0x0000000701200000, 0x0000000701400000|  0%| F|  |TAMS 0x0000000701200000, 0x0000000701200000| Untracked 
|   2|0x0000000701400000, 0x0000000701400000, 0x0000000701600000|  0%| F|  |TAMS 0x0000000701400000, 0x0000000701400000| Untracked 
|   3|0x0000000701600000, 0x0000000701600000, 0x0000000701800000|  0%| F|  |TAMS 0x0000000701600000, 0x0000000701600000| Untracked 
|   4|0x0000000701800000, 0x0000000701800000, 0x0000000701a00000|  0%| F|  |TAMS 0x0000000701800000, 0x0000000701800000| Untracked 
|   5|0x0000000701a00000, 0x0000000701a00000, 0x0000000701c00000|  0%| F|  |TAMS 0x0000000701a00000, 0x0000000701a00000| Untracked 
|   6|0x0000000701c00000, 0x0000000701c00000, 0x0000000701e00000|  0%| F|  |TAMS 0x0000000701c00000, 0x0000000701c00000| Untracked 
|   7|0x0000000701e00000, 0x0000000701e00000, 0x0000000702000000|  0%| F|  |TAMS 0x0000000701e00000, 0x0000000701e00000| Untracked 
|   8|0x0000000702000000, 0x0000000702000000, 0x0000000702200000|  0%| F|  |TAMS 0x0000000702000000, 0x0000000702000000| Untracked 
|   9|0x0000000702200000, 0x0000000702200000, 0x0000000702400000|  0%| F|  |TAMS 0x0000000702200000, 0x0000000702200000| Untracked 
|  10|0x0000000702400000, 0x0000000702400000, 0x0000000702600000|  0%| F|  |TAMS 0x0000000702400000, 0x0000000702400000| Untracked 
|  11|0x0000000702600000, 0x0000000702600000, 0x0000000702800000|  0%| F|  |TAMS 0x0000000702600000, 0x0000000702600000| Untracked 
|  12|0x0000000702800000, 0x0000000702800000, 0x0000000702a00000|  0%| F|  |TAMS 0x0000000702800000, 0x0000000702800000| Untracked 
|  13|0x0000000702a00000, 0x0000000702a00000, 0x0000000702c00000|  0%| F|  |TAMS 0x0000000702a00000, 0x0000000702a00000| Untracked 
|  14|0x0000000702c00000, 0x0000000702c00000, 0x0000000702e00000|  0%| F|  |TAMS 0x0000000702c00000, 0x0000000702c00000| Untracked 
|  15|0x0000000702e00000, 0x0000000702e00000, 0x0000000703000000|  0%| F|  |TAMS 0x0000000702e00000, 0x0000000702e00000| Untracked 
|  16|0x0000000703000000, 0x0000000703000000, 0x0000000703200000|  0%| F|  |TAMS 0x0000000703000000, 0x0000000703000000| Untracked 
|  17|0x0000000703200000, 0x0000000703200000, 0x0000000703400000|  0%| F|  |TAMS 0x0000000703200000, 0x0000000703200000| Untracked 
|  18|0x0000000703400000, 0x0000000703400000, 0x0000000703600000|  0%| F|  |TAMS 0x0000000703400000, 0x0000000703400000| Untracked 
|  19|0x0000000703600000, 0x0000000703600000, 0x0000000703800000|  0%| F|  |TAMS 0x0000000703600000, 0x0000000703600000| Untracked 
|  20|0x0000000703800000, 0x0000000703800000, 0x0000000703a00000|  0%| F|  |TAMS 0x0000000703800000, 0x0000000703800000| Untracked 
|  21|0x0000000703a00000, 0x0000000703a00000, 0x0000000703c00000|  0%| F|  |TAMS 0x0000000703a00000, 0x0000000703a00000| Untracked 
|  22|0x0000000703c00000, 0x0000000703c00000, 0x0000000703e00000|  0%| F|  |TAMS 0x0000000703c00000, 0x0000000703c00000| Untracked 
|  23|0x0000000703e00000, 0x0000000703e00000, 0x0000000704000000|  0%| F|  |TAMS 0x0000000703e00000, 0x0000000703e00000| Untracked 
|  24|0x0000000704000000, 0x0000000704000000, 0x0000000704200000|  0%| F|  |TAMS 0x0000000704000000, 0x0000000704000000| Untracked 
|  25|0x0000000704200000, 0x0000000704200000, 0x0000000704400000|  0%| F|  |TAMS 0x0000000704200000, 0x0000000704200000| Untracked 
|  26|0x0000000704400000, 0x0000000704400000, 0x0000000704600000|  0%| F|  |TAMS 0x0000000704400000, 0x0000000704400000| Untracked 
|  27|0x0000000704600000, 0x0000000704600000, 0x0000000704800000|  0%| F|  |TAMS 0x0000000704600000, 0x0000000704600000| Untracked 
|  28|0x0000000704800000, 0x0000000704800000, 0x0000000704a00000|  0%| F|  |TAMS 0x0000000704800000, 0x0000000704800000| Untracked 
|  29|0x0000000704a00000, 0x0000000704a00000, 0x0000000704c00000|  0%| F|  |TAMS 0x0000000704a00000, 0x0000000704a00000| Untracked 
|  30|0x0000000704c00000, 0x0000000704c00000, 0x0000000704e00000|  0%| F|  |TAMS 0x0000000704c00000, 0x0000000704c00000| Untracked 
|  31|0x0000000704e00000, 0x0000000704e00000, 0x0000000705000000|  0%| F|  |TAMS 0x0000000704e00000, 0x0000000704e00000| Untracked 
|  32|0x0000000705000000, 0x0000000705000000, 0x0000000705200000|  0%| F|  |TAMS 0x0000000705000000, 0x0000000705000000| Untracked 
|  33|0x0000000705200000, 0x0000000705200000, 0x0000000705400000|  0%| F|  |TAMS 0x0000000705200000, 0x0000000705200000| Untracked 
|  34|0x0000000705400000, 0x0000000705400000, 0x0000000705600000|  0%| F|  |TAMS 0x0000000705400000, 0x0000000705400000| Untracked 
|  35|0x0000000705600000, 0x0000000705600000, 0x0000000705800000|  0%| F|  |TAMS 0x0000000705600000, 0x0000000705600000| Untracked 
|  36|0x0000000705800000, 0x0000000705800000, 0x0000000705a00000|  0%| F|  |TAMS 0x0000000705800000, 0x0000000705800000| Untracked 
|  37|0x0000000705a00000, 0x0000000705a00000, 0x0000000705c00000|  0%| F|  |TAMS 0x0000000705a00000, 0x0000000705a00000| Untracked 
|  38|0x0000000705c00000, 0x0000000705c00000, 0x0000000705e00000|  0%| F|  |TAMS 0x0000000705c00000, 0x0000000705c00000| Untracked 
|  39|0x0000000705e00000, 0x0000000705e00000, 0x0000000706000000|  0%| F|  |TAMS 0x0000000705e00000, 0x0000000705e00000| Untracked 
|  40|0x0000000706000000, 0x0000000706000000, 0x0000000706200000|  0%| F|  |TAMS 0x0000000706000000, 0x0000000706000000| Untracked 
|  41|0x0000000706200000, 0x0000000706200000, 0x0000000706400000|  0%| F|  |TAMS 0x0000000706200000, 0x0000000706200000| Untracked 
|  42|0x0000000706400000, 0x0000000706400000, 0x0000000706600000|  0%| F|  |TAMS 0x0000000706400000, 0x0000000706400000| Untracked 
|  43|0x0000000706600000, 0x0000000706600000, 0x0000000706800000|  0%| F|  |TAMS 0x0000000706600000, 0x0000000706600000| Untracked 
|  44|0x0000000706800000, 0x0000000706800000, 0x0000000706a00000|  0%| F|  |TAMS 0x0000000706800000, 0x0000000706800000| Untracked 
|  45|0x0000000706a00000, 0x0000000706a00000, 0x0000000706c00000|  0%| F|  |TAMS 0x0000000706a00000, 0x0000000706a00000| Untracked 
|  46|0x0000000706c00000, 0x0000000706c00000, 0x0000000706e00000|  0%| F|  |TAMS 0x0000000706c00000, 0x0000000706c00000| Untracked 
|  47|0x0000000706e00000, 0x0000000706e00000, 0x0000000707000000|  0%| F|  |TAMS 0x0000000706e00000, 0x0000000706e00000| Untracked 
|  48|0x0000000707000000, 0x0000000707000000, 0x0000000707200000|  0%| F|  |TAMS 0x0000000707000000, 0x0000000707000000| Untracked 
|  49|0x0000000707200000, 0x0000000707200000, 0x0000000707400000|  0%| F|  |TAMS 0x0000000707200000, 0x0000000707200000| Untracked 
|  50|0x0000000707400000, 0x0000000707400000, 0x0000000707600000|  0%| F|  |TAMS 0x0000000707400000, 0x0000000707400000| Untracked 
|  51|0x0000000707600000, 0x0000000707600000, 0x0000000707800000|  0%| F|  |TAMS 0x0000000707600000, 0x0000000707600000| Untracked 
|  52|0x0000000707800000, 0x0000000707800000, 0x0000000707a00000|  0%| F|  |TAMS 0x0000000707800000, 0x0000000707800000| Untracked 
|  53|0x0000000707a00000, 0x0000000707a00000, 0x0000000707c00000|  0%| F|  |TAMS 0x0000000707a00000, 0x0000000707a00000| Untracked 
|  54|0x0000000707c00000, 0x0000000707c00000, 0x0000000707e00000|  0%| F|  |TAMS 0x0000000707c00000, 0x0000000707c00000| Untracked 
|  55|0x0000000707e00000, 0x0000000707e00000, 0x0000000708000000|  0%| F|  |TAMS 0x0000000707e00000, 0x0000000707e00000| Untracked 
|  56|0x0000000708000000, 0x0000000708000000, 0x0000000708200000|  0%| F|  |TAMS 0x0000000708000000, 0x0000000708000000| Untracked 
|  57|0x0000000708200000, 0x0000000708200000, 0x0000000708400000|  0%| F|  |TAMS 0x0000000708200000, 0x0000000708200000| Untracked 
|  58|0x0000000708400000, 0x0000000708400000, 0x0000000708600000|  0%| F|  |TAMS 0x0000000708400000, 0x0000000708400000| Untracked 
|  59|0x0000000708600000, 0x0000000708600000, 0x0000000708800000|  0%| F|  |TAMS 0x0000000708600000, 0x0000000708600000| Untracked 
|  60|0x0000000708800000, 0x0000000708800000, 0x0000000708a00000|  0%| F|  |TAMS 0x0000000708800000, 0x0000000708800000| Untracked 
|  61|0x0000000708a00000, 0x0000000708a00000, 0x0000000708c00000|  0%| F|  |TAMS 0x0000000708a00000, 0x0000000708a00000| Untracked 
|  62|0x0000000708c00000, 0x0000000708c00000, 0x0000000708e00000|  0%| F|  |TAMS 0x0000000708c00000, 0x0000000708c00000| Untracked 
|  63|0x0000000708e00000, 0x0000000708e00000, 0x0000000709000000|  0%| F|  |TAMS 0x0000000708e00000, 0x0000000708e00000| Untracked 
|  64|0x0000000709000000, 0x0000000709000000, 0x0000000709200000|  0%| F|  |TAMS 0x0000000709000000, 0x0000000709000000| Untracked 
|  65|0x0000000709200000, 0x0000000709200000, 0x0000000709400000|  0%| F|  |TAMS 0x0000000709200000, 0x0000000709200000| Untracked 
|  66|0x0000000709400000, 0x0000000709400000, 0x0000000709600000|  0%| F|  |TAMS 0x0000000709400000, 0x0000000709400000| Untracked 
|  67|0x0000000709600000, 0x0000000709600000, 0x0000000709800000|  0%| F|  |TAMS 0x0000000709600000, 0x0000000709600000| Untracked 
|  68|0x0000000709800000, 0x0000000709800000, 0x0000000709a00000|  0%| F|  |TAMS 0x0000000709800000, 0x0000000709800000| Untracked 
|  69|0x0000000709a00000, 0x0000000709a00000, 0x0000000709c00000|  0%| F|  |TAMS 0x0000000709a00000, 0x0000000709a00000| Untracked 
|  70|0x0000000709c00000, 0x0000000709c00000, 0x0000000709e00000|  0%| F|  |TAMS 0x0000000709c00000, 0x0000000709c00000| Untracked 
|  71|0x0000000709e00000, 0x0000000709e00000, 0x000000070a000000|  0%| F|  |TAMS 0x0000000709e00000, 0x0000000709e00000| Untracked 
|  72|0x000000070a000000, 0x000000070a000000, 0x000000070a200000|  0%| F|  |TAMS 0x000000070a000000, 0x000000070a000000| Untracked 
|  73|0x000000070a200000, 0x000000070a200000, 0x000000070a400000|  0%| F|  |TAMS 0x000000070a200000, 0x000000070a200000| Untracked 
|  74|0x000000070a400000, 0x000000070a400000, 0x000000070a600000|  0%| F|  |TAMS 0x000000070a400000, 0x000000070a400000| Untracked 
|  75|0x000000070a600000, 0x000000070a600000, 0x000000070a800000|  0%| F|  |TAMS 0x000000070a600000, 0x000000070a600000| Untracked 
|  76|0x000000070a800000, 0x000000070a800000, 0x000000070aa00000|  0%| F|  |TAMS 0x000000070a800000, 0x000000070a800000| Untracked 
|  77|0x000000070aa00000, 0x000000070aa00000, 0x000000070ac00000|  0%| F|  |TAMS 0x000000070aa00000, 0x000000070aa00000| Untracked 
|  78|0x000000070ac00000, 0x000000070ac00000, 0x000000070ae00000|  0%| F|  |TAMS 0x000000070ac00000, 0x000000070ac00000| Untracked 
|  79|0x000000070ae00000, 0x000000070ae00000, 0x000000070b000000|  0%| F|  |TAMS 0x000000070ae00000, 0x000000070ae00000| Untracked 
|  80|0x000000070b000000, 0x000000070b000000, 0x000000070b200000|  0%| F|  |TAMS 0x000000070b000000, 0x000000070b000000| Untracked 
|  81|0x000000070b200000, 0x000000070b200000, 0x000000070b400000|  0%| F|  |TAMS 0x000000070b200000, 0x000000070b200000| Untracked 
|  82|0x000000070b400000, 0x000000070b400000, 0x000000070b600000|  0%| F|  |TAMS 0x000000070b400000, 0x000000070b400000| Untracked 
|  83|0x000000070b600000, 0x000000070b600000, 0x000000070b800000|  0%| F|  |TAMS 0x000000070b600000, 0x000000070b600000| Untracked 
|  84|0x000000070b800000, 0x000000070b800000, 0x000000070ba00000|  0%| F|  |TAMS 0x000000070b800000, 0x000000070b800000| Untracked 
|  85|0x000000070ba00000, 0x000000070ba00000, 0x000000070bc00000|  0%| F|  |TAMS 0x000000070ba00000, 0x000000070ba00000| Untracked 
|  86|0x000000070bc00000, 0x000000070bc00000, 0x000000070be00000|  0%| F|  |TAMS 0x000000070bc00000, 0x000000070bc00000| Untracked 
|  87|0x000000070be00000, 0x000000070be00000, 0x000000070c000000|  0%| F|  |TAMS 0x000000070be00000, 0x000000070be00000| Untracked 
|  88|0x000000070c000000, 0x000000070c000000, 0x000000070c200000|  0%| F|  |TAMS 0x000000070c000000, 0x000000070c000000| Untracked 
|  89|0x000000070c200000, 0x000000070c200000, 0x000000070c400000|  0%| F|  |TAMS 0x000000070c200000, 0x000000070c200000| Untracked 
|  90|0x000000070c400000, 0x000000070c400000, 0x000000070c600000|  0%| F|  |TAMS 0x000000070c400000, 0x000000070c400000| Untracked 
|  91|0x000000070c600000, 0x000000070c600000, 0x000000070c800000|  0%| F|  |TAMS 0x000000070c600000, 0x000000070c600000| Untracked 
|  92|0x000000070c800000, 0x000000070c800000, 0x000000070ca00000|  0%| F|  |TAMS 0x000000070c800000, 0x000000070c800000| Untracked 
|  93|0x000000070ca00000, 0x000000070ca00000, 0x000000070cc00000|  0%| F|  |TAMS 0x000000070ca00000, 0x000000070ca00000| Untracked 
|  94|0x000000070cc00000, 0x000000070cc00000, 0x000000070ce00000|  0%| F|  |TAMS 0x000000070cc00000, 0x000000070cc00000| Untracked 
|  95|0x000000070ce00000, 0x000000070ce00000, 0x000000070d000000|  0%| F|  |TAMS 0x000000070ce00000, 0x000000070ce00000| Untracked 
|  96|0x000000070d000000, 0x000000070d000000, 0x000000070d200000|  0%| F|  |TAMS 0x000000070d000000, 0x000000070d000000| Untracked 
|  97|0x000000070d200000, 0x000000070d200000, 0x000000070d400000|  0%| F|  |TAMS 0x000000070d200000, 0x000000070d200000| Untracked 
|  98|0x000000070d400000, 0x000000070d400000, 0x000000070d600000|  0%| F|  |TAMS 0x000000070d400000, 0x000000070d400000| Untracked 
|  99|0x000000070d600000, 0x000000070d600000, 0x000000070d800000|  0%| F|  |TAMS 0x000000070d600000, 0x000000070d600000| Untracked 
| 100|0x000000070d800000, 0x000000070d800000, 0x000000070da00000|  0%| F|  |TAMS 0x000000070d800000, 0x000000070d800000| Untracked 
| 101|0x000000070da00000, 0x000000070da00000, 0x000000070dc00000|  0%| F|  |TAMS 0x000000070da00000, 0x000000070da00000| Untracked 
| 102|0x000000070dc00000, 0x000000070dc00000, 0x000000070de00000|  0%| F|  |TAMS 0x000000070dc00000, 0x000000070dc00000| Untracked 
| 103|0x000000070de00000, 0x000000070de00000, 0x000000070e000000|  0%| F|  |TAMS 0x000000070de00000, 0x000000070de00000| Untracked 
| 104|0x000000070e000000, 0x000000070e000000, 0x000000070e200000|  0%| F|  |TAMS 0x000000070e000000, 0x000000070e000000| Untracked 
| 105|0x000000070e200000, 0x000000070e200000, 0x000000070e400000|  0%| F|  |TAMS 0x000000070e200000, 0x000000070e200000| Untracked 
| 106|0x000000070e400000, 0x000000070e400000, 0x000000070e600000|  0%| F|  |TAMS 0x000000070e400000, 0x000000070e400000| Untracked 
| 107|0x000000070e600000, 0x000000070e600000, 0x000000070e800000|  0%| F|  |TAMS 0x000000070e600000, 0x000000070e600000| Untracked 
| 108|0x000000070e800000, 0x000000070e800000, 0x000000070ea00000|  0%| F|  |TAMS 0x000000070e800000, 0x000000070e800000| Untracked 
| 109|0x000000070ea00000, 0x000000070ea00000, 0x000000070ec00000|  0%| F|  |TAMS 0x000000070ea00000, 0x000000070ea00000| Untracked 
| 110|0x000000070ec00000, 0x000000070ec00000, 0x000000070ee00000|  0%| F|  |TAMS 0x000000070ec00000, 0x000000070ec00000| Untracked 
| 111|0x000000070ee00000, 0x000000070ee00000, 0x000000070f000000|  0%| F|  |TAMS 0x000000070ee00000, 0x000000070ee00000| Untracked 
| 112|0x000000070f000000, 0x000000070f000000, 0x000000070f200000|  0%| F|  |TAMS 0x000000070f000000, 0x000000070f000000| Untracked 
| 113|0x000000070f200000, 0x000000070f200000, 0x000000070f400000|  0%| F|  |TAMS 0x000000070f200000, 0x000000070f200000| Untracked 
| 114|0x000000070f400000, 0x000000070f400000, 0x000000070f600000|  0%| F|  |TAMS 0x000000070f400000, 0x000000070f400000| Untracked 
| 115|0x000000070f600000, 0x000000070f600000, 0x000000070f800000|  0%| F|  |TAMS 0x000000070f600000, 0x000000070f600000| Untracked 
| 116|0x000000070f800000, 0x000000070f800000, 0x000000070fa00000|  0%| F|  |TAMS 0x000000070f800000, 0x000000070f800000| Untracked 
| 117|0x000000070fa00000, 0x000000070fa00000, 0x000000070fc00000|  0%| F|  |TAMS 0x000000070fa00000, 0x000000070fa00000| Untracked 
| 118|0x000000070fc00000, 0x000000070fc00000, 0x000000070fe00000|  0%| F|  |TAMS 0x000000070fc00000, 0x000000070fc00000| Untracked 
| 119|0x000000070fe00000, 0x000000070fe00000, 0x0000000710000000|  0%| F|  |TAMS 0x000000070fe00000, 0x000000070fe00000| Untracked 
| 120|0x0000000710000000, 0x0000000710000000, 0x0000000710200000|  0%| F|  |TAMS 0x0000000710000000, 0x0000000710000000| Untracked 
| 121|0x0000000710200000, 0x0000000710200000, 0x0000000710400000|  0%| F|  |TAMS 0x0000000710200000, 0x0000000710200000| Untracked 
| 122|0x0000000710400000, 0x0000000710400000, 0x0000000710600000|  0%| F|  |TAMS 0x0000000710400000, 0x0000000710400000| Untracked 
| 123|0x0000000710600000, 0x0000000710600000, 0x0000000710800000|  0%| F|  |TAMS 0x0000000710600000, 0x0000000710600000| Untracked 
| 124|0x0000000710800000, 0x0000000710800000, 0x0000000710a00000|  0%| F|  |TAMS 0x0000000710800000, 0x0000000710800000| Untracked 
| 125|0x0000000710a00000, 0x0000000710a00000, 0x0000000710c00000|  0%| F|  |TAMS 0x0000000710a00000, 0x0000000710a00000| Untracked 
| 126|0x0000000710c00000, 0x0000000710c00000, 0x0000000710e00000|  0%| F|  |TAMS 0x0000000710c00000, 0x0000000710c00000| Untracked 
| 127|0x0000000710e00000, 0x0000000710fae418, 0x0000000711000000| 84%| E|  |TAMS 0x0000000710e00000, 0x0000000710e00000| Complete 

Card table byte_map: [0x000001d8747a0000,0x000001d874fa0000] _byte_map_base: 0x000001d870f98000

Marking Bits (Prev, Next): (CMBitMap*) 0x000001d86c6d1890, (CMBitMap*) 0x000001d86c6d18d0
 Prev Bits: [0x000001d8757a0000, 0x000001d879760000)
 Next Bits: [0x000001d879760000, 0x000001d87d720000)

Polling page: 0x000001d86a530000

Metaspace:

Usage:
  Non-class:    314.34 KB used.
      Class:     18.52 KB used.
       Both:    332.85 KB used.

Virtual space:
  Non-class space:       64.00 MB reserved,     384.00 KB ( <1%) committed,  1 nodes.
      Class space:        1.00 GB reserved,     128.00 KB ( <1%) committed,  1 nodes.
             Both:        1.06 GB reserved,     512.00 KB ( <1%) committed. 

Chunk freelists:
   Non-Class:  3.95 MB
       Class:  3.72 MB
        Both:  7.67 MB

MaxMetaspaceSize: unlimited
CompressedClassSpaceSize: 1.00 GB
Initial GC threshold: 21.00 MB
Current GC threshold: 21.00 MB
CDS: on
MetaspaceReclaimPolicy: balanced
 - commit_granule_bytes: 65536.
 - commit_granule_words: 8192.
 - virtual_space_node_default_size: 8388608.
 - enlarge_chunks_in_place: 1.
 - new_chunks_are_fully_committed: 0.
 - uncommit_free_chunks: 1.
 - use_allocation_guard: 0.


Internal statistics:

num_allocs_failed_limit: 0.
num_arena_births: 28.
num_arena_deaths: 0.
num_vsnodes_births: 2.
num_vsnodes_deaths: 0.
num_space_committed: 8.
num_space_uncommitted: 0.
num_chunks_returned_to_freelist: 0.
num_chunks_taken_from_freelist: 36.
num_chunk_merges: 0.
num_chunk_splits: 23.
num_chunks_enlarged: 14.
num_inconsistent_stats: 0.

CodeHeap 'non-profiled nmethods': size=120000Kb used=66Kb max_used=66Kb free=119933Kb
 bounds [0x000001d807ad0000, 0x000001d807d40000, 0x000001d80f000000]
CodeHeap 'profiled nmethods': size=120000Kb used=211Kb max_used=211Kb free=119788Kb
 bounds [0x000001d8005a0000, 0x000001d800810000, 0x000001d807ad0000]
CodeHeap 'non-nmethods': size=5760Kb used=1087Kb max_used=1100Kb free=4672Kb
 bounds [0x000001d800000000, 0x000001d800270000, 0x000001d8005a0000]
 total_blobs=530 nmethods=184 adapters=259
 compilation: enabled
              stopped_count=0, restarted_count=0
 full_count=0

Compilation events (20 events):
Event: 0.098 Thread 0x000001d87fbbaee0 nmethod 161 0x000001d8005c6a90 code [0x000001d8005c6c20, 0x000001d8005c6d78]
Event: 0.098 Thread 0x000001d87fbbaee0  158       3       java.lang.invoke.MemberName::initResolved (53 bytes)
Event: 0.098 Thread 0x000001d87fbbaee0 nmethod 158 0x000001d8005c6e10 code [0x000001d8005c6fa0, 0x000001d8005c7158]
Event: 0.098 Thread 0x000001d87fbbaee0  154       1       java.lang.invoke.MethodType$ConcurrentWeakInternSet$WeakEntry::hashCode (5 bytes)
Event: 0.099 Thread 0x000001d87fbbaee0 nmethod 154 0x000001d807ade110 code [0x000001d807ade2a0, 0x000001d807ade378]
Event: 0.099 Thread 0x000001d87fbbaee0  159       1       sun.invoke.util.Wrapper::basicTypeChar (5 bytes)
Event: 0.099 Thread 0x000001d87fbbaee0 nmethod 159 0x000001d807ade410 code [0x000001d807ade5a0, 0x000001d807ade678]
Event: 0.099 Thread 0x000001d87fbbaee0  166       3       java.lang.invoke.MemberName::testAllFlags (7 bytes)
Event: 0.099 Thread 0x000001d87fbbaee0 nmethod 166 0x000001d8005c7210 code [0x000001d8005c73a0, 0x000001d8005c7578]
Event: 0.099 Thread 0x000001d87fbbaee0  167       3       java.util.Arrays::equals (57 bytes)
Event: 0.099 Thread 0x000001d87fbbaee0 nmethod 167 0x000001d8005c7610 code [0x000001d8005c7800, 0x000001d8005c7de8]
Event: 0.099 Thread 0x000001d87fbbaee0  170       3       java.lang.invoke.LambdaForm::internArgument (85 bytes)
Event: 0.100 Thread 0x000001d87fbbaee0 nmethod 170 0x000001d8005c7f90 code [0x000001d8005c8160, 0x000001d8005c84c8]
Event: 0.100 Thread 0x000001d87fbbaee0  172       3       java.lang.invoke.MethodType::equals (56 bytes)
Event: 0.100 Thread 0x000001d87fbbaee0 nmethod 172 0x000001d8005c8690 code [0x000001d8005c88c0, 0x000001d8005c9478]
Event: 0.100 Thread 0x000001d87fbbaee0  173       1       java.lang.invoke.LambdaForm$BasicType::basicTypeClass (5 bytes)
Event: 0.100 Thread 0x000001d87fbbaee0 nmethod 173 0x000001d807adf610 code [0x000001d807adf7a0, 0x000001d807adf878]
Event: 0.100 Thread 0x000001d87fbbaee0  176       3       java.lang.invoke.MethodType$ConcurrentWeakInternSet::get (47 bytes)
Event: 0.100 Thread 0x000001d87fbbaee0 nmethod 176 0x000001d8005c9610 code [0x000001d8005c9840, 0x000001d8005ca1b8]
Event: 0.100 Thread 0x000001d87fbbaee0  174       3       jdk.internal.org.objectweb.asm.Frame::execute (2305 bytes)

GC Heap History (0 events):
No events

Deoptimization events (0 events):
No events

Classes loaded (10 events):
Event: 0.050 Loading class jdk/internal/loader/URLClassPath$FileLoader
Event: 0.050 Loading class jdk/internal/loader/URLClassPath$FileLoader done
Event: 0.051 Loading class jdk/internal/loader/URLClassPath$FileLoader$1
Event: 0.051 Loading class jdk/internal/loader/URLClassPath$FileLoader$1 done
Event: 0.053 Loading class java/io/FileNotFoundException
Event: 0.053 Loading class java/io/IOException
Event: 0.054 Loading class java/io/IOException done
Event: 0.054 Loading class java/io/FileNotFoundException done
Event: 0.054 Loading class java/security/PrivilegedActionException
Event: 0.054 Loading class java/security/PrivilegedActionException done

Classes unloaded (0 events):
No events

Classes redefined (0 events):
No events

Internal exceptions (0 events):
No events

VM Operations (0 events):
No events

Events (15 events):
Event: 0.006 Loaded shared library C:\Program Files\Java\jdk-18.0.2.1\bin\java.dll
Event: 0.015 Loaded shared library C:\Program Files\Java\jdk-18.0.2.1\bin\jsvml.dll
Event: 0.015 Thread 0x000001d86a689f50 Thread added: 0x000001d86a689f50
Event: 0.017 Thread 0x000001d87fb92070 Thread added: 0x000001d87fb92070
Event: 0.017 Thread 0x000001d87fb92a10 Thread added: 0x000001d87fb92a10
Event: 0.027 Thread 0x000001d87fbaa110 Thread added: 0x000001d87fbaa110
Event: 0.027 Thread 0x000001d87fbaaab0 Thread added: 0x000001d87fbaaab0
Event: 0.027 Thread 0x000001d87fbab450 Thread added: 0x000001d87fbab450
Event: 0.027 Thread 0x000001d87fbaff90 Thread added: 0x000001d87fbaff90
Event: 0.027 Thread 0x000001d87fbb24f0 Thread added: 0x000001d87fbb24f0
Event: 0.027 Thread 0x000001d87fbbaee0 Thread added: 0x000001d87fbbaee0
Event: 0.027 Thread 0x000001d87fbc7000 Thread added: 0x000001d87fbc7000
Event: 0.049 Thread 0x000001d81309cf40 Thread added: 0x000001d81309cf40
Event: 0.052 Thread 0x000001d81309d670 Thread added: 0x000001d81309d670
Event: 0.060 Loaded shared library C:\Users\hmsel\git\CPP\jmtp\cpp\x64\Debug\mtpjava.dll


Dynamic libraries:
0x00007ff73de10000 - 0x00007ff73de20000 	C:\Program Files\Java\jdk-18.0.2.1\bin\java.exe
0x00007ff920490000 - 0x00007ff920688000 	C:\WINDOWS\SYSTEM32\ntdll.dll
0x00007ff920250000 - 0x00007ff92030f000 	C:\WINDOWS\System32\KERNEL32.DLL
0x00007ff91e210000 - 0x00007ff91e4ea000 	C:\WINDOWS\System32\KERNELBASE.dll
0x00007ff91df60000 - 0x00007ff91e060000 	C:\WINDOWS\System32\ucrtbase.dll
0x00007ff8fc310000 - 0x00007ff8fc328000 	C:\Program Files\Java\jdk-18.0.2.1\bin\jli.dll
0x00007ff8fb960000 - 0x00007ff8fb97a000 	C:\Program Files\Java\jdk-18.0.2.1\bin\VCRUNTIME140.dll
0x00007ff91f570000 - 0x00007ff91f61e000 	C:\WINDOWS\System32\ADVAPI32.dll
0x00007ff91ff30000 - 0x00007ff91ffce000 	C:\WINDOWS\System32\msvcrt.dll
0x00007ff9200e0000 - 0x00007ff92017c000 	C:\WINDOWS\System32\sechost.dll
0x00007ff91f370000 - 0x00007ff91f496000 	C:\WINDOWS\System32\RPCRT4.dll
0x00007ff9122c0000 - 0x00007ff91255a000 	C:\WINDOWS\WinSxS\amd64_microsoft.windows.common-controls_6595b64144ccf1df_6.0.19041.1110_none_60b5254171f9507e\COMCTL32.dll
0x00007ff920420000 - 0x00007ff92044b000 	C:\WINDOWS\System32\GDI32.dll
0x00007ff91ec40000 - 0x00007ff91eddd000 	C:\WINDOWS\System32\USER32.dll
0x00007ff91dc30000 - 0x00007ff91dc52000 	C:\WINDOWS\System32\win32u.dll
0x00007ff91e100000 - 0x00007ff91e210000 	C:\WINDOWS\System32\gdi32full.dll
0x00007ff91e060000 - 0x00007ff91e0fd000 	C:\WINDOWS\System32\msvcp_win.dll
0x00007ff916860000 - 0x00007ff91686a000 	C:\WINDOWS\SYSTEM32\VERSION.dll
0x00007ff9200b0000 - 0x00007ff9200e0000 	C:\WINDOWS\System32\IMM32.DLL
0x00007ff90fd30000 - 0x00007ff90fd3c000 	C:\Program Files\Java\jdk-18.0.2.1\bin\vcruntime140_1.dll
0x00007ff88c540000 - 0x00007ff88c5cd000 	C:\Program Files\Java\jdk-18.0.2.1\bin\msvcp140.dll
0x00007ff805b10000 - 0x00007ff806721000 	C:\Program Files\Java\jdk-18.0.2.1\bin\server\jvm.dll
0x00007ff91f560000 - 0x00007ff91f568000 	C:\WINDOWS\System32\PSAPI.DLL
0x00007ff901010000 - 0x00007ff901019000 	C:\WINDOWS\SYSTEM32\WSOCK32.dll
0x00007ff9145f0000 - 0x00007ff914617000 	C:\WINDOWS\SYSTEM32\WINMM.dll
0x00007ff91f620000 - 0x00007ff91f68b000 	C:\WINDOWS\System32\ws2_32.DLL
0x00007ff91c3f0000 - 0x00007ff91c402000 	C:\WINDOWS\SYSTEM32\kernel.appcore.dll
0x00007ff8fdf00000 - 0x00007ff8fdf0a000 	C:\Program Files\Java\jdk-18.0.2.1\bin\jimage.dll
0x00007ff912750000 - 0x00007ff912934000 	C:\WINDOWS\SYSTEM32\DBGHELP.DLL
0x00007ff8f4d90000 - 0x00007ff8f4dc4000 	C:\WINDOWS\SYSTEM32\dbgcore.DLL
0x00007ff91dba0000 - 0x00007ff91dc22000 	C:\WINDOWS\System32\bcryptPrimitives.dll
0x00007ff8fb930000 - 0x00007ff8fb955000 	C:\Program Files\Java\jdk-18.0.2.1\bin\java.dll
0x00007ff88b3e0000 - 0x00007ff88b4b6000 	C:\Program Files\Java\jdk-18.0.2.1\bin\jsvml.dll
0x00007ff91e4f0000 - 0x00007ff91ec34000 	C:\WINDOWS\System32\SHELL32.dll
0x00007ff91bc20000 - 0x00007ff91c3b3000 	C:\WINDOWS\SYSTEM32\windows.storage.dll
0x00007ff91eff0000 - 0x00007ff91f344000 	C:\WINDOWS\System32\combase.dll
0x00007ff91d590000 - 0x00007ff91d5be000 	C:\WINDOWS\SYSTEM32\Wldp.dll
0x00007ff91f4b0000 - 0x00007ff91f55d000 	C:\WINDOWS\System32\SHCORE.dll
0x00007ff9203c0000 - 0x00007ff920415000 	C:\WINDOWS\System32\shlwapi.dll
0x00007ff91dae0000 - 0x00007ff91daff000 	C:\WINDOWS\SYSTEM32\profapi.dll
0x00007ff88c680000 - 0x00007ff88c6cf000 	C:\Users\hmsel\git\CPP\jmtp\cpp\x64\Debug\mtpjava.dll
0x00007ff91fb60000 - 0x00007ff91fc8a000 	C:\WINDOWS\System32\ole32.dll
0x00007ff920180000 - 0x00007ff92024d000 	C:\WINDOWS\System32\OLEAUT32.dll
0x00007ff885790000 - 0x00007ff885872000 	C:\WINDOWS\SYSTEM32\MSVCP140D.dll
0x00007ff8fba80000 - 0x00007ff8fba8f000 	C:\WINDOWS\SYSTEM32\VCRUNTIME140_1D.dll
0x00007ff88c650000 - 0x00007ff88c67b000 	C:\WINDOWS\SYSTEM32\VCRUNTIME140D.dll
0x00007ff86e8b0000 - 0x00007ff86eacf000 	C:\WINDOWS\SYSTEM32\ucrtbased.dll
0x00007ff91b4d0000 - 0x00007ff91b56e000 	C:\WINDOWS\system32\uxtheme.dll
0x00007ff918fc0000 - 0x00007ff918fd1000 	C:\Program Files (x86)\Dexpot\hooxpot64.dll
0x00007ff920310000 - 0x00007ff9203b9000 	C:\WINDOWS\System32\clbcatq.dll
0x00007ff9181d0000 - 0x00007ff918273000 	C:\Windows\System32\PortableDeviceApi.dll
0x00007ff91f690000 - 0x00007ff91faf8000 	C:\WINDOWS\System32\SETUPAPI.dll
0x00007ff91de30000 - 0x00007ff91de7e000 	C:\WINDOWS\System32\cfgmgr32.dll
0x00007ff91de80000 - 0x00007ff91dea7000 	C:\WINDOWS\System32\bcrypt.dll
0x00007ff91d970000 - 0x00007ff91d99c000 	C:\WINDOWS\System32\DEVOBJ.dll
0x00007ff8e3480000 - 0x00007ff8e34b2000 	C:\Windows\System32\PortableDeviceTypes.dll
0x00007ff919650000 - 0x00007ff919746000 	C:\Windows\System32\PROPSYS.dll
0x00007ff91ddc0000 - 0x00007ff91de27000 	C:\WINDOWS\System32\WINTRUST.dll
0x00007ff91dc60000 - 0x00007ff91ddb6000 	C:\WINDOWS\System32\CRYPT32.dll
0x00007ff91d790000 - 0x00007ff91d7a2000 	C:\WINDOWS\System32\MSASN1.dll

dbghelp: loaded successfully - version: 4.0.5 - missing functions: none
symbol engine: initialized successfully - sym options: 0x614 - pdb path: .;C:\Program Files\Java\jdk-18.0.2.1\bin;C:\WINDOWS\SYSTEM32;C:\WINDOWS\WinSxS\amd64_microsoft.windows.common-controls_6595b64144ccf1df_6.0.19041.1110_none_60b5254171f9507e;C:\Program Files\Java\jdk-18.0.2.1\bin\server;C:\Users\hmsel\git\CPP\jmtp\cpp\x64\Debug;C:\Program Files (x86)\Dexpot

VM Arguments:
jvm_args: -Djava.library.path=C:\Users\hmsel\git\CPP\jmtp\cpp\x64\Debug\ -Dfile.encoding=windows-1252 -Duser.country=US -Duser.language=en -Duser.variant 
java_command: Test
java_class_path (initial): C:\Users\hmsel\git\CPP\jmtp\MtpJava\build\classes\java\test;C:\Users\hmsel\git\CPP\jmtp\MtpJava\build\resources\test;C:\Users\hmsel\git\CPP\jmtp\MtpJava\build\classes\java\main;C:\Users\hmsel\git\CPP\jmtp\MtpJava\build\resources\main;C:\Users\hmsel\.gradle\caches\modules-2\files-2.1\org.junit.jupiter\junit-jupiter\5.9.1\9274d3757e224bc02eae367bd481062a263c150b\junit-jupiter-5.9.1.jar;C:\Users\hmsel\.gradle\caches\modules-2\files-2.1\org.junit.jupiter\junit-jupiter-params\5.9.1\ffcd1013edaeee112be11fcddeb38882d79238de\junit-jupiter-params-5.9.1.jar;C:\Users\hmsel\.gradle\caches\modules-2\files-2.1\org.junit.jupiter\junit-jupiter-engine\5.9.1\1bf771097bde296c3ab174861954e8aafaaf2e94\junit-jupiter-engine-5.9.1.jar;C:\Users\hmsel\.gradle\caches\modules-2\files-2.1\org.junit.jupiter\junit-jupiter-api\5.9.1\7bb53fbc0173e9f6a9d21d58297af94b1f2f9ce1\junit-jupiter-api-5.9.1.jar;C:\Users\hmsel\.gradle\caches\modules-2\files-2.1\org.junit.platform\junit-platform-engine\1.9.1\83591e5089d6cea5f324aa3ecca9b19d5a275803\junit-platform-engine-1.9.1.jar;C:\Users\hmsel\.gradle\caches\modules-2\files-2.1\org.junit.platform\junit-platform-commons\1.9.1\3145f821b5cd10abcdc5f925baa5fffa6f1b628f\junit-platform-commons-1.9.1.jar;C:\Users\hmsel\.gradle\caches\modules-2\files-2.1\org.opentest4j\opentest4j\1.2.0\28c11eb91f9b6d8e200631d46e20a7f407f2a046\opentest4j-1.2.0.jar
Launcher Type: SUN_STANDARD

[Global flags]
     intx CICompilerCount                          = 3                                         {product} {ergonomic}
     uint ConcGCThreads                            = 1                                         {product} {ergonomic}
     uint G1ConcRefinementThreads                  = 4                                         {product} {ergonomic}
   size_t G1HeapRegionSize                         = 2097152                                   {product} {ergonomic}
    uintx GCDrainStackTargetSize                   = 64                                        {product} {ergonomic}
   size_t InitialHeapSize                          = 268435456                                 {product} {ergonomic}
   size_t MarkStackSize                            = 4194304                                   {product} {ergonomic}
   size_t MaxHeapSize                              = 4278190080                                {product} {ergonomic}
   size_t MaxNewSize                               = 2566914048                                {product} {ergonomic}
   size_t MinHeapDeltaBytes                        = 2097152                                   {product} {ergonomic}
   size_t MinHeapSize                              = 8388608                                   {product} {ergonomic}
    uintx NonNMethodCodeHeapSize                   = 5832780                                {pd product} {ergonomic}
    uintx NonProfiledCodeHeapSize                  = 122912730                              {pd product} {ergonomic}
    uintx ProfiledCodeHeapSize                     = 122912730                              {pd product} {ergonomic}
    uintx ReservedCodeCacheSize                    = 251658240                              {pd product} {ergonomic}
     bool SegmentedCodeCache                       = true                                      {product} {ergonomic}
   size_t SoftMaxHeapSize                          = 4278190080                             {manageable} {ergonomic}
     bool UseCompressedClassPointers               = true                           {product lp64_product} {ergonomic}
     bool UseCompressedOops                        = true                           {product lp64_product} {ergonomic}
     bool UseG1GC                                  = true                                      {product} {ergonomic}
     bool UseLargePagesIndividualAllocation        = false                                  {pd product} {ergonomic}

Logging:
Log output configuration:
 #0: stdout all=warning uptime,level,tags foldmultilines=false
 #1: stderr all=off uptime,level,tags foldmultilines=false

Environment Variables:
JAVA_HOME=C:\Program Files\Java\jdk-18.0.2.1
PATH=C:\Program Files\Microsoft\jdk-11.0.16.101-hotspot\bin;C:\Program Files\Common Files\Oracle\Java\javapath;C:\Program Files (x86)\Common Files\Oracle\Java\javapath;C:\Windows\system32;C:\Windows;C:\Windows\System32\Wbem;C:\Windows\System32\WindowsPowerShell\v1.0\;C:\Windows\System32\OpenSSH\;"C:\Program Files\NVIDIA Corporation\NVIDIA NvDLISR;C:\Program Files (x86)\NVIDIA Corporation\PhysX\Common;C:\WINDOWS\system32;C:\WINDOWS;C:\WINDOWS\System32\Wbem;C:\WINDOWS\System32\WindowsPowerShell\v1.0\;C:\WINDOWS\Sys";C:\Program Files (x86)\Windows Kits\10\Windows Performance Toolkit\;C:\Program Files\dotnet\;C:\Program Files\NVIDIA Corporation\NVIDIA NvDLISR;C:\Program Files (x86)\NVIDIA Corporation\PhysX\Common;C:\Program Files\Microsoft SQL Server\150\Tools\Binn\;C:\mingw64;C:\mingw64\bin;C:\Program Files\Git\cmd;C:\Program Files\CMake\bin;C:\Program Files\PuTTY\;C:\Users\hmsel\AppData\Local\Microsoft\WindowsApps;C:\Users\hmsel\AppData\Local\GitHubDesktop\bin;C:\Users\hmsel\AppData\Local\atom\bin;C:\Users\hmsel\AppData\Local\Microsoft\WindowsApps;C:\Users\hmsel\gradle\gradle-7.5.1\bin;C:\Users\hmsel\.dotnet\tools;C:\Program Files\Maven\apache-maven-3.9.1\bin;
USERNAME=hms11
OS=Windows_NT
PROCESSOR_IDENTIFIER=Intel64 Family 6 Model 60 Stepping 3, GenuineIntel



---------------  S Y S T E M  ---------------

OS:
 Windows 10 , 64 bit Build 19041 (10.0.19041.2788)
OS uptime: 3 days 17:13 hours

CPU: total 4 (initial active 4) (4 cores per cpu, 1 threads per core) family 6 model 60 stepping 3 microcode 0x27, cx8, cmov, fxsr, mmx, sse, sse2, sse3, ssse3, sse4.1, sse4.2, popcnt, lzcnt, tsc, tscinvbit, avx, avx2, aes, erms, clmul, bmi1, bmi2, fma, vzeroupper, clflush

Memory: 4k page, system-wide physical 16318M (4320M free)
TotalPageFile size 32702M (AvailPageFile size 9793M)
current process WorkingSet (physical memory assigned to process): 34M, peak: 34M
current process commit charge ("private bytes"): 336M, peak: 336M

vm_info: Java HotSpot(TM) 64-Bit Server VM (18.0.2.1+1-1) for windows-amd64 JRE (18.0.2.1+1-1), built on Aug 16 2022 01:46:33 by "mach5one" with MS VC++ 16.8 / 16.9 (VS2019)

END.
