#
# A fatal error has been detected by the Java Runtime Environment:
#
#  EXCEPTION_ACCESS_VIOLATION (0xc0000005) at pc=0x00007ffa3c8a2367, pid=13908, tid=16628
#
# JRE version: Java(TM) SE Runtime Environment (18.0.2.1+1) (build 18.0.2.1+1-1)
# Java VM: Java HotSpot(TM) 64-Bit Server VM (18.0.2.1+1-1, mixed mode, sharing, tiered, compressed oops, compressed class ptrs, g1 gc, windows-amd64)
# Problematic frame:
# C  [PortableDeviceTypes.dll+0x12367]
#
# No core dump will be written. Minidumps are not enabled by default on client versions of Windows
#
# If you would like to submit a bug report, please visit:
#   https://bugreport.java.com/bugreport/crash.jsp
# The crash happened outside the Java Virtual Machine in native code.
# See problematic frame for where to report the bug.
#

---------------  S U M M A R Y ------------

Command Line: -Djava.library.path=C:\Users\hmsel\git\CPP\jmtp\cpp\x64\Debug\ -Dfile.encoding=windows-1252 -Duser.country=US -Duser.language=en -Duser.variant Test

Host: Intel(R) Core(TM) i5-4460  CPU @ 3.20GHz, 4 cores, 15G,  Windows 10 , 64 bit Build 19041 (10.0.19041.2788)
Time: Sat Apr 29 20:42:33 2023 Jerusalem Daylight Time elapsed time: 0.133868 seconds (0d 0h 0m 0s)

---------------  T H R E A D  ---------------

Current thread (0x00000229457713b0):  JavaThread "main" [_thread_in_native, id=16628, stack(0x0000006a7c900000,0x0000006a7ca00000)]

Stack: [0x0000006a7c900000,0x0000006a7ca00000],  sp=0x0000006a7c9feee0,  free space=1019k
Native frames: (J=compiled Java code, j=interpreted, Vv=VM code, C=native code)
C  [PortableDeviceTypes.dll+0x12367]

Java frames: (J=compiled Java code, j=interpreted, Vv=VM code)
j  com.github.hms11rn.mtp.win32.content.PortableDeviceObjectWin32.getProperties()Ljava/util/Map;+0
j  Test.main([Ljava/lang/String;)V+254
v  ~StubRoutines::call_stub

siginfo: EXCEPTION_ACCESS_VIOLATION (0xc0000005), reading address 0xffffffffffffffff


Register to memory mapping:

RIP=0x00007ffa3c8a2367 PortableDeviceTypes.dll
RAX=0x47ced0170c15d503 is an unknown value
RBX={method} {0x000002296840f388} 'getProperties' '()Ljava/util/Map;' in 'com/github/hms11rn/mtp/win32/content/PortableDeviceObjectWin32'
RCX=0x000002296c0b7670 points into unknown readable memory: 0x47ced0170c15d503 | 03 d5 15 0c 17 d0 ce 47
RDX=0x0000006a7c9fef60 is pointing into the stack for thread: 0x00000229457713b0
RSP=0x0000006a7c9feee0 is pointing into the stack for thread: 0x00000229457713b0
RBP=0x0000006a7c9fef80 is pointing into the stack for thread: 0x00000229457713b0
RSI=0x000002294379bb20 points into unknown readable memory: 0x00007ffa3c8a4248 | 48 42 8a 3c fa 7f 00 00
RDI=0x0000006a7c9ff028 is pointing into the stack for thread: 0x00000229457713b0
R8 =0x0000000000000004 is an unknown value
R9 =0x0000006a7c9fef68 is pointing into the stack for thread: 0x00000229457713b0
R10=0x000000000000001a is an unknown value
R11=0x0000000000000246 is an unknown value
R12=0x0 is NULL
R13=0x000002296840f378 is pointing into metadata
R14=0x000002296c0b7670 points into unknown readable memory: 0x47ced0170c15d503 | 03 d5 15 0c 17 d0 ce 47
R15=0x00000229457713b0 is a thread


Registers:
RAX=0x47ced0170c15d503, RBX=0x000002296840f380, RCX=0x000002296c0b7670, RDX=0x0000006a7c9fef60
RSP=0x0000006a7c9feee0, RBP=0x0000006a7c9fef80, RSI=0x000002294379bb20, RDI=0x0000006a7c9ff028
R8 =0x0000000000000004, R9 =0x0000006a7c9fef68, R10=0x000000000000001a, R11=0x0000000000000246
R12=0x0000000000000000, R13=0x000002296840f378, R14=0x000002296c0b7670, R15=0x00000229457713b0
RIP=0x00007ffa3c8a2367, EFLAGS=0x0000000000010202

Top of Stack: (sp=0x0000006a7c9feee0)
0x0000006a7c9feee0:   0000022967cab140 00007ffa3c894122
0x0000006a7c9feef0:   00007ffa9f153040 000002016840f100
0x0000006a7c9fef00:   00007ffa9f153040 0000006a7c9ff028
0x0000006a7c9fef10:   0000006a7c9fef80 fffffffffffffffe
0x0000006a7c9fef20:   000002294379bb90 00007ffa9f153001
0x0000006a7c9fef30:   00000229457713b0 0000006a7c9ff298
0x0000006a7c9fef40:   0000000000000000 0000006a7c9ff028
0x0000006a7c9fef50:   000000000000047a 00007ffab7de1215
0x0000006a7c9fef60:   00007ffa00000000 00007ffa00000000
0x0000006a7c9fef70:   0000000000000051 000002296840f380
0x0000006a7c9fef80:   cccccccccccccccc 000002294379bb20
0x0000006a7c9fef90:   cccccccccccccccc cccccccccccccccc
0x0000006a7c9fefa0:   cccccccccccccccc 0000000000000000
0x0000006a7c9fefb0:   cccccccccccccccc cccccccccccccccc
0x0000006a7c9fefc0:   00000000cccccccc cccccccccccccccc
0x0000006a7c9fefd0:   cccccccccccccccc cccccccccccccccc 

Instructions: (pc=0x00007ffa3c8a2367)
0x00007ffa3c8a2267:   15 ac 6c 00 00 0f 1f 44 00 00 8b c8 e8 d8 41 ff
0x00007ffa3c8a2277:   ff 48 8b 0f 48 ff 15 be 6c 00 00 0f 1f 44 00 00
0x00007ffa3c8a2287:   48 89 37 48 89 5f 10 b0 01 48 8b 5c 24 30 48 8b
0x00007ffa3c8a2297:   74 24 38 48 83 c4 20 5f c3 cc cc cc cc cc cc cc
0x00007ffa3c8a22a7:   cc cc cc cc cc cc cc cc cc 48 8b c4 56 57 41 54
0x00007ffa3c8a22b7:   41 56 41 57 48 83 ec 50 48 c7 40 c0 fe ff ff ff
0x00007ffa3c8a22c7:   48 89 58 20 4c 8b f2 48 8b f1 83 60 08 00 83 60
0x00007ffa3c8a22d7:   10 00 48 8d 51 70 48 8d 48 c8 e8 22 1e ff ff 90
0x00007ffa3c8a22e7:   4d 85 f6 75 5f 48 8d 3d 0d ed 00 00 48 8b 0d 06
0x00007ffa3c8a22f7:   ed 00 00 48 3b cf 74 2a 80 79 19 03 72 24 f7 41
0x00007ffa3c8a2307:   1c 00 00 08 00 74 1b 41 8d 56 0b 41 b9 03 40 00
0x00007ffa3c8a2317:   80 4c 8d 05 09 9e 00 00 48 8b 49 10 e8 28 ab ff
0x00007ffa3c8a2327:   ff 90 80 7c 24 48 00 74 11 48 8b 4c 24 40 48 ff
0x00007ffa3c8a2337:   15 e4 6a 00 00 0f 1f 44 00 00 b8 03 40 00 80 e9
0x00007ffa3c8a2347:   57 01 00 00 49 8b 06 4c 8d 8c 24 88 00 00 00 41
0x00007ffa3c8a2357:   b8 04 00 00 00 48 8d 94 24 80 00 00 00 49 8b ce
0x00007ffa3c8a2367:   48 8b 40 18 ff 15 1f 6c 00 00 8b d8 85 c0 75 13
0x00007ffa3c8a2377:   83 bc 24 88 00 00 00 04 75 09 48 8d 3d 78 ec 00
0x00007ffa3c8a2387:   00 eb 4f 85 db 79 3c 48 8d 3d 6b ec 00 00 48 8b
0x00007ffa3c8a2397:   0d 64 ec 00 00 48 3b cf 74 30 80 79 19 03 72 2a
0x00007ffa3c8a23a7:   f7 41 1c 00 00 08 00 74 21 ba 0c 00 00 00 44 8b
0x00007ffa3c8a23b7:   cb 4c 8d 05 69 9d 00 00 48 8b 49 10 e8 88 aa ff
0x00007ffa3c8a23c7:   ff eb 07 48 8d 3d 2f ec 00 00 85 db 0f 85 af 00
0x00007ffa3c8a23d7:   00 00 48 8d 4e 08 48 8b 01 48 8b 80 50 01 00 00
0x00007ffa3c8a23e7:   ff 15 a3 6b 00 00 8b d8 85 c0 0f 85 91 00 00 00
0x00007ffa3c8a23f7:   4c 8d 7e 50 8b 94 24 80 00 00 00 49 8b cf e8 0a
0x00007ffa3c8a2407:   07 00 00 33 f6 3b b4 24 80 00 00 00 73 73 44 8b
0x00007ffa3c8a2417:   e6 8b d6 49 8b cf e8 fe d6 ff ff 48 8b d0 49 8b
0x00007ffa3c8a2427:   ce e8 53 bc ff ff 8b d8 85 c0 75 19 41 8b d4 49
0x00007ffa3c8a2437:   8b cf e8 e2 d6 ff ff 48 8d 50 18 49 8b ce e8 b2
0x00007ffa3c8a2447:   ba ff ff 8b d8 85 db 79 2d 48 8b 0d a9 eb 00 00
0x00007ffa3c8a2457:   48 3b cf 74 1f f6 41 1c 02 74 19 ba 0d 00 00 00 


Stack slot to memory mapping:
stack at sp + 0 slots: 0x0000022967cab140 points into unknown readable memory: 0x00007ffa9f119948 | 48 99 11 9f fa 7f 00 00
stack at sp + 1 slots: 0x00007ffa3c894122 PortableDeviceTypes.dll
stack at sp + 2 slots: 0x00007ffa9f153040 MSVCP140D.dll
stack at sp + 3 slots: 0x000002016840f100 is an unknown value
stack at sp + 4 slots: 0x00007ffa9f153040 MSVCP140D.dll
stack at sp + 5 slots: 0x0000006a7c9ff028 is pointing into the stack for thread: 0x00000229457713b0
stack at sp + 6 slots: 0x0000006a7c9fef80 is pointing into the stack for thread: 0x00000229457713b0
stack at sp + 7 slots: 0xfffffffffffffffe is an unknown value


---------------  P R O C E S S  ---------------

Threads class SMR info:
_java_thread_list=0x000002296c081020, length=12, elements={
0x00000229457713b0, 0x0000022967cafae0, 0x0000022967cb0740, 0x0000022967cc9ac0,
0x0000022967cca460, 0x0000022967ccae00, 0x0000022967ccd7b0, 0x0000022967cd1980,
0x0000022967cda370, 0x0000022967cddd70, 0x000002296c09b580, 0x000002296c0a2490
}

Java Threads: ( => current thread )
=>0x00000229457713b0 JavaThread "main" [_thread_in_native, id=16628, stack(0x0000006a7c900000,0x0000006a7ca00000)]
  0x0000022967cafae0 JavaThread "Reference Handler" daemon [_thread_blocked, id=16224, stack(0x0000006a7d000000,0x0000006a7d100000)]
  0x0000022967cb0740 JavaThread "Finalizer" daemon [_thread_blocked, id=16992, stack(0x0000006a7d100000,0x0000006a7d200000)]
  0x0000022967cc9ac0 JavaThread "Signal Dispatcher" daemon [_thread_blocked, id=16740, stack(0x0000006a7d200000,0x0000006a7d300000)]
  0x0000022967cca460 JavaThread "Attach Listener" daemon [_thread_blocked, id=8652, stack(0x0000006a7d300000,0x0000006a7d400000)]
  0x0000022967ccae00 JavaThread "Service Thread" daemon [_thread_blocked, id=17724, stack(0x0000006a7d400000,0x0000006a7d500000)]
  0x0000022967ccd7b0 JavaThread "Monitor Deflation Thread" daemon [_thread_blocked, id=4892, stack(0x0000006a7d500000,0x0000006a7d600000)]
  0x0000022967cd1980 JavaThread "C2 CompilerThread0" daemon [_thread_blocked, id=17928, stack(0x0000006a7d600000,0x0000006a7d700000)]
  0x0000022967cda370 JavaThread "C1 CompilerThread0" daemon [_thread_blocked, id=13452, stack(0x0000006a7d700000,0x0000006a7d800000)]
  0x0000022967cddd70 JavaThread "Sweeper thread" daemon [_thread_blocked, id=240, stack(0x0000006a7d800000,0x0000006a7d900000)]
  0x000002296c09b580 JavaThread "Notification Thread" daemon [_thread_blocked, id=17600, stack(0x0000006a7d900000,0x0000006a7da00000)]
  0x000002296c0a2490 JavaThread "Common-Cleaner" daemon [_thread_blocked, id=8916, stack(0x0000006a7db00000,0x0000006a7dc00000)]

Other Threads:
  0x00000229458025e0 VMThread "VM Thread" [stack: 0x0000006a7cf00000,0x0000006a7d000000] [id=17012]
  0x000002296c09e060 WatcherThread "VM Periodic Task Thread" [stack: 0x0000006a7da00000,0x0000006a7db00000] [id=17732]
  0x00000229457e1010 WorkerThread "GC Thread#0" [stack: 0x0000006a7ca00000,0x0000006a7cb00000] [id=9044]
  0x00000229457f2e50 ConcurrentGCThread "G1 Main Marker" [stack: 0x0000006a7cb00000,0x0000006a7cc00000] [id=17312]
  0x00000229457f3fe0 WorkerThread "G1 Conc#0" [stack: 0x0000006a7cc00000,0x0000006a7cd00000] [id=18316]
  0x0000022945834840 ConcurrentGCThread "G1 Refine#0" [stack: 0x0000006a7cd00000,0x0000006a7ce00000] [id=16200]
  0x0000022945835150 ConcurrentGCThread "G1 Service" [stack: 0x0000006a7ce00000,0x0000006a7cf00000] [id=11624]

Threads with active compile tasks:

VM state: not at safepoint (normal execution)

VM Mutex/Monitor currently owned by a thread: None

Heap address: 0x0000000701000000, size: 4080 MB, Compressed Oops mode: Zero based, Oop shift amount: 3

CDS archive(s) mapped at: [0x0000000800000000-0x0000000800ba0000-0x0000000800ba0000), size 12189696, SharedBaseAddress: 0x0000000800000000, ArchiveRelocationMode: 0.
Compressed class space mapped at: 0x0000000800c00000-0x0000000840c00000, reserved size: 1073741824
Narrow klass base: 0x0000000800000000, Narrow klass shift: 0, Narrow klass range: 0x100000000

GC Precious Log:
 CardTable entry size: 512
 Card Set container configuration: InlinePtr #cards 4 size 8 Array Of Cards #cards 16 size 48 Howl #buckets 8 coarsen threshold 3686 Howl Bitmap #cards 512 size 80 coarsen threshold 460 Card regions per heap region 1 cards per card region 4096
 CPUs: 4 total, 4 available
 Memory: 16318M
 Large Page Support: Disabled
 NUMA Support: Disabled
 Compressed Oops: Enabled (Zero based)
 Heap Region Size: 2M
 Heap Min Capacity: 8M
 Heap Initial Capacity: 256M
 Heap Max Capacity: 4080M
 Pre-touch: Disabled
 Parallel Workers: 4
 Concurrent Workers: 1
 Concurrent Refinement Workers: 4
 Periodic GC: Disabled

Heap:
 garbage-first heap   total 262144K, used 0K [0x0000000701000000, 0x0000000800000000)
  region size 2048K, 1 young (2048K), 0 survivors (0K)
 Metaspace       used 342K, committed 512K, reserved 1114112K
  class space    used 20K, committed 128K, reserved 1048576K

Heap Regions: E=young(eden), S=young(survivor), O=old, HS=humongous(starts), HC=humongous(continues), CS=collection set, F=free, OA=open archive, CA=closed archive, TAMS=top-at-mark-start (previous, next)
|   0|0x0000000701000000, 0x0000000701000000, 0x0000000701200000|  0%| F|  |TAMS 0x0000000701000000, 0x0000000701000000| Untracked 
|   1|0x0000000701200000, 0x0000000701200000, 0x0000000701400000|  0%| F|  |TAMS 0x0000000701200000, 0x0000000701200000| Untracked 
|   2|0x0000000701400000, 0x0000000701400000, 0x0000000701600000|  0%| F|  |TAMS 0x0000000701400000, 0x0000000701400000| Untracked 
|   3|0x0000000701600000, 0x0000000701600000, 0x0000000701800000|  0%| F|  |TAMS 0x0000000701600000, 0x0000000701600000| Untracked 
|   4|0x0000000701800000, 0x0000000701800000, 0x0000000701a00000|  0%| F|  |TAMS 0x0000000701800000, 0x0000000701800000| Untracked 
|   5|0x0000000701a00000, 0x0000000701a00000, 0x0000000701c00000|  0%| F|  |TAMS 0x0000000701a00000, 0x0000000701a00000| Untracked 
|   6|0x0000000701c00000, 0x0000000701c00000, 0x0000000701e00000|  0%| F|  |TAMS 0x0000000701c00000, 0x0000000701c00000| Untracked 
|   7|0x0000000701e00000, 0x0000000701e00000, 0x0000000702000000|  0%| F|  |TAMS 0x0000000701e00000, 0x0000000701e00000| Untracked 
|   8|0x0000000702000000, 0x0000000702000000, 0x0000000702200000|  0%| F|  |TAMS 0x0000000702000000, 0x0000000702000000| Untracked 
|   9|0x0000000702200000, 0x0000000702200000, 0x0000000702400000|  0%| F|  |TAMS 0x0000000702200000, 0x0000000702200000| Untracked 
|  10|0x0000000702400000, 0x0000000702400000, 0x0000000702600000|  0%| F|  |TAMS 0x0000000702400000, 0x0000000702400000| Untracked 
|  11|0x0000000702600000, 0x0000000702600000, 0x0000000702800000|  0%| F|  |TAMS 0x0000000702600000, 0x0000000702600000| Untracked 
|  12|0x0000000702800000, 0x0000000702800000, 0x0000000702a00000|  0%| F|  |TAMS 0x0000000702800000, 0x0000000702800000| Untracked 
|  13|0x0000000702a00000, 0x0000000702a00000, 0x0000000702c00000|  0%| F|  |TAMS 0x0000000702a00000, 0x0000000702a00000| Untracked 
|  14|0x0000000702c00000, 0x0000000702c00000, 0x0000000702e00000|  0%| F|  |TAMS 0x0000000702c00000, 0x0000000702c00000| Untracked 
|  15|0x0000000702e00000, 0x0000000702e00000, 0x0000000703000000|  0%| F|  |TAMS 0x0000000702e00000, 0x0000000702e00000| Untracked 
|  16|0x0000000703000000, 0x0000000703000000, 0x0000000703200000|  0%| F|  |TAMS 0x0000000703000000, 0x0000000703000000| Untracked 
|  17|0x0000000703200000, 0x0000000703200000, 0x0000000703400000|  0%| F|  |TAMS 0x0000000703200000, 0x0000000703200000| Untracked 
|  18|0x0000000703400000, 0x0000000703400000, 0x0000000703600000|  0%| F|  |TAMS 0x0000000703400000, 0x0000000703400000| Untracked 
|  19|0x0000000703600000, 0x0000000703600000, 0x0000000703800000|  0%| F|  |TAMS 0x0000000703600000, 0x0000000703600000| Untracked 
|  20|0x0000000703800000, 0x0000000703800000, 0x0000000703a00000|  0%| F|  |TAMS 0x0000000703800000, 0x0000000703800000| Untracked 
|  21|0x0000000703a00000, 0x0000000703a00000, 0x0000000703c00000|  0%| F|  |TAMS 0x0000000703a00000, 0x0000000703a00000| Untracked 
|  22|0x0000000703c00000, 0x0000000703c00000, 0x0000000703e00000|  0%| F|  |TAMS 0x0000000703c00000, 0x0000000703c00000| Untracked 
|  23|0x0000000703e00000, 0x0000000703e00000, 0x0000000704000000|  0%| F|  |TAMS 0x0000000703e00000, 0x0000000703e00000| Untracked 
|  24|0x0000000704000000, 0x0000000704000000, 0x0000000704200000|  0%| F|  |TAMS 0x0000000704000000, 0x0000000704000000| Untracked 
|  25|0x0000000704200000, 0x0000000704200000, 0x0000000704400000|  0%| F|  |TAMS 0x0000000704200000, 0x0000000704200000| Untracked 
|  26|0x0000000704400000, 0x0000000704400000, 0x0000000704600000|  0%| F|  |TAMS 0x0000000704400000, 0x0000000704400000| Untracked 
|  27|0x0000000704600000, 0x0000000704600000, 0x0000000704800000|  0%| F|  |TAMS 0x0000000704600000, 0x0000000704600000| Untracked 
|  28|0x0000000704800000, 0x0000000704800000, 0x0000000704a00000|  0%| F|  |TAMS 0x0000000704800000, 0x0000000704800000| Untracked 
|  29|0x0000000704a00000, 0x0000000704a00000, 0x0000000704c00000|  0%| F|  |TAMS 0x0000000704a00000, 0x0000000704a00000| Untracked 
|  30|0x0000000704c00000, 0x0000000704c00000, 0x0000000704e00000|  0%| F|  |TAMS 0x0000000704c00000, 0x0000000704c00000| Untracked 
|  31|0x0000000704e00000, 0x0000000704e00000, 0x0000000705000000|  0%| F|  |TAMS 0x0000000704e00000, 0x0000000704e00000| Untracked 
|  32|0x0000000705000000, 0x0000000705000000, 0x0000000705200000|  0%| F|  |TAMS 0x0000000705000000, 0x0000000705000000| Untracked 
|  33|0x0000000705200000, 0x0000000705200000, 0x0000000705400000|  0%| F|  |TAMS 0x0000000705200000, 0x0000000705200000| Untracked 
|  34|0x0000000705400000, 0x0000000705400000, 0x0000000705600000|  0%| F|  |TAMS 0x0000000705400000, 0x0000000705400000| Untracked 
|  35|0x0000000705600000, 0x0000000705600000, 0x0000000705800000|  0%| F|  |TAMS 0x0000000705600000, 0x0000000705600000| Untracked 
|  36|0x0000000705800000, 0x0000000705800000, 0x0000000705a00000|  0%| F|  |TAMS 0x0000000705800000, 0x0000000705800000| Untracked 
|  37|0x0000000705a00000, 0x0000000705a00000, 0x0000000705c00000|  0%| F|  |TAMS 0x0000000705a00000, 0x0000000705a00000| Untracked 
|  38|0x0000000705c00000, 0x0000000705c00000, 0x0000000705e00000|  0%| F|  |TAMS 0x0000000705c00000, 0x0000000705c00000| Untracked 
|  39|0x0000000705e00000, 0x0000000705e00000, 0x0000000706000000|  0%| F|  |TAMS 0x0000000705e00000, 0x0000000705e00000| Untracked 
|  40|0x0000000706000000, 0x0000000706000000, 0x0000000706200000|  0%| F|  |TAMS 0x0000000706000000, 0x0000000706000000| Untracked 
|  41|0x0000000706200000, 0x0000000706200000, 0x0000000706400000|  0%| F|  |TAMS 0x0000000706200000, 0x0000000706200000| Untracked 
|  42|0x0000000706400000, 0x0000000706400000, 0x0000000706600000|  0%| F|  |TAMS 0x0000000706400000, 0x0000000706400000| Untracked 
|  43|0x0000000706600000, 0x0000000706600000, 0x0000000706800000|  0%| F|  |TAMS 0x0000000706600000, 0x0000000706600000| Untracked 
|  44|0x0000000706800000, 0x0000000706800000, 0x0000000706a00000|  0%| F|  |TAMS 0x0000000706800000, 0x0000000706800000| Untracked 
|  45|0x0000000706a00000, 0x0000000706a00000, 0x0000000706c00000|  0%| F|  |TAMS 0x0000000706a00000, 0x0000000706a00000| Untracked 
|  46|0x0000000706c00000, 0x0000000706c00000, 0x0000000706e00000|  0%| F|  |TAMS 0x0000000706c00000, 0x0000000706c00000| Untracked 
|  47|0x0000000706e00000, 0x0000000706e00000, 0x0000000707000000|  0%| F|  |TAMS 0x0000000706e00000, 0x0000000706e00000| Untracked 
|  48|0x0000000707000000, 0x0000000707000000, 0x0000000707200000|  0%| F|  |TAMS 0x0000000707000000, 0x0000000707000000| Untracked 
|  49|0x0000000707200000, 0x0000000707200000, 0x0000000707400000|  0%| F|  |TAMS 0x0000000707200000, 0x0000000707200000| Untracked 
|  50|0x0000000707400000, 0x0000000707400000, 0x0000000707600000|  0%| F|  |TAMS 0x0000000707400000, 0x0000000707400000| Untracked 
|  51|0x0000000707600000, 0x0000000707600000, 0x0000000707800000|  0%| F|  |TAMS 0x0000000707600000, 0x0000000707600000| Untracked 
|  52|0x0000000707800000, 0x0000000707800000, 0x0000000707a00000|  0%| F|  |TAMS 0x0000000707800000, 0x0000000707800000| Untracked 
|  53|0x0000000707a00000, 0x0000000707a00000, 0x0000000707c00000|  0%| F|  |TAMS 0x0000000707a00000, 0x0000000707a00000| Untracked 
|  54|0x0000000707c00000, 0x0000000707c00000, 0x0000000707e00000|  0%| F|  |TAMS 0x0000000707c00000, 0x0000000707c00000| Untracked 
|  55|0x0000000707e00000, 0x0000000707e00000, 0x0000000708000000|  0%| F|  |TAMS 0x0000000707e00000, 0x0000000707e00000| Untracked 
|  56|0x0000000708000000, 0x0000000708000000, 0x0000000708200000|  0%| F|  |TAMS 0x0000000708000000, 0x0000000708000000| Untracked 
|  57|0x0000000708200000, 0x0000000708200000, 0x0000000708400000|  0%| F|  |TAMS 0x0000000708200000, 0x0000000708200000| Untracked 
|  58|0x0000000708400000, 0x0000000708400000, 0x0000000708600000|  0%| F|  |TAMS 0x0000000708400000, 0x0000000708400000| Untracked 
|  59|0x0000000708600000, 0x0000000708600000, 0x0000000708800000|  0%| F|  |TAMS 0x0000000708600000, 0x0000000708600000| Untracked 
|  60|0x0000000708800000, 0x0000000708800000, 0x0000000708a00000|  0%| F|  |TAMS 0x0000000708800000, 0x0000000708800000| Untracked 
|  61|0x0000000708a00000, 0x0000000708a00000, 0x0000000708c00000|  0%| F|  |TAMS 0x0000000708a00000, 0x0000000708a00000| Untracked 
|  62|0x0000000708c00000, 0x0000000708c00000, 0x0000000708e00000|  0%| F|  |TAMS 0x0000000708c00000, 0x0000000708c00000| Untracked 
|  63|0x0000000708e00000, 0x0000000708e00000, 0x0000000709000000|  0%| F|  |TAMS 0x0000000708e00000, 0x0000000708e00000| Untracked 
|  64|0x0000000709000000, 0x0000000709000000, 0x0000000709200000|  0%| F|  |TAMS 0x0000000709000000, 0x0000000709000000| Untracked 
|  65|0x0000000709200000, 0x0000000709200000, 0x0000000709400000|  0%| F|  |TAMS 0x0000000709200000, 0x0000000709200000| Untracked 
|  66|0x0000000709400000, 0x0000000709400000, 0x0000000709600000|  0%| F|  |TAMS 0x0000000709400000, 0x0000000709400000| Untracked 
|  67|0x0000000709600000, 0x0000000709600000, 0x0000000709800000|  0%| F|  |TAMS 0x0000000709600000, 0x0000000709600000| Untracked 
|  68|0x0000000709800000, 0x0000000709800000, 0x0000000709a00000|  0%| F|  |TAMS 0x0000000709800000, 0x0000000709800000| Untracked 
|  69|0x0000000709a00000, 0x0000000709a00000, 0x0000000709c00000|  0%| F|  |TAMS 0x0000000709a00000, 0x0000000709a00000| Untracked 
|  70|0x0000000709c00000, 0x0000000709c00000, 0x0000000709e00000|  0%| F|  |TAMS 0x0000000709c00000, 0x0000000709c00000| Untracked 
|  71|0x0000000709e00000, 0x0000000709e00000, 0x000000070a000000|  0%| F|  |TAMS 0x0000000709e00000, 0x0000000709e00000| Untracked 
|  72|0x000000070a000000, 0x000000070a000000, 0x000000070a200000|  0%| F|  |TAMS 0x000000070a000000, 0x000000070a000000| Untracked 
|  73|0x000000070a200000, 0x000000070a200000, 0x000000070a400000|  0%| F|  |TAMS 0x000000070a200000, 0x000000070a200000| Untracked 
|  74|0x000000070a400000, 0x000000070a400000, 0x000000070a600000|  0%| F|  |TAMS 0x000000070a400000, 0x000000070a400000| Untracked 
|  75|0x000000070a600000, 0x000000070a600000, 0x000000070a800000|  0%| F|  |TAMS 0x000000070a600000, 0x000000070a600000| Untracked 
|  76|0x000000070a800000, 0x000000070a800000, 0x000000070aa00000|  0%| F|  |TAMS 0x000000070a800000, 0x000000070a800000| Untracked 
|  77|0x000000070aa00000, 0x000000070aa00000, 0x000000070ac00000|  0%| F|  |TAMS 0x000000070aa00000, 0x000000070aa00000| Untracked 
|  78|0x000000070ac00000, 0x000000070ac00000, 0x000000070ae00000|  0%| F|  |TAMS 0x000000070ac00000, 0x000000070ac00000| Untracked 
|  79|0x000000070ae00000, 0x000000070ae00000, 0x000000070b000000|  0%| F|  |TAMS 0x000000070ae00000, 0x000000070ae00000| Untracked 
|  80|0x000000070b000000, 0x000000070b000000, 0x000000070b200000|  0%| F|  |TAMS 0x000000070b000000, 0x000000070b000000| Untracked 
|  81|0x000000070b200000, 0x000000070b200000, 0x000000070b400000|  0%| F|  |TAMS 0x000000070b200000, 0x000000070b200000| Untracked 
|  82|0x000000070b400000, 0x000000070b400000, 0x000000070b600000|  0%| F|  |TAMS 0x000000070b400000, 0x000000070b400000| Untracked 
|  83|0x000000070b600000, 0x000000070b600000, 0x000000070b800000|  0%| F|  |TAMS 0x000000070b600000, 0x000000070b600000| Untracked 
|  84|0x000000070b800000, 0x000000070b800000, 0x000000070ba00000|  0%| F|  |TAMS 0x000000070b800000, 0x000000070b800000| Untracked 
|  85|0x000000070ba00000, 0x000000070ba00000, 0x000000070bc00000|  0%| F|  |TAMS 0x000000070ba00000, 0x000000070ba00000| Untracked 
|  86|0x000000070bc00000, 0x000000070bc00000, 0x000000070be00000|  0%| F|  |TAMS 0x000000070bc00000, 0x000000070bc00000| Untracked 
|  87|0x000000070be00000, 0x000000070be00000, 0x000000070c000000|  0%| F|  |TAMS 0x000000070be00000, 0x000000070be00000| Untracked 
|  88|0x000000070c000000, 0x000000070c000000, 0x000000070c200000|  0%| F|  |TAMS 0x000000070c000000, 0x000000070c000000| Untracked 
|  89|0x000000070c200000, 0x000000070c200000, 0x000000070c400000|  0%| F|  |TAMS 0x000000070c200000, 0x000000070c200000| Untracked 
|  90|0x000000070c400000, 0x000000070c400000, 0x000000070c600000|  0%| F|  |TAMS 0x000000070c400000, 0x000000070c400000| Untracked 
|  91|0x000000070c600000, 0x000000070c600000, 0x000000070c800000|  0%| F|  |TAMS 0x000000070c600000, 0x000000070c600000| Untracked 
|  92|0x000000070c800000, 0x000000070c800000, 0x000000070ca00000|  0%| F|  |TAMS 0x000000070c800000, 0x000000070c800000| Untracked 
|  93|0x000000070ca00000, 0x000000070ca00000, 0x000000070cc00000|  0%| F|  |TAMS 0x000000070ca00000, 0x000000070ca00000| Untracked 
|  94|0x000000070cc00000, 0x000000070cc00000, 0x000000070ce00000|  0%| F|  |TAMS 0x000000070cc00000, 0x000000070cc00000| Untracked 
|  95|0x000000070ce00000, 0x000000070ce00000, 0x000000070d000000|  0%| F|  |TAMS 0x000000070ce00000, 0x000000070ce00000| Untracked 
|  96|0x000000070d000000, 0x000000070d000000, 0x000000070d200000|  0%| F|  |TAMS 0x000000070d000000, 0x000000070d000000| Untracked 
|  97|0x000000070d200000, 0x000000070d200000, 0x000000070d400000|  0%| F|  |TAMS 0x000000070d200000, 0x000000070d200000| Untracked 
|  98|0x000000070d400000, 0x000000070d400000, 0x000000070d600000|  0%| F|  |TAMS 0x000000070d400000, 0x000000070d400000| Untracked 
|  99|0x000000070d600000, 0x000000070d600000, 0x000000070d800000|  0%| F|  |TAMS 0x000000070d600000, 0x000000070d600000| Untracked 
| 100|0x000000070d800000, 0x000000070d800000, 0x000000070da00000|  0%| F|  |TAMS 0x000000070d800000, 0x000000070d800000| Untracked 
| 101|0x000000070da00000, 0x000000070da00000, 0x000000070dc00000|  0%| F|  |TAMS 0x000000070da00000, 0x000000070da00000| Untracked 
| 102|0x000000070dc00000, 0x000000070dc00000, 0x000000070de00000|  0%| F|  |TAMS 0x000000070dc00000, 0x000000070dc00000| Untracked 
| 103|0x000000070de00000, 0x000000070de00000, 0x000000070e000000|  0%| F|  |TAMS 0x000000070de00000, 0x000000070de00000| Untracked 
| 104|0x000000070e000000, 0x000000070e000000, 0x000000070e200000|  0%| F|  |TAMS 0x000000070e000000, 0x000000070e000000| Untracked 
| 105|0x000000070e200000, 0x000000070e200000, 0x000000070e400000|  0%| F|  |TAMS 0x000000070e200000, 0x000000070e200000| Untracked 
| 106|0x000000070e400000, 0x000000070e400000, 0x000000070e600000|  0%| F|  |TAMS 0x000000070e400000, 0x000000070e400000| Untracked 
| 107|0x000000070e600000, 0x000000070e600000, 0x000000070e800000|  0%| F|  |TAMS 0x000000070e600000, 0x000000070e600000| Untracked 
| 108|0x000000070e800000, 0x000000070e800000, 0x000000070ea00000|  0%| F|  |TAMS 0x000000070e800000, 0x000000070e800000| Untracked 
| 109|0x000000070ea00000, 0x000000070ea00000, 0x000000070ec00000|  0%| F|  |TAMS 0x000000070ea00000, 0x000000070ea00000| Untracked 
| 110|0x000000070ec00000, 0x000000070ec00000, 0x000000070ee00000|  0%| F|  |TAMS 0x000000070ec00000, 0x000000070ec00000| Untracked 
| 111|0x000000070ee00000, 0x000000070ee00000, 0x000000070f000000|  0%| F|  |TAMS 0x000000070ee00000, 0x000000070ee00000| Untracked 
| 112|0x000000070f000000, 0x000000070f000000, 0x000000070f200000|  0%| F|  |TAMS 0x000000070f000000, 0x000000070f000000| Untracked 
| 113|0x000000070f200000, 0x000000070f200000, 0x000000070f400000|  0%| F|  |TAMS 0x000000070f200000, 0x000000070f200000| Untracked 
| 114|0x000000070f400000, 0x000000070f400000, 0x000000070f600000|  0%| F|  |TAMS 0x000000070f400000, 0x000000070f400000| Untracked 
| 115|0x000000070f600000, 0x000000070f600000, 0x000000070f800000|  0%| F|  |TAMS 0x000000070f600000, 0x000000070f600000| Untracked 
| 116|0x000000070f800000, 0x000000070f800000, 0x000000070fa00000|  0%| F|  |TAMS 0x000000070f800000, 0x000000070f800000| Untracked 
| 117|0x000000070fa00000, 0x000000070fa00000, 0x000000070fc00000|  0%| F|  |TAMS 0x000000070fa00000, 0x000000070fa00000| Untracked 
| 118|0x000000070fc00000, 0x000000070fc00000, 0x000000070fe00000|  0%| F|  |TAMS 0x000000070fc00000, 0x000000070fc00000| Untracked 
| 119|0x000000070fe00000, 0x000000070fe00000, 0x0000000710000000|  0%| F|  |TAMS 0x000000070fe00000, 0x000000070fe00000| Untracked 
| 120|0x0000000710000000, 0x0000000710000000, 0x0000000710200000|  0%| F|  |TAMS 0x0000000710000000, 0x0000000710000000| Untracked 
| 121|0x0000000710200000, 0x0000000710200000, 0x0000000710400000|  0%| F|  |TAMS 0x0000000710200000, 0x0000000710200000| Untracked 
| 122|0x0000000710400000, 0x0000000710400000, 0x0000000710600000|  0%| F|  |TAMS 0x0000000710400000, 0x0000000710400000| Untracked 
| 123|0x0000000710600000, 0x0000000710600000, 0x0000000710800000|  0%| F|  |TAMS 0x0000000710600000, 0x0000000710600000| Untracked 
| 124|0x0000000710800000, 0x0000000710800000, 0x0000000710a00000|  0%| F|  |TAMS 0x0000000710800000, 0x0000000710800000| Untracked 
| 125|0x0000000710a00000, 0x0000000710a00000, 0x0000000710c00000|  0%| F|  |TAMS 0x0000000710a00000, 0x0000000710a00000| Untracked 
| 126|0x0000000710c00000, 0x0000000710c00000, 0x0000000710e00000|  0%| F|  |TAMS 0x0000000710c00000, 0x0000000710c00000| Untracked 
| 127|0x0000000710e00000, 0x0000000710fae3f0, 0x0000000711000000| 84%| E|  |TAMS 0x0000000710e00000, 0x0000000710e00000| Complete 

Card table byte_map: [0x000002295c8b0000,0x000002295d0b0000] _byte_map_base: 0x00000229590a8000

Marking Bits (Prev, Next): (CMBitMap*) 0x00000229457e2620, (CMBitMap*) 0x00000229457e2660
 Prev Bits: [0x000002295d8b0000, 0x0000022961870000)
 Next Bits: [0x0000022961870000, 0x0000022965830000)

Polling page: 0x0000022943520000

Metaspace:

Usage:
  Non-class:    322.23 KB used.
      Class:     20.71 KB used.
       Both:    342.95 KB used.

Virtual space:
  Non-class space:       64.00 MB reserved,     384.00 KB ( <1%) committed,  1 nodes.
      Class space:        1.00 GB reserved,     128.00 KB ( <1%) committed,  1 nodes.
             Both:        1.06 GB reserved,     512.00 KB ( <1%) committed. 

Chunk freelists:
   Non-Class:  3.94 MB
       Class:  3.72 MB
        Both:  7.66 MB

MaxMetaspaceSize: unlimited
CompressedClassSpaceSize: 1.00 GB
Initial GC threshold: 21.00 MB
Current GC threshold: 21.00 MB
CDS: on
MetaspaceReclaimPolicy: balanced
 - commit_granule_bytes: 65536.
 - commit_granule_words: 8192.
 - virtual_space_node_default_size: 8388608.
 - enlarge_chunks_in_place: 1.
 - new_chunks_are_fully_committed: 0.
 - uncommit_free_chunks: 1.
 - use_allocation_guard: 0.


Internal statistics:

num_allocs_failed_limit: 0.
num_arena_births: 28.
num_arena_deaths: 0.
num_vsnodes_births: 2.
num_vsnodes_deaths: 0.
num_space_committed: 8.
num_space_uncommitted: 0.
num_chunks_returned_to_freelist: 0.
num_chunks_taken_from_freelist: 38.
num_chunk_merges: 0.
num_chunk_splits: 23.
num_chunks_enlarged: 15.
num_inconsistent_stats: 0.

CodeHeap 'non-profiled nmethods': size=120000Kb used=65Kb max_used=65Kb free=119934Kb
 bounds [0x0000022954b80000, 0x0000022954df0000, 0x000002295c0b0000]
CodeHeap 'profiled nmethods': size=120000Kb used=209Kb max_used=209Kb free=119790Kb
 bounds [0x000002294d650000, 0x000002294d8c0000, 0x0000022954b80000]
CodeHeap 'non-nmethods': size=5760Kb used=1088Kb max_used=1101Kb free=4671Kb
 bounds [0x000002294d0b0000, 0x000002294d320000, 0x000002294d650000]
 total_blobs=530 nmethods=184 adapters=259
 compilation: enabled
              stopped_count=0, restarted_count=0
 full_count=0

Compilation events (20 events):
Event: 0.116 Thread 0x0000022967cda370  158       1       java.lang.invoke.MethodType$ConcurrentWeakInternSet$WeakEntry::hashCode (5 bytes)
Event: 0.116 Thread 0x0000022967cda370 nmethod 158 0x0000022954b8ff10 code [0x0000022954b900a0, 0x0000022954b90178]
Event: 0.116 Thread 0x0000022967cda370  176       1       java.lang.invoke.MethodTypeForm::erasedType (5 bytes)
Event: 0.116 Thread 0x0000022967cda370 nmethod 176 0x0000022954b90210 code [0x0000022954b903a0, 0x0000022954b90478]
Event: 0.116 Thread 0x0000022967cda370  177       3       jdk.internal.util.Preconditions::checkIndex (18 bytes)
Event: 0.116 Thread 0x0000022967cda370 nmethod 177 0x000002294d681390 code [0x000002294d681540, 0x000002294d6816e8]
Event: 0.117 Thread 0x0000022967cda370  178       3       java.lang.StringConcatHelper::checkOverflow (17 bytes)
Event: 0.117 Thread 0x0000022967cda370 nmethod 178 0x000002294d681790 code [0x000002294d681940, 0x000002294d681b28]
Event: 0.120 Thread 0x0000022967cda370  179       3       java.lang.String::startsWith (138 bytes)
Event: 0.120 Thread 0x0000022967cda370 nmethod 179 0x000002294d681c10 code [0x000002294d681e20, 0x000002294d6826b8]
Event: 0.120 Thread 0x0000022967cda370  180       3       java.lang.StringConcatHelper::stringOf (20 bytes)
Event: 0.120 Thread 0x0000022967cda370 nmethod 180 0x000002294d682990 code [0x000002294d682b40, 0x000002294d682d88]
Event: 0.120 Thread 0x0000022967cda370  181       3       java.lang.StringConcatHelper::mix (27 bytes)
Event: 0.120 Thread 0x0000022967cda370 nmethod 181 0x000002294d682e90 code [0x000002294d683060, 0x000002294d683488]
Event: 0.122 Thread 0x0000022967cda370  182       3       java.lang.StringBuilder::<init> (7 bytes)
Event: 0.122 Thread 0x0000022967cda370 nmethod 182 0x000002294d683690 code [0x000002294d683820, 0x000002294d683968]
Event: 0.122 Thread 0x0000022967cda370  183       3       java.lang.AbstractStringBuilder::<init> (39 bytes)
Event: 0.123 Thread 0x0000022967cda370 nmethod 183 0x000002294d683a10 code [0x000002294d683bc0, 0x000002294d683e58]
Event: 0.123 Thread 0x0000022967cda370  184       3       java.lang.StringBuilder::toString (35 bytes)
Event: 0.123 Thread 0x0000022967cda370 nmethod 184 0x000002294d683f10 code [0x000002294d6840e0, 0x000002294d6843b8]

GC Heap History (0 events):
No events

Deoptimization events (0 events):
No events

Classes loaded (10 events):
Event: 0.055 Loading class jdk/internal/loader/URLClassPath$FileLoader
Event: 0.055 Loading class jdk/internal/loader/URLClassPath$FileLoader done
Event: 0.057 Loading class jdk/internal/loader/URLClassPath$FileLoader$1
Event: 0.057 Loading class jdk/internal/loader/URLClassPath$FileLoader$1 done
Event: 0.059 Loading class java/io/FileNotFoundException
Event: 0.059 Loading class java/io/IOException
Event: 0.059 Loading class java/io/IOException done
Event: 0.059 Loading class java/io/FileNotFoundException done
Event: 0.059 Loading class java/security/PrivilegedActionException
Event: 0.059 Loading class java/security/PrivilegedActionException done

Classes unloaded (0 events):
No events

Classes redefined (0 events):
No events

Internal exceptions (0 events):
No events

VM Operations (0 events):
No events

Events (15 events):
Event: 0.008 Loaded shared library C:\Program Files\Java\jdk-18.0.2.1\bin\java.dll
Event: 0.017 Loaded shared library C:\Program Files\Java\jdk-18.0.2.1\bin\jsvml.dll
Event: 0.017 Thread 0x00000229457713b0 Thread added: 0x00000229457713b0
Event: 0.019 Thread 0x0000022967cafae0 Thread added: 0x0000022967cafae0
Event: 0.019 Thread 0x0000022967cb0740 Thread added: 0x0000022967cb0740
Event: 0.030 Thread 0x0000022967cc9ac0 Thread added: 0x0000022967cc9ac0
Event: 0.030 Thread 0x0000022967cca460 Thread added: 0x0000022967cca460
Event: 0.030 Thread 0x0000022967ccae00 Thread added: 0x0000022967ccae00
Event: 0.030 Thread 0x0000022967ccd7b0 Thread added: 0x0000022967ccd7b0
Event: 0.030 Thread 0x0000022967cd1980 Thread added: 0x0000022967cd1980
Event: 0.030 Thread 0x0000022967cda370 Thread added: 0x0000022967cda370
Event: 0.030 Thread 0x0000022967cddd70 Thread added: 0x0000022967cddd70
Event: 0.054 Thread 0x000002296c09b580 Thread added: 0x000002296c09b580
Event: 0.057 Thread 0x000002296c0a2490 Thread added: 0x000002296c0a2490
Event: 0.066 Loaded shared library C:\Users\hmsel\git\CPP\jmtp\cpp\x64\Debug\mtpjava.dll


Dynamic libraries:
0x00007ff6336d0000 - 0x00007ff6336e0000 	C:\Program Files\Java\jdk-18.0.2.1\bin\java.exe
0x00007ffac7e10000 - 0x00007ffac8008000 	C:\WINDOWS\SYSTEM32\ntdll.dll
0x00007ffac7470000 - 0x00007ffac752f000 	C:\WINDOWS\System32\KERNEL32.DLL
0x00007ffac5760000 - 0x00007ffac5a3a000 	C:\WINDOWS\System32\KERNELBASE.dll
0x00007ffac5660000 - 0x00007ffac5760000 	C:\WINDOWS\System32\ucrtbase.dll
0x00007ffa9f280000 - 0x00007ffa9f29a000 	C:\Program Files\Java\jdk-18.0.2.1\bin\VCRUNTIME140.dll
0x00007ffa9f260000 - 0x00007ffa9f278000 	C:\Program Files\Java\jdk-18.0.2.1\bin\jli.dll
0x00007ffac5fc0000 - 0x00007ffac606e000 	C:\WINDOWS\System32\ADVAPI32.dll
0x00007ffac5f20000 - 0x00007ffac5fbe000 	C:\WINDOWS\System32\msvcrt.dll
0x00007ffac6150000 - 0x00007ffac61ec000 	C:\WINDOWS\System32\sechost.dll
0x00007ffac7530000 - 0x00007ffac7656000 	C:\WINDOWS\System32\RPCRT4.dll
0x00007ffac6220000 - 0x00007ffac63bd000 	C:\WINDOWS\System32\USER32.dll
0x00007ffab96c0000 - 0x00007ffab995a000 	C:\WINDOWS\WinSxS\amd64_microsoft.windows.common-controls_6595b64144ccf1df_6.0.19041.1110_none_60b5254171f9507e\COMCTL32.dll
0x00007ffac5520000 - 0x00007ffac5542000 	C:\WINDOWS\System32\win32u.dll
0x00007ffac61f0000 - 0x00007ffac621b000 	C:\WINDOWS\System32\GDI32.dll
0x00007ffac5550000 - 0x00007ffac5660000 	C:\WINDOWS\System32\gdi32full.dll
0x00007ffac5dd0000 - 0x00007ffac5e6d000 	C:\WINDOWS\System32\msvcp_win.dll
0x00007ffabee70000 - 0x00007ffabee7a000 	C:\WINDOWS\SYSTEM32\VERSION.dll
0x00007ffac6100000 - 0x00007ffac6130000 	C:\WINDOWS\System32\IMM32.DLL
0x00007ffa9f220000 - 0x00007ffa9f22c000 	C:\Program Files\Java\jdk-18.0.2.1\bin\vcruntime140_1.dll
0x00007ffa9f170000 - 0x00007ffa9f1fd000 	C:\Program Files\Java\jdk-18.0.2.1\bin\msvcp140.dll
0x00007ff9dbfe0000 - 0x00007ff9dcbf1000 	C:\Program Files\Java\jdk-18.0.2.1\bin\server\jvm.dll
0x00007ffac7ba0000 - 0x00007ffac7ba8000 	C:\WINDOWS\System32\PSAPI.DLL
0x00007ffaaa450000 - 0x00007ffaaa459000 	C:\WINDOWS\SYSTEM32\WSOCK32.dll
0x00007ffac7d60000 - 0x00007ffac7dcb000 	C:\WINDOWS\System32\WS2_32.dll
0x00007ffabba80000 - 0x00007ffabbaa7000 	C:\WINDOWS\SYSTEM32\WINMM.dll
0x00007ffac3d70000 - 0x00007ffac3d82000 	C:\WINDOWS\SYSTEM32\kernel.appcore.dll
0x00007ffa9f210000 - 0x00007ffa9f21a000 	C:\Program Files\Java\jdk-18.0.2.1\bin\jimage.dll
0x00007ffab9bf0000 - 0x00007ffab9dd4000 	C:\WINDOWS\SYSTEM32\DBGHELP.DLL
0x00007ffa9cf50000 - 0x00007ffa9cf84000 	C:\WINDOWS\SYSTEM32\dbgcore.DLL
0x00007ffac5be0000 - 0x00007ffac5c62000 	C:\WINDOWS\System32\bcryptPrimitives.dll
0x00007ffa9f040000 - 0x00007ffa9f065000 	C:\Program Files\Java\jdk-18.0.2.1\bin\java.dll
0x00007ff9dbf00000 - 0x00007ff9dbfd6000 	C:\Program Files\Java\jdk-18.0.2.1\bin\jsvml.dll
0x00007ffac63c0000 - 0x00007ffac6b04000 	C:\WINDOWS\System32\SHELL32.dll
0x00007ffac35a0000 - 0x00007ffac3d33000 	C:\WINDOWS\SYSTEM32\windows.storage.dll
0x00007ffac7840000 - 0x00007ffac7b94000 	C:\WINDOWS\System32\combase.dll
0x00007ffac4f10000 - 0x00007ffac4f3e000 	C:\WINDOWS\SYSTEM32\Wldp.dll
0x00007ffac5e70000 - 0x00007ffac5f1d000 	C:\WINDOWS\System32\SHCORE.dll
0x00007ffac7780000 - 0x00007ffac77d5000 	C:\WINDOWS\System32\shlwapi.dll
0x00007ffac5460000 - 0x00007ffac547f000 	C:\WINDOWS\SYSTEM32\profapi.dll
0x00007ffab7dc0000 - 0x00007ffab7e11000 	C:\Users\hmsel\git\CPP\jmtp\cpp\x64\Debug\mtpjava.dll
0x00007ffac7200000 - 0x00007ffac732a000 	C:\WINDOWS\System32\ole32.dll
0x00007ffac6b70000 - 0x00007ffac6c3d000 	C:\WINDOWS\System32\OLEAUT32.dll
0x00007ffa9f080000 - 0x00007ffa9f162000 	C:\WINDOWS\SYSTEM32\MSVCP140D.dll
0x00007ffac0f40000 - 0x00007ffac0f4f000 	C:\WINDOWS\SYSTEM32\VCRUNTIME140_1D.dll
0x00007ffac0b20000 - 0x00007ffac0b4b000 	C:\WINDOWS\SYSTEM32\VCRUNTIME140D.dll
0x00007ffa9dbe0000 - 0x00007ffa9ddff000 	C:\WINDOWS\SYSTEM32\ucrtbased.dll
0x00007ffac2e50000 - 0x00007ffac2eee000 	C:\WINDOWS\system32\uxtheme.dll
0x00007ffa31660000 - 0x00007ffa31671000 	C:\Program Files (x86)\Dexpot\hooxpot64.dll
0x00007ffac6c40000 - 0x00007ffac6ce9000 	C:\WINDOWS\System32\clbcatq.dll
0x00007ffabf9a0000 - 0x00007ffabfa43000 	C:\Windows\System32\PortableDeviceApi.dll
0x00007ffac6cf0000 - 0x00007ffac7158000 	C:\WINDOWS\System32\SETUPAPI.dll
0x00007ffac5a40000 - 0x00007ffac5a8e000 	C:\WINDOWS\System32\cfgmgr32.dll
0x00007ffac5b40000 - 0x00007ffac5b67000 	C:\WINDOWS\System32\bcrypt.dll
0x00007ffac52d0000 - 0x00007ffac52fc000 	C:\WINDOWS\System32\DEVOBJ.dll
0x00007ffa3c890000 - 0x00007ffa3c8c2000 	C:\Windows\System32\PortableDeviceTypes.dll
0x00007ffac0fd0000 - 0x00007ffac10c6000 	C:\Windows\System32\PROPSYS.dll
0x00007ffac5b70000 - 0x00007ffac5bd7000 	C:\WINDOWS\System32\WINTRUST.dll
0x00007ffac5c70000 - 0x00007ffac5dc6000 	C:\WINDOWS\System32\CRYPT32.dll
0x00007ffac5110000 - 0x00007ffac5122000 	C:\WINDOWS\System32\MSASN1.dll

dbghelp: loaded successfully - version: 4.0.5 - missing functions: none
symbol engine: initialized successfully - sym options: 0x614 - pdb path: .;C:\Program Files\Java\jdk-18.0.2.1\bin;C:\WINDOWS\SYSTEM32;C:\WINDOWS\WinSxS\amd64_microsoft.windows.common-controls_6595b64144ccf1df_6.0.19041.1110_none_60b5254171f9507e;C:\Program Files\Java\jdk-18.0.2.1\bin\server;C:\Users\hmsel\git\CPP\jmtp\cpp\x64\Debug;C:\Program Files (x86)\Dexpot

VM Arguments:
jvm_args: -Djava.library.path=C:\Users\hmsel\git\CPP\jmtp\cpp\x64\Debug\ -Dfile.encoding=windows-1252 -Duser.country=US -Duser.language=en -Duser.variant 
java_command: Test
java_class_path (initial): C:\Users\hmsel\git\CPP\jmtp\MtpJava\build\classes\java\test;C:\Users\hmsel\git\CPP\jmtp\MtpJava\build\resources\test;C:\Users\hmsel\git\CPP\jmtp\MtpJava\build\classes\java\main;C:\Users\hmsel\git\CPP\jmtp\MtpJava\build\resources\main;C:\Users\hmsel\.gradle\caches\modules-2\files-2.1\org.junit.jupiter\junit-jupiter\5.9.1\9274d3757e224bc02eae367bd481062a263c150b\junit-jupiter-5.9.1.jar;C:\Users\hmsel\.gradle\caches\modules-2\files-2.1\org.junit.jupiter\junit-jupiter-params\5.9.1\ffcd1013edaeee112be11fcddeb38882d79238de\junit-jupiter-params-5.9.1.jar;C:\Users\hmsel\.gradle\caches\modules-2\files-2.1\org.junit.jupiter\junit-jupiter-engine\5.9.1\1bf771097bde296c3ab174861954e8aafaaf2e94\junit-jupiter-engine-5.9.1.jar;C:\Users\hmsel\.gradle\caches\modules-2\files-2.1\org.junit.jupiter\junit-jupiter-api\5.9.1\7bb53fbc0173e9f6a9d21d58297af94b1f2f9ce1\junit-jupiter-api-5.9.1.jar;C:\Users\hmsel\.gradle\caches\modules-2\files-2.1\org.junit.platform\junit-platform-engine\1.9.1\83591e5089d6cea5f324aa3ecca9b19d5a275803\junit-platform-engine-1.9.1.jar;C:\Users\hmsel\.gradle\caches\modules-2\files-2.1\org.junit.platform\junit-platform-commons\1.9.1\3145f821b5cd10abcdc5f925baa5fffa6f1b628f\junit-platform-commons-1.9.1.jar;C:\Users\hmsel\.gradle\caches\modules-2\files-2.1\org.opentest4j\opentest4j\1.2.0\28c11eb91f9b6d8e200631d46e20a7f407f2a046\opentest4j-1.2.0.jar
Launcher Type: SUN_STANDARD

[Global flags]
     intx CICompilerCount                          = 3                                         {product} {ergonomic}
     uint ConcGCThreads                            = 1                                         {product} {ergonomic}
     uint G1ConcRefinementThreads                  = 4                                         {product} {ergonomic}
   size_t G1HeapRegionSize                         = 2097152                                   {product} {ergonomic}
    uintx GCDrainStackTargetSize                   = 64                                        {product} {ergonomic}
   size_t InitialHeapSize                          = 268435456                                 {product} {ergonomic}
   size_t MarkStackSize                            = 4194304                                   {product} {ergonomic}
   size_t MaxHeapSize                              = 4278190080                                {product} {ergonomic}
   size_t MaxNewSize                               = 2566914048                                {product} {ergonomic}
   size_t MinHeapDeltaBytes                        = 2097152                                   {product} {ergonomic}
   size_t MinHeapSize                              = 8388608                                   {product} {ergonomic}
    uintx NonNMethodCodeHeapSize                   = 5832780                                {pd product} {ergonomic}
    uintx NonProfiledCodeHeapSize                  = 122912730                              {pd product} {ergonomic}
    uintx ProfiledCodeHeapSize                     = 122912730                              {pd product} {ergonomic}
    uintx ReservedCodeCacheSize                    = 251658240                              {pd product} {ergonomic}
     bool SegmentedCodeCache                       = true                                      {product} {ergonomic}
   size_t SoftMaxHeapSize                          = 4278190080                             {manageable} {ergonomic}
     bool UseCompressedClassPointers               = true                           {product lp64_product} {ergonomic}
     bool UseCompressedOops                        = true                           {product lp64_product} {ergonomic}
     bool UseG1GC                                  = true                                      {product} {ergonomic}
     bool UseLargePagesIndividualAllocation        = false                                  {pd product} {ergonomic}

Logging:
Log output configuration:
 #0: stdout all=warning uptime,level,tags foldmultilines=false
 #1: stderr all=off uptime,level,tags foldmultilines=false

Environment Variables:
JAVA_HOME=C:\Program Files\Java\jdk-18.0.2.1
PATH=C:\Program Files\Microsoft\jdk-11.0.16.101-hotspot\bin;C:\Program Files\Common Files\Oracle\Java\javapath;C:\Program Files (x86)\Common Files\Oracle\Java\javapath;C:\Windows\system32;C:\Windows;C:\Windows\System32\Wbem;C:\Windows\System32\WindowsPowerShell\v1.0\;C:\Windows\System32\OpenSSH\;"C:\Program Files\NVIDIA Corporation\NVIDIA NvDLISR;C:\Program Files (x86)\NVIDIA Corporation\PhysX\Common;C:\WINDOWS\system32;C:\WINDOWS;C:\WINDOWS\System32\Wbem;C:\WINDOWS\System32\WindowsPowerShell\v1.0\;C:\WINDOWS\Sys";C:\Program Files (x86)\Windows Kits\10\Windows Performance Toolkit\;C:\Program Files\dotnet\;C:\Program Files\NVIDIA Corporation\NVIDIA NvDLISR;C:\Program Files (x86)\NVIDIA Corporation\PhysX\Common;C:\Program Files\Microsoft SQL Server\150\Tools\Binn\;C:\mingw64;C:\mingw64\bin;C:\Program Files\Git\cmd;C:\Program Files\CMake\bin;C:\Program Files\PuTTY\;C:\Users\hmsel\AppData\Local\Microsoft\WindowsApps;C:\Users\hmsel\AppData\Local\GitHubDesktop\bin;C:\Users\hmsel\AppData\Local\atom\bin;C:\Users\hmsel\AppData\Local\Microsoft\WindowsApps;C:\Users\hmsel\gradle\gradle-7.5.1\bin;C:\Users\hmsel\.dotnet\tools;C:\Program Files\Maven\apache-maven-3.9.1\bin;
USERNAME=hms11
OS=Windows_NT
PROCESSOR_IDENTIFIER=Intel64 Family 6 Model 60 Stepping 3, GenuineIntel



---------------  S Y S T E M  ---------------

OS:
 Windows 10 , 64 bit Build 19041 (10.0.19041.2788)
OS uptime: 0 days 0:28 hours

CPU: total 4 (initial active 4) (4 cores per cpu, 1 threads per core) family 6 model 60 stepping 3 microcode 0x27, cx8, cmov, fxsr, mmx, sse, sse2, sse3, ssse3, sse4.1, sse4.2, popcnt, lzcnt, tsc, tscinvbit, avx, avx2, aes, erms, clmul, bmi1, bmi2, fma, vzeroupper, clflush

Memory: 4k page, system-wide physical 16318M (6135M free)
TotalPageFile size 32702M (AvailPageFile size 17411M)
current process WorkingSet (physical memory assigned to process): 36M, peak: 36M
current process commit charge ("private bytes"): 337M, peak: 337M

vm_info: Java HotSpot(TM) 64-Bit Server VM (18.0.2.1+1-1) for windows-amd64 JRE (18.0.2.1+1-1), built on Aug 16 2022 01:46:33 by "mach5one" with MS VC++ 16.8 / 16.9 (VS2019)

END.
