#
# A fatal error has been detected by the Java Runtime Environment:
#
#  EXCEPTION_ACCESS_VIOLATION (0xc0000005) at pc=0x00007ff88bbcb61b, pid=60592, tid=65068
#
# JRE version: Java(TM) SE Runtime Environment (18.0.2.1+1) (build 18.0.2.1+1-1)
# Java VM: Java HotSpot(TM) 64-Bit Server VM (18.0.2.1+1-1, mixed mode, sharing, tiered, compressed oops, compressed class ptrs, g1 gc, windows-amd64)
# Problematic frame:
# C  [mtpjava.dll+0x1b61b]
#
# No core dump will be written. Minidumps are not enabled by default on client versions of Windows
#
# If you would like to submit a bug report, please visit:
#   https://bugreport.java.com/bugreport/crash.jsp
# The crash happened outside the Java Virtual Machine in native code.
# See problematic frame for where to report the bug.
#

---------------  S U M M A R Y ------------

Command Line: -Djava.library.path=C:\Users\hmsel\git\CPP\jmtp\cpp\x64\Debug\ -Dfile.encoding=windows-1252 -Duser.country=US -Duser.language=en -Duser.variant Test

Host: Intel(R) Core(TM) i5-4460  CPU @ 3.20GHz, 4 cores, 15G,  Windows 10 , 64 bit Build 19041 (10.0.19041.2788)
Time: Wed Apr 26 13:11:18 2023 Jerusalem Daylight Time elapsed time: 0.137467 seconds (0d 0h 0m 0s)

---------------  T H R E A D  ---------------

Current thread (0x000001f97ae20e70):  JavaThread "main" [_thread_in_native, id=65068, stack(0x000000e231f00000,0x000000e232000000)]

Stack: [0x000000e231f00000,0x000000e232000000],  sp=0x000000e231ffee70,  free space=1019k
Native frames: (J=compiled Java code, j=interpreted, Vv=VM code, C=native code)
C  [mtpjava.dll+0x1b61b]

Java frames: (J=compiled Java code, j=interpreted, Vv=VM code)
j  com.github.hms11rn.mtp.win32.PortableDeviceWin32.getRootObjects()[Lcom/github/hms11rn/mtp/content/PortableDeviceObject;+0
j  Test.main([Ljava/lang/String;)V+241
v  ~StubRoutines::call_stub

siginfo: EXCEPTION_ACCESS_VIOLATION (0xc0000005), reading address 0xffffffffffffffff


Register to memory mapping:

RIP=0x00007ff88bbcb61b mtpjava.dll
RAX=0x000001f97af3c7c0 points into unknown readable memory: 0x000001f97af3d360 | 60 d3 f3 7a f9 01 00 00
RBX={method} {0x000001f920c04260} 'getRootObjects' '()[Lcom/github/hms11rn/mtp/content/PortableDeviceObject;' in 'com/github/hms11rn/mtp/win32/PortableDeviceWin32'
RCX=0x000001f97af3d368 points into unknown readable memory: 0x000001f97af3c7c0 | c0 c7 f3 7a f9 01 00 00
RDX=0x00007ff88bbe0b20 mtpjava.dll
RSP=0x000000e231ffee70 is pointing into the stack for thread: 0x000001f97ae20e70
RBP=0x000000e231ffeea0 is pointing into the stack for thread: 0x000001f97ae20e70
RSI=0x0000000000000002 is an unknown value
RDI=0x000000e231ffef28 is pointing into the stack for thread: 0x000001f97ae20e70
R8 =0x00007ff88bbde568 mtpjava.dll
R9 =0x0000000000000001 is an unknown value
R10=0x00000000000000ff is an unknown value
R11=0x000000e231ffec10 is pointing into the stack for thread: 0x000001f97ae20e70
R12=0x0 is NULL
R13={method} {0x000001f920c04260} 'getRootObjects' '()[Lcom/github/hms11rn/mtp/content/PortableDeviceObject;' in 'com/github/hms11rn/mtp/win32/PortableDeviceWin32'
R14=0x000000e231fff4c8 is pointing into the stack for thread: 0x000001f97ae20e70
R15=0x000001f97ae20e70 is a thread


Registers:
RAX=0x000001f97af3c7c0, RBX=0x000001f920c04258, RCX=0x000001f97af3d368, RDX=0x00007ff88bbe0b20
RSP=0x000000e231ffee70, RBP=0x000000e231ffeea0, RSI=0x0000000000000002, RDI=0x000000e231ffef28
R8 =0x00007ff88bbde568, R9 =0x0000000000000001, R10=0x00000000000000ff, R11=0x000000e231ffec10
R12=0x0000000000000000, R13=0x000001f920c04258, R14=0x000000e231fff4c8, R15=0x000001f97ae20e70
RIP=0x00007ff88bbcb61b, EFLAGS=0x0000000000010246

Top of Stack: (sp=0x000000e231ffee70)
0x000000e231ffee70:   00007ff88bbfb198 0000000000000000
0x000000e231ffee80:   000001f97ae20e70 000000e231fff4c8
0x000000e231ffee90:   000000e231fff4c8 00007ff805f121bd
0x000000e231ffeea0:   00000000cccccccc cccccccccccccccc
0x000000e231ffeeb0:   cccccccccccccccc cccccccccccccccc
0x000000e231ffeec0:   cccccccccccccccc 000001f97af3d368
0x000000e231ffeed0:   cccccccccccccccc cccccccccccccccc
0x000000e231ffeee0:   cccccccccccccccc 0000000000000000
0x000000e231ffeef0:   cccccccccccccccc cccccccccccccccc
0x000000e231ffef00:   00000000cccccccc cccccccccccccccc
0x000000e231ffef10:   cccccccccccccccc cccccccccccccccc
0x000000e231ffef20:   cccccccccccccccc 000000080000f728
0x000000e231ffef30:   00008704f59c1a01 000001f97ae20e70
0x000000e231ffef40:   000000e231ffef50 000000080040ce58
0x000000e231ffef50:   000001f97ae21738 0000000710ea3bf8
0x000000e231ffef60:   0000000710f85c68 000000080000f728 

Instructions: (pc=0x00007ff88bbcb61b)
0x00007ff88bbcb51b:   85 e0 00 00 00 48 8b 00 44 8b 85 f0 00 00 00 48
0x00007ff88bbcb52b:   8b 95 e8 00 00 00 48 8b 8d e0 00 00 00 ff 90 18
0x00007ff88bbcb53b:   05 00 00 48 8d a5 c8 00 00 00 5f 5d c3 cc cc cc
0x00007ff88bbcb54b:   cc cc cc cc cc cc cc cc cc cc cc cc cc cc cc cc
0x00007ff88bbcb55b:   cc cc cc cc cc 44 89 4c 24 20 4c 89 44 24 18 48
0x00007ff88bbcb56b:   89 54 24 10 48 89 4c 24 08 55 57 48 81 ec 78 01
0x00007ff88bbcb57b:   00 00 48 8d 6c 24 30 48 8d 7c 24 30 b9 22 00 00
0x00007ff88bbcb58b:   00 b8 cc cc cc cc f3 ab 48 8b 8c 24 98 01 00 00
0x00007ff88bbcb59b:   48 8b 05 76 5a 02 00 48 33 c5 48 89 85 38 01 00
0x00007ff88bbcb5ab:   00 48 8d 0d e5 fb 02 00 e8 3e 64 ff ff c7 45 04
0x00007ff88bbcb5bb:   00 00 00 00 48 c7 45 28 00 00 00 00 48 c7 45 48
0x00007ff88bbcb5cb:   00 00 00 00 48 83 bd 60 01 00 00 00 74 0a 48 83
0x00007ff88bbcb5db:   bd 68 01 00 00 00 75 0f c7 45 04 57 00 07 80 8b
0x00007ff88bbcb5eb:   45 04 e9 a3 01 00 00 e8 48 61 ff ff 48 89 45 28
0x00007ff88bbcb5fb:   c7 45 64 00 00 00 00 48 8b 45 28 48 8b 00 4c 8b
0x00007ff88bbcb60b:   85 70 01 00 00 48 8d 15 09 55 01 00 48 8b 4d 28
0x00007ff88bbcb61b:   ff 50 38 89 45 64 48 8b 45 28 48 8b 00 44 8b 85
0x00007ff88bbcb62b:   78 01 00 00 48 8d 15 02 55 01 00 48 8b 4d 28 ff
0x00007ff88bbcb63b:   50 48 89 45 64 48 8b 45 28 48 8b 00 44 8b 85 80
0x00007ff88bbcb64b:   01 00 00 48 8d 15 fb 54 01 00 48 8b 4d 28 ff 50
0x00007ff88bbcb65b:   48 89 45 64 48 8b 45 28 48 8b 00 44 8b 85 88 01
0x00007ff88bbcb66b:   00 00 48 8d 15 f4 54 01 00 48 8b 4d 28 ff 50 48
0x00007ff88bbcb67b:   89 45 64 48 8b 45 28 48 8b 00 41 b8 00 00 02 00
0x00007ff88bbcb68b:   48 8d 15 1e 55 01 00 48 8b 4d 28 ff 50 48 89 45
0x00007ff88bbcb69b:   64 83 7d 04 00 0f 8c b2 00 00 00 48 8d 45 48 48
0x00007ff88bbcb6ab:   89 44 24 20 4c 8d 0d 32 f8 01 00 41 b8 01 00 00
0x00007ff88bbcb6bb:   00 33 d2 48 8d 0d 43 f6 01 00 ff 15 fd dd 02 00
0x00007ff88bbcb6cb:   89 45 04 83 7d 04 00 0f 8c 80 00 00 00 48 8b 45
0x00007ff88bbcb6db:   48 48 8b 00 4c 8b 45 28 48 8b 95 60 01 00 00 48
0x00007ff88bbcb6eb:   8b 4d 48 ff 50 18 89 45 04 81 7d 04 05 00 07 80
0x00007ff88bbcb6fb:   75 37 48 8b 45 28 48 8b 00 41 b8 00 00 00 80 48
0x00007ff88bbcb70b:   8d 15 b7 54 01 00 48 8b 4d 28 ff 50 48 48 8b 45 


Stack slot to memory mapping:
stack at sp + 0 slots: 0x00007ff88bbfb198 mtpjava.dll
stack at sp + 1 slots: 0x0 is NULL
stack at sp + 2 slots: 0x000001f97ae20e70 is a thread
stack at sp + 3 slots: 0x000000e231fff4c8 is pointing into the stack for thread: 0x000001f97ae20e70
stack at sp + 4 slots: 0x000000e231fff4c8 is pointing into the stack for thread: 0x000001f97ae20e70
stack at sp + 5 slots: 0x00007ff805f121bd jvm.dll
stack at sp + 6 slots: 0x00000000cccccccc is an unknown value
stack at sp + 7 slots: 0xcccccccccccccccc is an unknown value


---------------  P R O C E S S  ---------------

Threads class SMR info:
_java_thread_list=0x000001f92496f8b0, length=12, elements={
0x000001f97ae20e70, 0x000001f97eadec90, 0x000001f97eadf800, 0x000001f97eafaf10,
0x000001f97eafb7c0, 0x000001f97eafe080, 0x000001f97eafe930, 0x000001f97eaff510,
0x000001f97eb0d710, 0x000001f97eb20c10, 0x000001f924994950, 0x000001f92499d4b0
}

Java Threads: ( => current thread )
=>0x000001f97ae20e70 JavaThread "main" [_thread_in_native, id=65068, stack(0x000000e231f00000,0x000000e232000000)]
  0x000001f97eadec90 JavaThread "Reference Handler" daemon [_thread_blocked, id=73488, stack(0x000000e232600000,0x000000e232700000)]
  0x000001f97eadf800 JavaThread "Finalizer" daemon [_thread_blocked, id=72788, stack(0x000000e232700000,0x000000e232800000)]
  0x000001f97eafaf10 JavaThread "Signal Dispatcher" daemon [_thread_blocked, id=18560, stack(0x000000e232800000,0x000000e232900000)]
  0x000001f97eafb7c0 JavaThread "Attach Listener" daemon [_thread_blocked, id=38972, stack(0x000000e232900000,0x000000e232a00000)]
  0x000001f97eafe080 JavaThread "Service Thread" daemon [_thread_blocked, id=55552, stack(0x000000e232a00000,0x000000e232b00000)]
  0x000001f97eafe930 JavaThread "Monitor Deflation Thread" daemon [_thread_blocked, id=70264, stack(0x000000e232b00000,0x000000e232c00000)]
  0x000001f97eaff510 JavaThread "C2 CompilerThread0" daemon [_thread_blocked, id=2124, stack(0x000000e232c00000,0x000000e232d00000)]
  0x000001f97eb0d710 JavaThread "C1 CompilerThread0" daemon [_thread_blocked, id=65828, stack(0x000000e232d00000,0x000000e232e00000)]
  0x000001f97eb20c10 JavaThread "Sweeper thread" daemon [_thread_blocked, id=63364, stack(0x000000e232e00000,0x000000e232f00000)]
  0x000001f924994950 JavaThread "Notification Thread" daemon [_thread_blocked, id=59984, stack(0x000000e232f00000,0x000000e233000000)]
  0x000001f92499d4b0 JavaThread "Common-Cleaner" daemon [_thread_blocked, id=72088, stack(0x000000e233100000,0x000000e233200000)]

Other Threads:
  0x000001f97eadbd80 VMThread "VM Thread" [stack: 0x000000e232500000,0x000000e232600000] [id=53624]
  0x000001f92499ce40 WatcherThread "VM Periodic Task Thread" [stack: 0x000000e233000000,0x000000e233100000] [id=3932]
  0x000001f97ae906d0 WorkerThread "GC Thread#0" [stack: 0x000000e232000000,0x000000e232100000] [id=29660]
  0x000001f97aea3830 ConcurrentGCThread "G1 Main Marker" [stack: 0x000000e232100000,0x000000e232200000] [id=32440]
  0x000001f97aea4130 WorkerThread "G1 Conc#0" [stack: 0x000000e232200000,0x000000e232300000] [id=50400]
  0x000001f97aee4140 ConcurrentGCThread "G1 Refine#0" [stack: 0x000000e232300000,0x000000e232400000] [id=73084]
  0x000001f97aee4960 ConcurrentGCThread "G1 Service" [stack: 0x000000e232400000,0x000000e232500000] [id=67832]

Threads with active compile tasks:

VM state: not at safepoint (normal execution)

VM Mutex/Monitor currently owned by a thread: None

Heap address: 0x0000000701000000, size: 4080 MB, Compressed Oops mode: Zero based, Oop shift amount: 3

CDS archive(s) mapped at: [0x0000000800000000-0x0000000800ba0000-0x0000000800ba0000), size 12189696, SharedBaseAddress: 0x0000000800000000, ArchiveRelocationMode: 0.
Compressed class space mapped at: 0x0000000800c00000-0x0000000840c00000, reserved size: 1073741824
Narrow klass base: 0x0000000800000000, Narrow klass shift: 0, Narrow klass range: 0x100000000

GC Precious Log:
 CardTable entry size: 512
 Card Set container configuration: InlinePtr #cards 4 size 8 Array Of Cards #cards 16 size 48 Howl #buckets 8 coarsen threshold 3686 Howl Bitmap #cards 512 size 80 coarsen threshold 460 Card regions per heap region 1 cards per card region 4096
 CPUs: 4 total, 4 available
 Memory: 16318M
 Large Page Support: Disabled
 NUMA Support: Disabled
 Compressed Oops: Enabled (Zero based)
 Heap Region Size: 2M
 Heap Min Capacity: 8M
 Heap Initial Capacity: 256M
 Heap Max Capacity: 4080M
 Pre-touch: Disabled
 Parallel Workers: 4
 Concurrent Workers: 1
 Concurrent Refinement Workers: 4
 Periodic GC: Disabled

Heap:
 garbage-first heap   total 262144K, used 0K [0x0000000701000000, 0x0000000800000000)
  region size 2048K, 1 young (2048K), 0 survivors (0K)
 Metaspace       used 339K, committed 512K, reserved 1114112K
  class space    used 18K, committed 128K, reserved 1048576K

Heap Regions: E=young(eden), S=young(survivor), O=old, HS=humongous(starts), HC=humongous(continues), CS=collection set, F=free, OA=open archive, CA=closed archive, TAMS=top-at-mark-start (previous, next)
|   0|0x0000000701000000, 0x0000000701000000, 0x0000000701200000|  0%| F|  |TAMS 0x0000000701000000, 0x0000000701000000| Untracked 
|   1|0x0000000701200000, 0x0000000701200000, 0x0000000701400000|  0%| F|  |TAMS 0x0000000701200000, 0x0000000701200000| Untracked 
|   2|0x0000000701400000, 0x0000000701400000, 0x0000000701600000|  0%| F|  |TAMS 0x0000000701400000, 0x0000000701400000| Untracked 
|   3|0x0000000701600000, 0x0000000701600000, 0x0000000701800000|  0%| F|  |TAMS 0x0000000701600000, 0x0000000701600000| Untracked 
|   4|0x0000000701800000, 0x0000000701800000, 0x0000000701a00000|  0%| F|  |TAMS 0x0000000701800000, 0x0000000701800000| Untracked 
|   5|0x0000000701a00000, 0x0000000701a00000, 0x0000000701c00000|  0%| F|  |TAMS 0x0000000701a00000, 0x0000000701a00000| Untracked 
|   6|0x0000000701c00000, 0x0000000701c00000, 0x0000000701e00000|  0%| F|  |TAMS 0x0000000701c00000, 0x0000000701c00000| Untracked 
|   7|0x0000000701e00000, 0x0000000701e00000, 0x0000000702000000|  0%| F|  |TAMS 0x0000000701e00000, 0x0000000701e00000| Untracked 
|   8|0x0000000702000000, 0x0000000702000000, 0x0000000702200000|  0%| F|  |TAMS 0x0000000702000000, 0x0000000702000000| Untracked 
|   9|0x0000000702200000, 0x0000000702200000, 0x0000000702400000|  0%| F|  |TAMS 0x0000000702200000, 0x0000000702200000| Untracked 
|  10|0x0000000702400000, 0x0000000702400000, 0x0000000702600000|  0%| F|  |TAMS 0x0000000702400000, 0x0000000702400000| Untracked 
|  11|0x0000000702600000, 0x0000000702600000, 0x0000000702800000|  0%| F|  |TAMS 0x0000000702600000, 0x0000000702600000| Untracked 
|  12|0x0000000702800000, 0x0000000702800000, 0x0000000702a00000|  0%| F|  |TAMS 0x0000000702800000, 0x0000000702800000| Untracked 
|  13|0x0000000702a00000, 0x0000000702a00000, 0x0000000702c00000|  0%| F|  |TAMS 0x0000000702a00000, 0x0000000702a00000| Untracked 
|  14|0x0000000702c00000, 0x0000000702c00000, 0x0000000702e00000|  0%| F|  |TAMS 0x0000000702c00000, 0x0000000702c00000| Untracked 
|  15|0x0000000702e00000, 0x0000000702e00000, 0x0000000703000000|  0%| F|  |TAMS 0x0000000702e00000, 0x0000000702e00000| Untracked 
|  16|0x0000000703000000, 0x0000000703000000, 0x0000000703200000|  0%| F|  |TAMS 0x0000000703000000, 0x0000000703000000| Untracked 
|  17|0x0000000703200000, 0x0000000703200000, 0x0000000703400000|  0%| F|  |TAMS 0x0000000703200000, 0x0000000703200000| Untracked 
|  18|0x0000000703400000, 0x0000000703400000, 0x0000000703600000|  0%| F|  |TAMS 0x0000000703400000, 0x0000000703400000| Untracked 
|  19|0x0000000703600000, 0x0000000703600000, 0x0000000703800000|  0%| F|  |TAMS 0x0000000703600000, 0x0000000703600000| Untracked 
|  20|0x0000000703800000, 0x0000000703800000, 0x0000000703a00000|  0%| F|  |TAMS 0x0000000703800000, 0x0000000703800000| Untracked 
|  21|0x0000000703a00000, 0x0000000703a00000, 0x0000000703c00000|  0%| F|  |TAMS 0x0000000703a00000, 0x0000000703a00000| Untracked 
|  22|0x0000000703c00000, 0x0000000703c00000, 0x0000000703e00000|  0%| F|  |TAMS 0x0000000703c00000, 0x0000000703c00000| Untracked 
|  23|0x0000000703e00000, 0x0000000703e00000, 0x0000000704000000|  0%| F|  |TAMS 0x0000000703e00000, 0x0000000703e00000| Untracked 
|  24|0x0000000704000000, 0x0000000704000000, 0x0000000704200000|  0%| F|  |TAMS 0x0000000704000000, 0x0000000704000000| Untracked 
|  25|0x0000000704200000, 0x0000000704200000, 0x0000000704400000|  0%| F|  |TAMS 0x0000000704200000, 0x0000000704200000| Untracked 
|  26|0x0000000704400000, 0x0000000704400000, 0x0000000704600000|  0%| F|  |TAMS 0x0000000704400000, 0x0000000704400000| Untracked 
|  27|0x0000000704600000, 0x0000000704600000, 0x0000000704800000|  0%| F|  |TAMS 0x0000000704600000, 0x0000000704600000| Untracked 
|  28|0x0000000704800000, 0x0000000704800000, 0x0000000704a00000|  0%| F|  |TAMS 0x0000000704800000, 0x0000000704800000| Untracked 
|  29|0x0000000704a00000, 0x0000000704a00000, 0x0000000704c00000|  0%| F|  |TAMS 0x0000000704a00000, 0x0000000704a00000| Untracked 
|  30|0x0000000704c00000, 0x0000000704c00000, 0x0000000704e00000|  0%| F|  |TAMS 0x0000000704c00000, 0x0000000704c00000| Untracked 
|  31|0x0000000704e00000, 0x0000000704e00000, 0x0000000705000000|  0%| F|  |TAMS 0x0000000704e00000, 0x0000000704e00000| Untracked 
|  32|0x0000000705000000, 0x0000000705000000, 0x0000000705200000|  0%| F|  |TAMS 0x0000000705000000, 0x0000000705000000| Untracked 
|  33|0x0000000705200000, 0x0000000705200000, 0x0000000705400000|  0%| F|  |TAMS 0x0000000705200000, 0x0000000705200000| Untracked 
|  34|0x0000000705400000, 0x0000000705400000, 0x0000000705600000|  0%| F|  |TAMS 0x0000000705400000, 0x0000000705400000| Untracked 
|  35|0x0000000705600000, 0x0000000705600000, 0x0000000705800000|  0%| F|  |TAMS 0x0000000705600000, 0x0000000705600000| Untracked 
|  36|0x0000000705800000, 0x0000000705800000, 0x0000000705a00000|  0%| F|  |TAMS 0x0000000705800000, 0x0000000705800000| Untracked 
|  37|0x0000000705a00000, 0x0000000705a00000, 0x0000000705c00000|  0%| F|  |TAMS 0x0000000705a00000, 0x0000000705a00000| Untracked 
|  38|0x0000000705c00000, 0x0000000705c00000, 0x0000000705e00000|  0%| F|  |TAMS 0x0000000705c00000, 0x0000000705c00000| Untracked 
|  39|0x0000000705e00000, 0x0000000705e00000, 0x0000000706000000|  0%| F|  |TAMS 0x0000000705e00000, 0x0000000705e00000| Untracked 
|  40|0x0000000706000000, 0x0000000706000000, 0x0000000706200000|  0%| F|  |TAMS 0x0000000706000000, 0x0000000706000000| Untracked 
|  41|0x0000000706200000, 0x0000000706200000, 0x0000000706400000|  0%| F|  |TAMS 0x0000000706200000, 0x0000000706200000| Untracked 
|  42|0x0000000706400000, 0x0000000706400000, 0x0000000706600000|  0%| F|  |TAMS 0x0000000706400000, 0x0000000706400000| Untracked 
|  43|0x0000000706600000, 0x0000000706600000, 0x0000000706800000|  0%| F|  |TAMS 0x0000000706600000, 0x0000000706600000| Untracked 
|  44|0x0000000706800000, 0x0000000706800000, 0x0000000706a00000|  0%| F|  |TAMS 0x0000000706800000, 0x0000000706800000| Untracked 
|  45|0x0000000706a00000, 0x0000000706a00000, 0x0000000706c00000|  0%| F|  |TAMS 0x0000000706a00000, 0x0000000706a00000| Untracked 
|  46|0x0000000706c00000, 0x0000000706c00000, 0x0000000706e00000|  0%| F|  |TAMS 0x0000000706c00000, 0x0000000706c00000| Untracked 
|  47|0x0000000706e00000, 0x0000000706e00000, 0x0000000707000000|  0%| F|  |TAMS 0x0000000706e00000, 0x0000000706e00000| Untracked 
|  48|0x0000000707000000, 0x0000000707000000, 0x0000000707200000|  0%| F|  |TAMS 0x0000000707000000, 0x0000000707000000| Untracked 
|  49|0x0000000707200000, 0x0000000707200000, 0x0000000707400000|  0%| F|  |TAMS 0x0000000707200000, 0x0000000707200000| Untracked 
|  50|0x0000000707400000, 0x0000000707400000, 0x0000000707600000|  0%| F|  |TAMS 0x0000000707400000, 0x0000000707400000| Untracked 
|  51|0x0000000707600000, 0x0000000707600000, 0x0000000707800000|  0%| F|  |TAMS 0x0000000707600000, 0x0000000707600000| Untracked 
|  52|0x0000000707800000, 0x0000000707800000, 0x0000000707a00000|  0%| F|  |TAMS 0x0000000707800000, 0x0000000707800000| Untracked 
|  53|0x0000000707a00000, 0x0000000707a00000, 0x0000000707c00000|  0%| F|  |TAMS 0x0000000707a00000, 0x0000000707a00000| Untracked 
|  54|0x0000000707c00000, 0x0000000707c00000, 0x0000000707e00000|  0%| F|  |TAMS 0x0000000707c00000, 0x0000000707c00000| Untracked 
|  55|0x0000000707e00000, 0x0000000707e00000, 0x0000000708000000|  0%| F|  |TAMS 0x0000000707e00000, 0x0000000707e00000| Untracked 
|  56|0x0000000708000000, 0x0000000708000000, 0x0000000708200000|  0%| F|  |TAMS 0x0000000708000000, 0x0000000708000000| Untracked 
|  57|0x0000000708200000, 0x0000000708200000, 0x0000000708400000|  0%| F|  |TAMS 0x0000000708200000, 0x0000000708200000| Untracked 
|  58|0x0000000708400000, 0x0000000708400000, 0x0000000708600000|  0%| F|  |TAMS 0x0000000708400000, 0x0000000708400000| Untracked 
|  59|0x0000000708600000, 0x0000000708600000, 0x0000000708800000|  0%| F|  |TAMS 0x0000000708600000, 0x0000000708600000| Untracked 
|  60|0x0000000708800000, 0x0000000708800000, 0x0000000708a00000|  0%| F|  |TAMS 0x0000000708800000, 0x0000000708800000| Untracked 
|  61|0x0000000708a00000, 0x0000000708a00000, 0x0000000708c00000|  0%| F|  |TAMS 0x0000000708a00000, 0x0000000708a00000| Untracked 
|  62|0x0000000708c00000, 0x0000000708c00000, 0x0000000708e00000|  0%| F|  |TAMS 0x0000000708c00000, 0x0000000708c00000| Untracked 
|  63|0x0000000708e00000, 0x0000000708e00000, 0x0000000709000000|  0%| F|  |TAMS 0x0000000708e00000, 0x0000000708e00000| Untracked 
|  64|0x0000000709000000, 0x0000000709000000, 0x0000000709200000|  0%| F|  |TAMS 0x0000000709000000, 0x0000000709000000| Untracked 
|  65|0x0000000709200000, 0x0000000709200000, 0x0000000709400000|  0%| F|  |TAMS 0x0000000709200000, 0x0000000709200000| Untracked 
|  66|0x0000000709400000, 0x0000000709400000, 0x0000000709600000|  0%| F|  |TAMS 0x0000000709400000, 0x0000000709400000| Untracked 
|  67|0x0000000709600000, 0x0000000709600000, 0x0000000709800000|  0%| F|  |TAMS 0x0000000709600000, 0x0000000709600000| Untracked 
|  68|0x0000000709800000, 0x0000000709800000, 0x0000000709a00000|  0%| F|  |TAMS 0x0000000709800000, 0x0000000709800000| Untracked 
|  69|0x0000000709a00000, 0x0000000709a00000, 0x0000000709c00000|  0%| F|  |TAMS 0x0000000709a00000, 0x0000000709a00000| Untracked 
|  70|0x0000000709c00000, 0x0000000709c00000, 0x0000000709e00000|  0%| F|  |TAMS 0x0000000709c00000, 0x0000000709c00000| Untracked 
|  71|0x0000000709e00000, 0x0000000709e00000, 0x000000070a000000|  0%| F|  |TAMS 0x0000000709e00000, 0x0000000709e00000| Untracked 
|  72|0x000000070a000000, 0x000000070a000000, 0x000000070a200000|  0%| F|  |TAMS 0x000000070a000000, 0x000000070a000000| Untracked 
|  73|0x000000070a200000, 0x000000070a200000, 0x000000070a400000|  0%| F|  |TAMS 0x000000070a200000, 0x000000070a200000| Untracked 
|  74|0x000000070a400000, 0x000000070a400000, 0x000000070a600000|  0%| F|  |TAMS 0x000000070a400000, 0x000000070a400000| Untracked 
|  75|0x000000070a600000, 0x000000070a600000, 0x000000070a800000|  0%| F|  |TAMS 0x000000070a600000, 0x000000070a600000| Untracked 
|  76|0x000000070a800000, 0x000000070a800000, 0x000000070aa00000|  0%| F|  |TAMS 0x000000070a800000, 0x000000070a800000| Untracked 
|  77|0x000000070aa00000, 0x000000070aa00000, 0x000000070ac00000|  0%| F|  |TAMS 0x000000070aa00000, 0x000000070aa00000| Untracked 
|  78|0x000000070ac00000, 0x000000070ac00000, 0x000000070ae00000|  0%| F|  |TAMS 0x000000070ac00000, 0x000000070ac00000| Untracked 
|  79|0x000000070ae00000, 0x000000070ae00000, 0x000000070b000000|  0%| F|  |TAMS 0x000000070ae00000, 0x000000070ae00000| Untracked 
|  80|0x000000070b000000, 0x000000070b000000, 0x000000070b200000|  0%| F|  |TAMS 0x000000070b000000, 0x000000070b000000| Untracked 
|  81|0x000000070b200000, 0x000000070b200000, 0x000000070b400000|  0%| F|  |TAMS 0x000000070b200000, 0x000000070b200000| Untracked 
|  82|0x000000070b400000, 0x000000070b400000, 0x000000070b600000|  0%| F|  |TAMS 0x000000070b400000, 0x000000070b400000| Untracked 
|  83|0x000000070b600000, 0x000000070b600000, 0x000000070b800000|  0%| F|  |TAMS 0x000000070b600000, 0x000000070b600000| Untracked 
|  84|0x000000070b800000, 0x000000070b800000, 0x000000070ba00000|  0%| F|  |TAMS 0x000000070b800000, 0x000000070b800000| Untracked 
|  85|0x000000070ba00000, 0x000000070ba00000, 0x000000070bc00000|  0%| F|  |TAMS 0x000000070ba00000, 0x000000070ba00000| Untracked 
|  86|0x000000070bc00000, 0x000000070bc00000, 0x000000070be00000|  0%| F|  |TAMS 0x000000070bc00000, 0x000000070bc00000| Untracked 
|  87|0x000000070be00000, 0x000000070be00000, 0x000000070c000000|  0%| F|  |TAMS 0x000000070be00000, 0x000000070be00000| Untracked 
|  88|0x000000070c000000, 0x000000070c000000, 0x000000070c200000|  0%| F|  |TAMS 0x000000070c000000, 0x000000070c000000| Untracked 
|  89|0x000000070c200000, 0x000000070c200000, 0x000000070c400000|  0%| F|  |TAMS 0x000000070c200000, 0x000000070c200000| Untracked 
|  90|0x000000070c400000, 0x000000070c400000, 0x000000070c600000|  0%| F|  |TAMS 0x000000070c400000, 0x000000070c400000| Untracked 
|  91|0x000000070c600000, 0x000000070c600000, 0x000000070c800000|  0%| F|  |TAMS 0x000000070c600000, 0x000000070c600000| Untracked 
|  92|0x000000070c800000, 0x000000070c800000, 0x000000070ca00000|  0%| F|  |TAMS 0x000000070c800000, 0x000000070c800000| Untracked 
|  93|0x000000070ca00000, 0x000000070ca00000, 0x000000070cc00000|  0%| F|  |TAMS 0x000000070ca00000, 0x000000070ca00000| Untracked 
|  94|0x000000070cc00000, 0x000000070cc00000, 0x000000070ce00000|  0%| F|  |TAMS 0x000000070cc00000, 0x000000070cc00000| Untracked 
|  95|0x000000070ce00000, 0x000000070ce00000, 0x000000070d000000|  0%| F|  |TAMS 0x000000070ce00000, 0x000000070ce00000| Untracked 
|  96|0x000000070d000000, 0x000000070d000000, 0x000000070d200000|  0%| F|  |TAMS 0x000000070d000000, 0x000000070d000000| Untracked 
|  97|0x000000070d200000, 0x000000070d200000, 0x000000070d400000|  0%| F|  |TAMS 0x000000070d200000, 0x000000070d200000| Untracked 
|  98|0x000000070d400000, 0x000000070d400000, 0x000000070d600000|  0%| F|  |TAMS 0x000000070d400000, 0x000000070d400000| Untracked 
|  99|0x000000070d600000, 0x000000070d600000, 0x000000070d800000|  0%| F|  |TAMS 0x000000070d600000, 0x000000070d600000| Untracked 
| 100|0x000000070d800000, 0x000000070d800000, 0x000000070da00000|  0%| F|  |TAMS 0x000000070d800000, 0x000000070d800000| Untracked 
| 101|0x000000070da00000, 0x000000070da00000, 0x000000070dc00000|  0%| F|  |TAMS 0x000000070da00000, 0x000000070da00000| Untracked 
| 102|0x000000070dc00000, 0x000000070dc00000, 0x000000070de00000|  0%| F|  |TAMS 0x000000070dc00000, 0x000000070dc00000| Untracked 
| 103|0x000000070de00000, 0x000000070de00000, 0x000000070e000000|  0%| F|  |TAMS 0x000000070de00000, 0x000000070de00000| Untracked 
| 104|0x000000070e000000, 0x000000070e000000, 0x000000070e200000|  0%| F|  |TAMS 0x000000070e000000, 0x000000070e000000| Untracked 
| 105|0x000000070e200000, 0x000000070e200000, 0x000000070e400000|  0%| F|  |TAMS 0x000000070e200000, 0x000000070e200000| Untracked 
| 106|0x000000070e400000, 0x000000070e400000, 0x000000070e600000|  0%| F|  |TAMS 0x000000070e400000, 0x000000070e400000| Untracked 
| 107|0x000000070e600000, 0x000000070e600000, 0x000000070e800000|  0%| F|  |TAMS 0x000000070e600000, 0x000000070e600000| Untracked 
| 108|0x000000070e800000, 0x000000070e800000, 0x000000070ea00000|  0%| F|  |TAMS 0x000000070e800000, 0x000000070e800000| Untracked 
| 109|0x000000070ea00000, 0x000000070ea00000, 0x000000070ec00000|  0%| F|  |TAMS 0x000000070ea00000, 0x000000070ea00000| Untracked 
| 110|0x000000070ec00000, 0x000000070ec00000, 0x000000070ee00000|  0%| F|  |TAMS 0x000000070ec00000, 0x000000070ec00000| Untracked 
| 111|0x000000070ee00000, 0x000000070ee00000, 0x000000070f000000|  0%| F|  |TAMS 0x000000070ee00000, 0x000000070ee00000| Untracked 
| 112|0x000000070f000000, 0x000000070f000000, 0x000000070f200000|  0%| F|  |TAMS 0x000000070f000000, 0x000000070f000000| Untracked 
| 113|0x000000070f200000, 0x000000070f200000, 0x000000070f400000|  0%| F|  |TAMS 0x000000070f200000, 0x000000070f200000| Untracked 
| 114|0x000000070f400000, 0x000000070f400000, 0x000000070f600000|  0%| F|  |TAMS 0x000000070f400000, 0x000000070f400000| Untracked 
| 115|0x000000070f600000, 0x000000070f600000, 0x000000070f800000|  0%| F|  |TAMS 0x000000070f600000, 0x000000070f600000| Untracked 
| 116|0x000000070f800000, 0x000000070f800000, 0x000000070fa00000|  0%| F|  |TAMS 0x000000070f800000, 0x000000070f800000| Untracked 
| 117|0x000000070fa00000, 0x000000070fa00000, 0x000000070fc00000|  0%| F|  |TAMS 0x000000070fa00000, 0x000000070fa00000| Untracked 
| 118|0x000000070fc00000, 0x000000070fc00000, 0x000000070fe00000|  0%| F|  |TAMS 0x000000070fc00000, 0x000000070fc00000| Untracked 
| 119|0x000000070fe00000, 0x000000070fe00000, 0x0000000710000000|  0%| F|  |TAMS 0x000000070fe00000, 0x000000070fe00000| Untracked 
| 120|0x0000000710000000, 0x0000000710000000, 0x0000000710200000|  0%| F|  |TAMS 0x0000000710000000, 0x0000000710000000| Untracked 
| 121|0x0000000710200000, 0x0000000710200000, 0x0000000710400000|  0%| F|  |TAMS 0x0000000710200000, 0x0000000710200000| Untracked 
| 122|0x0000000710400000, 0x0000000710400000, 0x0000000710600000|  0%| F|  |TAMS 0x0000000710400000, 0x0000000710400000| Untracked 
| 123|0x0000000710600000, 0x0000000710600000, 0x0000000710800000|  0%| F|  |TAMS 0x0000000710600000, 0x0000000710600000| Untracked 
| 124|0x0000000710800000, 0x0000000710800000, 0x0000000710a00000|  0%| F|  |TAMS 0x0000000710800000, 0x0000000710800000| Untracked 
| 125|0x0000000710a00000, 0x0000000710a00000, 0x0000000710c00000|  0%| F|  |TAMS 0x0000000710a00000, 0x0000000710a00000| Untracked 
| 126|0x0000000710c00000, 0x0000000710c00000, 0x0000000710e00000|  0%| F|  |TAMS 0x0000000710c00000, 0x0000000710c00000| Untracked 
| 127|0x0000000710e00000, 0x0000000710fae400, 0x0000000711000000| 84%| E|  |TAMS 0x0000000710e00000, 0x0000000710e00000| Complete 

Card table byte_map: [0x000001f97d500000,0x000001f97dd00000] _byte_map_base: 0x000001f979cf8000

Marking Bits (Prev, Next): (CMBitMap*) 0x000001f97ae93000, (CMBitMap*) 0x000001f97ae93040
 Prev Bits: [0x000001f916870000, 0x000001f91a830000)
 Next Bits: [0x000001f91a830000, 0x000001f91e7f0000)

Polling page: 0x000001f97aef0000

Metaspace:

Usage:
  Non-class:    321.23 KB used.
      Class:     18.52 KB used.
       Both:    339.75 KB used.

Virtual space:
  Non-class space:       64.00 MB reserved,     384.00 KB ( <1%) committed,  1 nodes.
      Class space:        1.00 GB reserved,     128.00 KB ( <1%) committed,  1 nodes.
             Both:        1.06 GB reserved,     512.00 KB ( <1%) committed. 

Chunk freelists:
   Non-Class:  3.95 MB
       Class:  3.72 MB
        Both:  7.67 MB

MaxMetaspaceSize: unlimited
CompressedClassSpaceSize: 1.00 GB
Initial GC threshold: 21.00 MB
Current GC threshold: 21.00 MB
CDS: on
MetaspaceReclaimPolicy: balanced
 - commit_granule_bytes: 65536.
 - commit_granule_words: 8192.
 - virtual_space_node_default_size: 8388608.
 - enlarge_chunks_in_place: 1.
 - new_chunks_are_fully_committed: 0.
 - uncommit_free_chunks: 1.
 - use_allocation_guard: 0.


Internal statistics:

num_allocs_failed_limit: 0.
num_arena_births: 28.
num_arena_deaths: 0.
num_vsnodes_births: 2.
num_vsnodes_deaths: 0.
num_space_committed: 8.
num_space_uncommitted: 0.
num_chunks_returned_to_freelist: 0.
num_chunks_taken_from_freelist: 36.
num_chunk_merges: 0.
num_chunk_splits: 23.
num_chunks_enlarged: 14.
num_inconsistent_stats: 0.

CodeHeap 'non-profiled nmethods': size=120000Kb used=68Kb max_used=68Kb free=119931Kb
 bounds [0x000001f90f340000, 0x000001f90f5b0000, 0x000001f916870000]
CodeHeap 'profiled nmethods': size=120000Kb used=219Kb max_used=219Kb free=119780Kb
 bounds [0x000001f907e10000, 0x000001f908080000, 0x000001f90f340000]
CodeHeap 'non-nmethods': size=5760Kb used=1088Kb max_used=1099Kb free=4671Kb
 bounds [0x000001f907870000, 0x000001f907ae0000, 0x000001f907e10000]
 total_blobs=531 nmethods=185 adapters=259
 compilation: enabled
              stopped_count=0, restarted_count=0
 full_count=0

Compilation events (20 events):
Event: 0.125 Thread 0x000001f97eb0d710  168       3       java.util.Arrays::equals (57 bytes)
Event: 0.125 Thread 0x000001f97eb0d710 nmethod 168 0x000001f907e38d90 code [0x000001f907e38f80, 0x000001f907e39568]
Event: 0.125 Thread 0x000001f97eb0d710  171       3       java.lang.invoke.LambdaForm::internArgument (85 bytes)
Event: 0.126 Thread 0x000001f97eb0d710 nmethod 171 0x000001f907e39710 code [0x000001f907e398e0, 0x000001f907e39c48]
Event: 0.126 Thread 0x000001f97eb0d710  173       3       java.lang.invoke.MethodType::equals (56 bytes)
Event: 0.126 Thread 0x000001f97eb0d710 nmethod 173 0x000001f907e39e10 code [0x000001f907e3a040, 0x000001f907e3abf8]
Event: 0.126 Thread 0x000001f97eb0d710  175       3       java.lang.invoke.LambdaForm$Name::useCount (51 bytes)
Event: 0.126 Thread 0x000001f97eb0d710 nmethod 175 0x000001f907e3ad90 code [0x000001f907e3af40, 0x000001f907e3b1b8]
Event: 0.126 Thread 0x000001f97eb0d710  177       3       jdk.internal.org.objectweb.asm.Frame::execute (2305 bytes)
Event: 0.130 Thread 0x000001f97eb0d710 nmethod 177 0x000001f907e3b290 code [0x000001f907e3c1a0, 0x000001f907e42e78]
Event: 0.130 Thread 0x000001f97eb0d710  183       3       java.lang.invoke.MethodType::checkPtypes (76 bytes)
Event: 0.130 Thread 0x000001f97eb0d710 nmethod 183 0x000001f907e44a90 code [0x000001f907e44d00, 0x000001f907e45668]
Event: 0.130 Thread 0x000001f97eb0d710  176       3       java.lang.invoke.MethodType$ConcurrentWeakInternSet::get (47 bytes)
Event: 0.131 Thread 0x000001f97eb0d710 nmethod 176 0x000001f907e45a10 code [0x000001f907e45c40, 0x000001f907e465b8]
Event: 0.131 Thread 0x000001f97eb0d710  179       3       java.lang.invoke.LambdaForm$Name::initIndex (26 bytes)
Event: 0.131 Thread 0x000001f97eb0d710 nmethod 179 0x000001f907e46910 code [0x000001f907e46aa0, 0x000001f907e46c58]
Event: 0.131 Thread 0x000001f97eb0d710  174       1       java.lang.invoke.LambdaForm$BasicType::basicTypeClass (5 bytes)
Event: 0.131 Thread 0x000001f97eb0d710 nmethod 174 0x000001f90f350c90 code [0x000001f90f350e20, 0x000001f90f350ef8]
Event: 0.131 Thread 0x000001f97eb0d710  185       1       java.lang.invoke.MethodTypeForm::erasedType (5 bytes)
Event: 0.131 Thread 0x000001f97eb0d710 nmethod 185 0x000001f90f350f90 code [0x000001f90f351120, 0x000001f90f3511f8]

GC Heap History (0 events):
No events

Deoptimization events (0 events):
No events

Classes loaded (10 events):
Event: 0.069 Loading class jdk/internal/loader/URLClassPath$FileLoader
Event: 0.069 Loading class jdk/internal/loader/URLClassPath$FileLoader done
Event: 0.070 Loading class jdk/internal/loader/URLClassPath$FileLoader$1
Event: 0.070 Loading class jdk/internal/loader/URLClassPath$FileLoader$1 done
Event: 0.073 Loading class java/io/FileNotFoundException
Event: 0.073 Loading class java/io/IOException
Event: 0.073 Loading class java/io/IOException done
Event: 0.073 Loading class java/io/FileNotFoundException done
Event: 0.073 Loading class java/security/PrivilegedActionException
Event: 0.073 Loading class java/security/PrivilegedActionException done

Classes unloaded (0 events):
No events

Classes redefined (0 events):
No events

Internal exceptions (0 events):
No events

VM Operations (0 events):
No events

Events (15 events):
Event: 0.007 Loaded shared library C:\Program Files\Java\jdk-18.0.2.1\bin\java.dll
Event: 0.016 Loaded shared library C:\Program Files\Java\jdk-18.0.2.1\bin\jsvml.dll
Event: 0.016 Thread 0x000001f97ae20e70 Thread added: 0x000001f97ae20e70
Event: 0.018 Thread 0x000001f97eadec90 Thread added: 0x000001f97eadec90
Event: 0.018 Thread 0x000001f97eadf800 Thread added: 0x000001f97eadf800
Event: 0.027 Thread 0x000001f97eafaf10 Thread added: 0x000001f97eafaf10
Event: 0.027 Thread 0x000001f97eafb7c0 Thread added: 0x000001f97eafb7c0
Event: 0.027 Thread 0x000001f97eafe080 Thread added: 0x000001f97eafe080
Event: 0.027 Thread 0x000001f97eafe930 Thread added: 0x000001f97eafe930
Event: 0.027 Thread 0x000001f97eaff510 Thread added: 0x000001f97eaff510
Event: 0.027 Thread 0x000001f97eb0d710 Thread added: 0x000001f97eb0d710
Event: 0.027 Thread 0x000001f97eb20c10 Thread added: 0x000001f97eb20c10
Event: 0.068 Thread 0x000001f924994950 Thread added: 0x000001f924994950
Event: 0.071 Thread 0x000001f92499d4b0 Thread added: 0x000001f92499d4b0
Event: 0.082 Loaded shared library C:\Users\hmsel\git\CPP\jmtp\cpp\x64\Debug\mtpjava.dll


Dynamic libraries:
0x00007ff73de10000 - 0x00007ff73de20000 	C:\Program Files\Java\jdk-18.0.2.1\bin\java.exe
0x00007ff920490000 - 0x00007ff920688000 	C:\WINDOWS\SYSTEM32\ntdll.dll
0x00007ff920250000 - 0x00007ff92030f000 	C:\WINDOWS\System32\KERNEL32.DLL
0x00007ff91e210000 - 0x00007ff91e4ea000 	C:\WINDOWS\System32\KERNELBASE.dll
0x00007ff91df60000 - 0x00007ff91e060000 	C:\WINDOWS\System32\ucrtbase.dll
0x00007ff8fb960000 - 0x00007ff8fb97a000 	C:\Program Files\Java\jdk-18.0.2.1\bin\VCRUNTIME140.dll
0x00007ff8fc310000 - 0x00007ff8fc328000 	C:\Program Files\Java\jdk-18.0.2.1\bin\jli.dll
0x00007ff91f570000 - 0x00007ff91f61e000 	C:\WINDOWS\System32\ADVAPI32.dll
0x00007ff91ff30000 - 0x00007ff91ffce000 	C:\WINDOWS\System32\msvcrt.dll
0x00007ff9200e0000 - 0x00007ff92017c000 	C:\WINDOWS\System32\sechost.dll
0x00007ff91f370000 - 0x00007ff91f496000 	C:\WINDOWS\System32\RPCRT4.dll
0x00007ff91ec40000 - 0x00007ff91eddd000 	C:\WINDOWS\System32\USER32.dll
0x00007ff91dc30000 - 0x00007ff91dc52000 	C:\WINDOWS\System32\win32u.dll
0x00007ff920420000 - 0x00007ff92044b000 	C:\WINDOWS\System32\GDI32.dll
0x00007ff9122c0000 - 0x00007ff91255a000 	C:\WINDOWS\WinSxS\amd64_microsoft.windows.common-controls_6595b64144ccf1df_6.0.19041.1110_none_60b5254171f9507e\COMCTL32.dll
0x00007ff91e100000 - 0x00007ff91e210000 	C:\WINDOWS\System32\gdi32full.dll
0x00007ff91e060000 - 0x00007ff91e0fd000 	C:\WINDOWS\System32\msvcp_win.dll
0x00007ff916860000 - 0x00007ff91686a000 	C:\WINDOWS\SYSTEM32\VERSION.dll
0x00007ff9200b0000 - 0x00007ff9200e0000 	C:\WINDOWS\System32\IMM32.DLL
0x00007ff90fd30000 - 0x00007ff90fd3c000 	C:\Program Files\Java\jdk-18.0.2.1\bin\vcruntime140_1.dll
0x00007ff88c540000 - 0x00007ff88c5cd000 	C:\Program Files\Java\jdk-18.0.2.1\bin\msvcp140.dll
0x00007ff805b10000 - 0x00007ff806721000 	C:\Program Files\Java\jdk-18.0.2.1\bin\server\jvm.dll
0x00007ff91f560000 - 0x00007ff91f568000 	C:\WINDOWS\System32\PSAPI.DLL
0x00007ff901010000 - 0x00007ff901019000 	C:\WINDOWS\SYSTEM32\WSOCK32.dll
0x00007ff91f620000 - 0x00007ff91f68b000 	C:\WINDOWS\System32\WS2_32.dll
0x00007ff9145f0000 - 0x00007ff914617000 	C:\WINDOWS\SYSTEM32\WINMM.dll
0x00007ff91c3f0000 - 0x00007ff91c402000 	C:\WINDOWS\SYSTEM32\kernel.appcore.dll
0x00007ff8fdf00000 - 0x00007ff8fdf0a000 	C:\Program Files\Java\jdk-18.0.2.1\bin\jimage.dll
0x00007ff912750000 - 0x00007ff912934000 	C:\WINDOWS\SYSTEM32\DBGHELP.DLL
0x00007ff8f4d90000 - 0x00007ff8f4dc4000 	C:\WINDOWS\SYSTEM32\dbgcore.DLL
0x00007ff91dba0000 - 0x00007ff91dc22000 	C:\WINDOWS\System32\bcryptPrimitives.dll
0x00007ff8fb930000 - 0x00007ff8fb955000 	C:\Program Files\Java\jdk-18.0.2.1\bin\java.dll
0x00007ff88b3e0000 - 0x00007ff88b4b6000 	C:\Program Files\Java\jdk-18.0.2.1\bin\jsvml.dll
0x00007ff91e4f0000 - 0x00007ff91ec34000 	C:\WINDOWS\System32\SHELL32.dll
0x00007ff91bc20000 - 0x00007ff91c3b3000 	C:\WINDOWS\SYSTEM32\windows.storage.dll
0x00007ff91eff0000 - 0x00007ff91f344000 	C:\WINDOWS\System32\combase.dll
0x00007ff91d590000 - 0x00007ff91d5be000 	C:\WINDOWS\SYSTEM32\Wldp.dll
0x00007ff91f4b0000 - 0x00007ff91f55d000 	C:\WINDOWS\System32\SHCORE.dll
0x00007ff9203c0000 - 0x00007ff920415000 	C:\WINDOWS\System32\shlwapi.dll
0x00007ff91dae0000 - 0x00007ff91daff000 	C:\WINDOWS\SYSTEM32\profapi.dll
0x00007ff88bbb0000 - 0x00007ff88bbff000 	C:\Users\hmsel\git\CPP\jmtp\cpp\x64\Debug\mtpjava.dll
0x00007ff91fb60000 - 0x00007ff91fc8a000 	C:\WINDOWS\System32\ole32.dll
0x00007ff920180000 - 0x00007ff92024d000 	C:\WINDOWS\System32\OLEAUT32.dll
0x00007ff8fba80000 - 0x00007ff8fba8f000 	C:\WINDOWS\SYSTEM32\VCRUNTIME140_1D.dll
0x00007ff885790000 - 0x00007ff885872000 	C:\WINDOWS\SYSTEM32\MSVCP140D.dll
0x00007ff88c660000 - 0x00007ff88c68b000 	C:\WINDOWS\SYSTEM32\VCRUNTIME140D.dll
0x00007ff86e8b0000 - 0x00007ff86eacf000 	C:\WINDOWS\SYSTEM32\ucrtbased.dll
0x00007ff91b4d0000 - 0x00007ff91b56e000 	C:\WINDOWS\system32\uxtheme.dll
0x00007ff918fc0000 - 0x00007ff918fd1000 	C:\Program Files (x86)\Dexpot\hooxpot64.dll
0x00007ff920310000 - 0x00007ff9203b9000 	C:\WINDOWS\System32\clbcatq.dll
0x00007ff9181d0000 - 0x00007ff918273000 	C:\Windows\System32\PortableDeviceApi.dll
0x00007ff91f690000 - 0x00007ff91faf8000 	C:\WINDOWS\System32\SETUPAPI.dll
0x00007ff91de30000 - 0x00007ff91de7e000 	C:\WINDOWS\System32\cfgmgr32.dll
0x00007ff91de80000 - 0x00007ff91dea7000 	C:\WINDOWS\System32\bcrypt.dll
0x00007ff91d970000 - 0x00007ff91d99c000 	C:\WINDOWS\System32\DEVOBJ.dll
0x00007ff8e3480000 - 0x00007ff8e34b2000 	C:\Windows\System32\PortableDeviceTypes.dll
0x00007ff919650000 - 0x00007ff919746000 	C:\Windows\System32\PROPSYS.dll
0x00007ff91ddc0000 - 0x00007ff91de27000 	C:\WINDOWS\System32\WINTRUST.dll
0x00007ff91dc60000 - 0x00007ff91ddb6000 	C:\WINDOWS\System32\CRYPT32.dll
0x00007ff91d790000 - 0x00007ff91d7a2000 	C:\WINDOWS\System32\MSASN1.dll

dbghelp: loaded successfully - version: 4.0.5 - missing functions: none
symbol engine: initialized successfully - sym options: 0x614 - pdb path: .;C:\Program Files\Java\jdk-18.0.2.1\bin;C:\WINDOWS\SYSTEM32;C:\WINDOWS\WinSxS\amd64_microsoft.windows.common-controls_6595b64144ccf1df_6.0.19041.1110_none_60b5254171f9507e;C:\Program Files\Java\jdk-18.0.2.1\bin\server;C:\Users\hmsel\git\CPP\jmtp\cpp\x64\Debug;C:\Program Files (x86)\Dexpot

VM Arguments:
jvm_args: -Djava.library.path=C:\Users\hmsel\git\CPP\jmtp\cpp\x64\Debug\ -Dfile.encoding=windows-1252 -Duser.country=US -Duser.language=en -Duser.variant 
java_command: Test
java_class_path (initial): C:\Users\hmsel\git\CPP\jmtp\MtpJava\build\classes\java\test;C:\Users\hmsel\git\CPP\jmtp\MtpJava\build\resources\test;C:\Users\hmsel\git\CPP\jmtp\MtpJava\build\classes\java\main;C:\Users\hmsel\git\CPP\jmtp\MtpJava\build\resources\main;C:\Users\hmsel\.gradle\caches\modules-2\files-2.1\org.junit.jupiter\junit-jupiter\5.9.1\9274d3757e224bc02eae367bd481062a263c150b\junit-jupiter-5.9.1.jar;C:\Users\hmsel\.gradle\caches\modules-2\files-2.1\org.junit.jupiter\junit-jupiter-params\5.9.1\ffcd1013edaeee112be11fcddeb38882d79238de\junit-jupiter-params-5.9.1.jar;C:\Users\hmsel\.gradle\caches\modules-2\files-2.1\org.junit.jupiter\junit-jupiter-engine\5.9.1\1bf771097bde296c3ab174861954e8aafaaf2e94\junit-jupiter-engine-5.9.1.jar;C:\Users\hmsel\.gradle\caches\modules-2\files-2.1\org.junit.jupiter\junit-jupiter-api\5.9.1\7bb53fbc0173e9f6a9d21d58297af94b1f2f9ce1\junit-jupiter-api-5.9.1.jar;C:\Users\hmsel\.gradle\caches\modules-2\files-2.1\org.junit.platform\junit-platform-engine\1.9.1\83591e5089d6cea5f324aa3ecca9b19d5a275803\junit-platform-engine-1.9.1.jar;C:\Users\hmsel\.gradle\caches\modules-2\files-2.1\org.junit.platform\junit-platform-commons\1.9.1\3145f821b5cd10abcdc5f925baa5fffa6f1b628f\junit-platform-commons-1.9.1.jar;C:\Users\hmsel\.gradle\caches\modules-2\files-2.1\org.opentest4j\opentest4j\1.2.0\28c11eb91f9b6d8e200631d46e20a7f407f2a046\opentest4j-1.2.0.jar
Launcher Type: SUN_STANDARD

[Global flags]
     intx CICompilerCount                          = 3                                         {product} {ergonomic}
     uint ConcGCThreads                            = 1                                         {product} {ergonomic}
     uint G1ConcRefinementThreads                  = 4                                         {product} {ergonomic}
   size_t G1HeapRegionSize                         = 2097152                                   {product} {ergonomic}
    uintx GCDrainStackTargetSize                   = 64                                        {product} {ergonomic}
   size_t InitialHeapSize                          = 268435456                                 {product} {ergonomic}
   size_t MarkStackSize                            = 4194304                                   {product} {ergonomic}
   size_t MaxHeapSize                              = 4278190080                                {product} {ergonomic}
   size_t MaxNewSize                               = 2566914048                                {product} {ergonomic}
   size_t MinHeapDeltaBytes                        = 2097152                                   {product} {ergonomic}
   size_t MinHeapSize                              = 8388608                                   {product} {ergonomic}
    uintx NonNMethodCodeHeapSize                   = 5832780                                {pd product} {ergonomic}
    uintx NonProfiledCodeHeapSize                  = 122912730                              {pd product} {ergonomic}
    uintx ProfiledCodeHeapSize                     = 122912730                              {pd product} {ergonomic}
    uintx ReservedCodeCacheSize                    = 251658240                              {pd product} {ergonomic}
     bool SegmentedCodeCache                       = true                                      {product} {ergonomic}
   size_t SoftMaxHeapSize                          = 4278190080                             {manageable} {ergonomic}
     bool UseCompressedClassPointers               = true                           {product lp64_product} {ergonomic}
     bool UseCompressedOops                        = true                           {product lp64_product} {ergonomic}
     bool UseG1GC                                  = true                                      {product} {ergonomic}
     bool UseLargePagesIndividualAllocation        = false                                  {pd product} {ergonomic}

Logging:
Log output configuration:
 #0: stdout all=warning uptime,level,tags foldmultilines=false
 #1: stderr all=off uptime,level,tags foldmultilines=false

Environment Variables:
JAVA_HOME=C:\Program Files\Java\jdk-18.0.2.1
PATH=C:\Program Files\Microsoft\jdk-11.0.16.101-hotspot\bin;C:\Program Files\Common Files\Oracle\Java\javapath;C:\Program Files (x86)\Common Files\Oracle\Java\javapath;C:\Windows\system32;C:\Windows;C:\Windows\System32\Wbem;C:\Windows\System32\WindowsPowerShell\v1.0\;C:\Windows\System32\OpenSSH\;"C:\Program Files\NVIDIA Corporation\NVIDIA NvDLISR;C:\Program Files (x86)\NVIDIA Corporation\PhysX\Common;C:\WINDOWS\system32;C:\WINDOWS;C:\WINDOWS\System32\Wbem;C:\WINDOWS\System32\WindowsPowerShell\v1.0\;C:\WINDOWS\Sys";C:\Program Files (x86)\Windows Kits\10\Windows Performance Toolkit\;C:\Program Files\dotnet\;C:\Program Files\NVIDIA Corporation\NVIDIA NvDLISR;C:\Program Files (x86)\NVIDIA Corporation\PhysX\Common;C:\Program Files\Microsoft SQL Server\150\Tools\Binn\;C:\mingw64;C:\mingw64\bin;C:\Program Files\Git\cmd;C:\Program Files\CMake\bin;C:\Program Files\PuTTY\;C:\Users\hmsel\AppData\Local\Microsoft\WindowsApps;C:\Users\hmsel\AppData\Local\GitHubDesktop\bin;C:\Users\hmsel\AppData\Local\atom\bin;C:\Users\hmsel\AppData\Local\Microsoft\WindowsApps;C:\Users\hmsel\gradle\gradle-7.5.1\bin;C:\Users\hmsel\.dotnet\tools;C:\Program Files\Maven\apache-maven-3.9.1\bin;
USERNAME=hms11
OS=Windows_NT
PROCESSOR_IDENTIFIER=Intel64 Family 6 Model 60 Stepping 3, GenuineIntel



---------------  S Y S T E M  ---------------

OS:
 Windows 10 , 64 bit Build 19041 (10.0.19041.2788)
OS uptime: 3 days 17:06 hours

CPU: total 4 (initial active 4) (4 cores per cpu, 1 threads per core) family 6 model 60 stepping 3 microcode 0x27, cx8, cmov, fxsr, mmx, sse, sse2, sse3, ssse3, sse4.1, sse4.2, popcnt, lzcnt, tsc, tscinvbit, avx, avx2, aes, erms, clmul, bmi1, bmi2, fma, vzeroupper, clflush

Memory: 4k page, system-wide physical 16318M (4842M free)
TotalPageFile size 32702M (AvailPageFile size 10178M)
current process WorkingSet (physical memory assigned to process): 35M, peak: 35M
current process commit charge ("private bytes"): 337M, peak: 337M

vm_info: Java HotSpot(TM) 64-Bit Server VM (18.0.2.1+1-1) for windows-amd64 JRE (18.0.2.1+1-1), built on Aug 16 2022 01:46:33 by "mach5one" with MS VC++ 16.8 / 16.9 (VS2019)

END.
