#
# A fatal error has been detected by the Java Runtime Environment:
#
#  EXCEPTION_ACCESS_VIOLATION (0xc0000005) at pc=0x00007ff8fb91066b, pid=100892, tid=94480
#
# JRE version: Java(TM) SE Runtime Environment (18.0.2.1+1) (build 18.0.2.1+1-1)
# Java VM: Java HotSpot(TM) 64-Bit Server VM (18.0.2.1+1-1, mixed mode, sharing, tiered, compressed oops, compressed class ptrs, g1 gc, windows-amd64)
# Problematic frame:
# C  [mtpjava.dll+0x2066b]
#
# No core dump will be written. Minidumps are not enabled by default on client versions of Windows
#
# If you would like to submit a bug report, please visit:
#   https://bugreport.java.com/bugreport/crash.jsp
# The crash happened outside the Java Virtual Machine in native code.
# See problematic frame for where to report the bug.
#

---------------  S U M M A R Y ------------

Command Line: -Djava.library.path=C:\Users\hmsel\git\CPP\jmtp\cpp\x64\Debug\ -Dfile.encoding=windows-1252 -Duser.country=US -Duser.language=en -Duser.variant Test

Host: Intel(R) Core(TM) i5-4460  CPU @ 3.20GHz, 4 cores, 15G,  Windows 10 , 64 bit Build 19041 (10.0.19041.2788)
Time: Fri Apr 28 19:08:49 2023 Jerusalem Daylight Time elapsed time: 0.122842 seconds (0d 0h 0m 0s)

---------------  T H R E A D  ---------------

Current thread (0x000001e720150ee0):  JavaThread "main" [_thread_in_native, id=94480, stack(0x0000005d42500000,0x0000005d42600000)]

Stack: [0x0000005d42500000,0x0000005d42600000],  sp=0x0000005d425ff220,  free space=1020k
Native frames: (J=compiled Java code, j=interpreted, Vv=VM code, C=native code)
C  [mtpjava.dll+0x2066b]

Java frames: (J=compiled Java code, j=interpreted, Vv=VM code)
j  com.github.hms11rn.mtp.win32.content.PortableDeviceObjectWin32.getProperties()Ljava/util/Map;+0
j  Test.main([Ljava/lang/String;)V+254
v  ~StubRoutines::call_stub

siginfo: EXCEPTION_ACCESS_VIOLATION (0xc0000005), reading address 0x0000000000000000


Register to memory mapping:

RIP=0x00007ff8fb91066b mtpjava.dll
RAX=0x0 is NULL
RBX={method} {0x000001e742c0f388} 'getProperties' '()Ljava/util/Map;' in 'com/github/hms11rn/mtp/win32/content/PortableDeviceObjectWin32'
RCX=0x00000000ffffffff is an unknown value
RDX=0x00007ff886397c88 ucrtbased.dll
RSP=0x0000005d425ff220 is pointing into the stack for thread: 0x000001e720150ee0
RBP=0x0000005d425ff240 is pointing into the stack for thread: 0x000001e720150ee0
RSI=0x0000000000000282 is an unknown value
RDI=0x0000005d425ff2c8 is pointing into the stack for thread: 0x000001e720150ee0
R8 =0x0000000000000009 is an unknown value
R9 =0x0000005d425fef38 is pointing into the stack for thread: 0x000001e720150ee0
R10=0x000000000000001a is an unknown value
R11=0x0000000000000246 is an unknown value
R12=0x0 is NULL
R13=0x000001e742c0f378 is pointing into metadata
R14=0x0000005d425ff538 is pointing into the stack for thread: 0x000001e720150ee0
R15=0x000001e720150ee0 is a thread


Registers:
RAX=0x0000000000000000, RBX=0x000001e742c0f380, RCX=0x00000000ffffffff, RDX=0x00007ff886397c88
RSP=0x0000005d425ff220, RBP=0x0000005d425ff240, RSI=0x0000000000000282, RDI=0x0000005d425ff2c8
R8 =0x0000000000000009, R9 =0x0000005d425fef38, R10=0x000000000000001a, R11=0x0000000000000246
R12=0x0000000000000000, R13=0x000001e742c0f378, R14=0x0000005d425ff538, R15=0x000001e720150ee0
RIP=0x00007ff8fb91066b, EFLAGS=0x0000000000010206

Top of Stack: (sp=0x0000005d425ff220)
0x0000005d425ff220:   00007ff886482fd0 00007ff8fb901069
0x0000005d425ff230:   6e723131736d685f 6e69775f70746d5f
0x0000005d425ff240:   cccccccccccccccc 0000000000000000
0x0000005d425ff250:   cccccccccccccccc cccccccccccccccc
0x0000005d425ff260:   cccccccccccccccc cccccccccccccccc
0x0000005d425ff270:   cccccccccccccccc cccccccccccccccc
0x0000005d425ff280:   cccccccccccccccc cccccccccccccccc
0x0000005d425ff290:   cccccccccccccccc cccccccccccccccc
0x0000005d425ff2a0:   cccccccccccccccc cccccccccccccccc
0x0000005d425ff2b0:   cccccccccccccccc cccccccccccccccc
0x0000005d425ff2c0:   cccccccccccccccc 0000000000000007
0x0000005d425ff2d0:   0000005d425ff590 0000005d425ff538
0x0000005d425ff2e0:   0000000800c061e0 00007ff866b3c098
0x0000005d425ff2f0:   000023f445624521 000001e742c0f380
0x0000005d425ff300:   0000005d425ff450 000001e71e0751f0
0x0000005d425ff310:   00007ff8fb901546 00007ff866b5e7ae 

Instructions: (pc=0x00007ff8fb91066b)
0x00007ff8fb91056b:   73 14 ff ff 48 8b 8d e0 00 00 00 e8 99 0a ff ff
0x00007ff8fb91057b:   48 8d a5 c8 00 00 00 5f 5d c3 cc cc cc cc cc cc
0x00007ff8fb91058b:   cc cc cc cc cc cc cc cc cc cc cc cc cc cc cc cc
0x00007ff8fb91059b:   cc cc cc cc cc 48 89 4c 24 08 55 57 48 81 ec e8
0x00007ff8fb9105ab:   00 00 00 48 8d 6c 24 20 48 8d 0d fe ad 02 00 e8
0x00007ff8fb9105bb:   23 14 ff ff 48 8b 8d e0 00 00 00 e8 b3 0e ff ff
0x00007ff8fb9105cb:   48 8d a5 c8 00 00 00 5f 5d c3 cc cc cc cc cc cc
0x00007ff8fb9105db:   cc cc cc cc cc cc cc cc cc cc cc cc cc cc cc cc
0x00007ff8fb9105eb:   cc cc cc cc cc 48 89 4c 24 08 55 57 48 81 ec 68
0x00007ff8fb9105fb:   01 00 00 48 8d 6c 24 20 48 8d 7c 24 20 b9 22 00
0x00007ff8fb91060b:   00 00 b8 cc cc cc cc f3 ab 48 8b 8c 24 88 01 00
0x00007ff8fb91061b:   00 48 8b 05 f5 09 02 00 48 33 c5 48 89 85 38 01
0x00007ff8fb91062b:   00 00 48 8d 0d 84 ad 02 00 e8 a9 13 ff ff 48 c7
0x00007ff8fb91063b:   45 08 00 00 00 00 48 8d 15 f0 e5 00 00 48 8b 0d
0x00007ff8fb91064b:   f9 8b 02 00 e8 c9 0a ff ff 48 8d 15 0e 0a ff ff
0x00007ff8fb91065b:   48 8b c8 ff 15 74 8b 02 00 48 8b 05 fd 36 02 00
0x00007ff8fb91066b:   48 8b 00 4c 8d 45 08 48 8b 15 e7 36 02 00 48 8b
0x00007ff8fb91067b:   0d e8 36 02 00 ff 50 18 89 45 24 83 7d 24 00 7d
0x00007ff8fb91068b:   07 33 c0 e9 b0 00 00 00 48 8d 15 aa e5 00 00 48
0x00007ff8fb91069b:   8b 0d a7 8b 02 00 e8 77 0a ff ff 48 8d 15 bc 09
0x00007ff8fb9106ab:   ff ff 48 8b c8 ff 15 22 8b 02 00 48 c7 45 48 00
0x00007ff8fb9106bb:   00 00 00 48 8b 05 a3 36 02 00 48 8b 00 4c 8d 4d
0x00007ff8fb9106cb:   48 4c 8b 45 08 48 8b 15 89 36 02 00 48 8b 0d 8a
0x00007ff8fb9106db:   36 02 00 ff 50 28 48 8d 15 64 e5 00 00 48 8b 0d
0x00007ff8fb9106eb:   59 8b 02 00 e8 29 0a ff ff 48 8d 15 6e 09 ff ff
0x00007ff8fb9106fb:   48 8b c8 ff 15 d4 8a 02 00 4c 8d 45 48 48 8b 55
0x00007ff8fb91070b:   08 48 8b 8d 60 01 00 00 e8 24 0e ff ff 48 89 45
0x00007ff8fb91071b:   68 48 8d 15 31 e5 00 00 48 8b 0d 1e 8b 02 00 e8
0x00007ff8fb91072b:   ee 09 ff ff 48 8d 15 33 09 ff ff 48 8b c8 ff 15
0x00007ff8fb91073b:   99 8a 02 00 48 8b 45 68 48 8b f8 48 8d 4d e0 48
0x00007ff8fb91074b:   8d 15 af e4 00 00 e8 33 11 ff ff 48 8b c7 48 8b
0x00007ff8fb91075b:   8d 38 01 00 00 48 33 cd e8 9d 0d ff ff 48 8d a5 


Stack slot to memory mapping:
stack at sp + 0 slots: 0x00007ff886482fd0 MSVCP140D.dll
stack at sp + 1 slots: 0x00007ff8fb901069 mtpjava.dll
stack at sp + 2 slots: 0x6e723131736d685f is an unknown value
stack at sp + 3 slots: 0x6e69775f70746d5f is an unknown value
stack at sp + 4 slots: 0xcccccccccccccccc is an unknown value
stack at sp + 5 slots: 0x0 is NULL
stack at sp + 6 slots: 0xcccccccccccccccc is an unknown value
stack at sp + 7 slots: 0xcccccccccccccccc is an unknown value


---------------  P R O C E S S  ---------------

Threads class SMR info:
_java_thread_list=0x000001e746985450, length=12, elements={
0x000001e720150ee0, 0x000001e74267d530, 0x000001e74267e190, 0x000001e742698b10,
0x000001e7426994b0, 0x000001e742699e50, 0x000001e74269a7f0, 0x000001e74269b4c0,
0x000001e74269f620, 0x000001e7426c4a60, 0x000001e74699d9f0, 0x000001e7469a6300
}

Java Threads: ( => current thread )
=>0x000001e720150ee0 JavaThread "main" [_thread_in_native, id=94480, stack(0x0000005d42500000,0x0000005d42600000)]
  0x000001e74267d530 JavaThread "Reference Handler" daemon [_thread_blocked, id=102980, stack(0x0000005d42c00000,0x0000005d42d00000)]
  0x000001e74267e190 JavaThread "Finalizer" daemon [_thread_blocked, id=86952, stack(0x0000005d42d00000,0x0000005d42e00000)]
  0x000001e742698b10 JavaThread "Signal Dispatcher" daemon [_thread_blocked, id=99404, stack(0x0000005d42e00000,0x0000005d42f00000)]
  0x000001e7426994b0 JavaThread "Attach Listener" daemon [_thread_blocked, id=100916, stack(0x0000005d42f00000,0x0000005d43000000)]
  0x000001e742699e50 JavaThread "Service Thread" daemon [_thread_blocked, id=98036, stack(0x0000005d43000000,0x0000005d43100000)]
  0x000001e74269a7f0 JavaThread "Monitor Deflation Thread" daemon [_thread_blocked, id=101484, stack(0x0000005d43100000,0x0000005d43200000)]
  0x000001e74269b4c0 JavaThread "C2 CompilerThread0" daemon [_thread_blocked, id=101192, stack(0x0000005d43200000,0x0000005d43300000)]
  0x000001e74269f620 JavaThread "C1 CompilerThread0" daemon [_thread_blocked, id=73896, stack(0x0000005d43300000,0x0000005d43400000)]
  0x000001e7426c4a60 JavaThread "Sweeper thread" daemon [_thread_blocked, id=101624, stack(0x0000005d43400000,0x0000005d43500000)]
  0x000001e74699d9f0 JavaThread "Notification Thread" daemon [_thread_blocked, id=103348, stack(0x0000005d43500000,0x0000005d43600000)]
  0x000001e7469a6300 JavaThread "Common-Cleaner" daemon [_thread_blocked, id=101168, stack(0x0000005d43700000,0x0000005d43800000)]

Other Threads:
  0x000001e74267a530 VMThread "VM Thread" [stack: 0x0000005d42b00000,0x0000005d42c00000] [id=102076]
  0x000001e7469a5ee0 WatcherThread "VM Periodic Task Thread" [stack: 0x0000005d43600000,0x0000005d43700000] [id=102280]
  0x000001e7201c0740 WorkerThread "GC Thread#0" [stack: 0x0000005d42600000,0x0000005d42700000] [id=102884]
  0x000001e7201d2980 ConcurrentGCThread "G1 Main Marker" [stack: 0x0000005d42700000,0x0000005d42800000] [id=101440]
  0x000001e7201d3b10 WorkerThread "G1 Conc#0" [stack: 0x0000005d42800000,0x0000005d42900000] [id=101924]
  0x000001e720213370 ConcurrentGCThread "G1 Refine#0" [stack: 0x0000005d42900000,0x0000005d42a00000] [id=93900]
  0x000001e720213c80 ConcurrentGCThread "G1 Service" [stack: 0x0000005d42a00000,0x0000005d42b00000] [id=101520]

Threads with active compile tasks:

VM state: not at safepoint (normal execution)

VM Mutex/Monitor currently owned by a thread: None

Heap address: 0x0000000701000000, size: 4080 MB, Compressed Oops mode: Zero based, Oop shift amount: 3

CDS archive(s) mapped at: [0x0000000800000000-0x0000000800ba0000-0x0000000800ba0000), size 12189696, SharedBaseAddress: 0x0000000800000000, ArchiveRelocationMode: 0.
Compressed class space mapped at: 0x0000000800c00000-0x0000000840c00000, reserved size: 1073741824
Narrow klass base: 0x0000000800000000, Narrow klass shift: 0, Narrow klass range: 0x100000000

GC Precious Log:
 CardTable entry size: 512
 Card Set container configuration: InlinePtr #cards 4 size 8 Array Of Cards #cards 16 size 48 Howl #buckets 8 coarsen threshold 3686 Howl Bitmap #cards 512 size 80 coarsen threshold 460 Card regions per heap region 1 cards per card region 4096
 CPUs: 4 total, 4 available
 Memory: 16318M
 Large Page Support: Disabled
 NUMA Support: Disabled
 Compressed Oops: Enabled (Zero based)
 Heap Region Size: 2M
 Heap Min Capacity: 8M
 Heap Initial Capacity: 256M
 Heap Max Capacity: 4080M
 Pre-touch: Disabled
 Parallel Workers: 4
 Concurrent Workers: 1
 Concurrent Refinement Workers: 4
 Periodic GC: Disabled

Heap:
 garbage-first heap   total 262144K, used 0K [0x0000000701000000, 0x0000000800000000)
  region size 2048K, 1 young (2048K), 0 survivors (0K)
 Metaspace       used 343K, committed 512K, reserved 1114112K
  class space    used 20K, committed 128K, reserved 1048576K

Heap Regions: E=young(eden), S=young(survivor), O=old, HS=humongous(starts), HC=humongous(continues), CS=collection set, F=free, OA=open archive, CA=closed archive, TAMS=top-at-mark-start (previous, next)
|   0|0x0000000701000000, 0x0000000701000000, 0x0000000701200000|  0%| F|  |TAMS 0x0000000701000000, 0x0000000701000000| Untracked 
|   1|0x0000000701200000, 0x0000000701200000, 0x0000000701400000|  0%| F|  |TAMS 0x0000000701200000, 0x0000000701200000| Untracked 
|   2|0x0000000701400000, 0x0000000701400000, 0x0000000701600000|  0%| F|  |TAMS 0x0000000701400000, 0x0000000701400000| Untracked 
|   3|0x0000000701600000, 0x0000000701600000, 0x0000000701800000|  0%| F|  |TAMS 0x0000000701600000, 0x0000000701600000| Untracked 
|   4|0x0000000701800000, 0x0000000701800000, 0x0000000701a00000|  0%| F|  |TAMS 0x0000000701800000, 0x0000000701800000| Untracked 
|   5|0x0000000701a00000, 0x0000000701a00000, 0x0000000701c00000|  0%| F|  |TAMS 0x0000000701a00000, 0x0000000701a00000| Untracked 
|   6|0x0000000701c00000, 0x0000000701c00000, 0x0000000701e00000|  0%| F|  |TAMS 0x0000000701c00000, 0x0000000701c00000| Untracked 
|   7|0x0000000701e00000, 0x0000000701e00000, 0x0000000702000000|  0%| F|  |TAMS 0x0000000701e00000, 0x0000000701e00000| Untracked 
|   8|0x0000000702000000, 0x0000000702000000, 0x0000000702200000|  0%| F|  |TAMS 0x0000000702000000, 0x0000000702000000| Untracked 
|   9|0x0000000702200000, 0x0000000702200000, 0x0000000702400000|  0%| F|  |TAMS 0x0000000702200000, 0x0000000702200000| Untracked 
|  10|0x0000000702400000, 0x0000000702400000, 0x0000000702600000|  0%| F|  |TAMS 0x0000000702400000, 0x0000000702400000| Untracked 
|  11|0x0000000702600000, 0x0000000702600000, 0x0000000702800000|  0%| F|  |TAMS 0x0000000702600000, 0x0000000702600000| Untracked 
|  12|0x0000000702800000, 0x0000000702800000, 0x0000000702a00000|  0%| F|  |TAMS 0x0000000702800000, 0x0000000702800000| Untracked 
|  13|0x0000000702a00000, 0x0000000702a00000, 0x0000000702c00000|  0%| F|  |TAMS 0x0000000702a00000, 0x0000000702a00000| Untracked 
|  14|0x0000000702c00000, 0x0000000702c00000, 0x0000000702e00000|  0%| F|  |TAMS 0x0000000702c00000, 0x0000000702c00000| Untracked 
|  15|0x0000000702e00000, 0x0000000702e00000, 0x0000000703000000|  0%| F|  |TAMS 0x0000000702e00000, 0x0000000702e00000| Untracked 
|  16|0x0000000703000000, 0x0000000703000000, 0x0000000703200000|  0%| F|  |TAMS 0x0000000703000000, 0x0000000703000000| Untracked 
|  17|0x0000000703200000, 0x0000000703200000, 0x0000000703400000|  0%| F|  |TAMS 0x0000000703200000, 0x0000000703200000| Untracked 
|  18|0x0000000703400000, 0x0000000703400000, 0x0000000703600000|  0%| F|  |TAMS 0x0000000703400000, 0x0000000703400000| Untracked 
|  19|0x0000000703600000, 0x0000000703600000, 0x0000000703800000|  0%| F|  |TAMS 0x0000000703600000, 0x0000000703600000| Untracked 
|  20|0x0000000703800000, 0x0000000703800000, 0x0000000703a00000|  0%| F|  |TAMS 0x0000000703800000, 0x0000000703800000| Untracked 
|  21|0x0000000703a00000, 0x0000000703a00000, 0x0000000703c00000|  0%| F|  |TAMS 0x0000000703a00000, 0x0000000703a00000| Untracked 
|  22|0x0000000703c00000, 0x0000000703c00000, 0x0000000703e00000|  0%| F|  |TAMS 0x0000000703c00000, 0x0000000703c00000| Untracked 
|  23|0x0000000703e00000, 0x0000000703e00000, 0x0000000704000000|  0%| F|  |TAMS 0x0000000703e00000, 0x0000000703e00000| Untracked 
|  24|0x0000000704000000, 0x0000000704000000, 0x0000000704200000|  0%| F|  |TAMS 0x0000000704000000, 0x0000000704000000| Untracked 
|  25|0x0000000704200000, 0x0000000704200000, 0x0000000704400000|  0%| F|  |TAMS 0x0000000704200000, 0x0000000704200000| Untracked 
|  26|0x0000000704400000, 0x0000000704400000, 0x0000000704600000|  0%| F|  |TAMS 0x0000000704400000, 0x0000000704400000| Untracked 
|  27|0x0000000704600000, 0x0000000704600000, 0x0000000704800000|  0%| F|  |TAMS 0x0000000704600000, 0x0000000704600000| Untracked 
|  28|0x0000000704800000, 0x0000000704800000, 0x0000000704a00000|  0%| F|  |TAMS 0x0000000704800000, 0x0000000704800000| Untracked 
|  29|0x0000000704a00000, 0x0000000704a00000, 0x0000000704c00000|  0%| F|  |TAMS 0x0000000704a00000, 0x0000000704a00000| Untracked 
|  30|0x0000000704c00000, 0x0000000704c00000, 0x0000000704e00000|  0%| F|  |TAMS 0x0000000704c00000, 0x0000000704c00000| Untracked 
|  31|0x0000000704e00000, 0x0000000704e00000, 0x0000000705000000|  0%| F|  |TAMS 0x0000000704e00000, 0x0000000704e00000| Untracked 
|  32|0x0000000705000000, 0x0000000705000000, 0x0000000705200000|  0%| F|  |TAMS 0x0000000705000000, 0x0000000705000000| Untracked 
|  33|0x0000000705200000, 0x0000000705200000, 0x0000000705400000|  0%| F|  |TAMS 0x0000000705200000, 0x0000000705200000| Untracked 
|  34|0x0000000705400000, 0x0000000705400000, 0x0000000705600000|  0%| F|  |TAMS 0x0000000705400000, 0x0000000705400000| Untracked 
|  35|0x0000000705600000, 0x0000000705600000, 0x0000000705800000|  0%| F|  |TAMS 0x0000000705600000, 0x0000000705600000| Untracked 
|  36|0x0000000705800000, 0x0000000705800000, 0x0000000705a00000|  0%| F|  |TAMS 0x0000000705800000, 0x0000000705800000| Untracked 
|  37|0x0000000705a00000, 0x0000000705a00000, 0x0000000705c00000|  0%| F|  |TAMS 0x0000000705a00000, 0x0000000705a00000| Untracked 
|  38|0x0000000705c00000, 0x0000000705c00000, 0x0000000705e00000|  0%| F|  |TAMS 0x0000000705c00000, 0x0000000705c00000| Untracked 
|  39|0x0000000705e00000, 0x0000000705e00000, 0x0000000706000000|  0%| F|  |TAMS 0x0000000705e00000, 0x0000000705e00000| Untracked 
|  40|0x0000000706000000, 0x0000000706000000, 0x0000000706200000|  0%| F|  |TAMS 0x0000000706000000, 0x0000000706000000| Untracked 
|  41|0x0000000706200000, 0x0000000706200000, 0x0000000706400000|  0%| F|  |TAMS 0x0000000706200000, 0x0000000706200000| Untracked 
|  42|0x0000000706400000, 0x0000000706400000, 0x0000000706600000|  0%| F|  |TAMS 0x0000000706400000, 0x0000000706400000| Untracked 
|  43|0x0000000706600000, 0x0000000706600000, 0x0000000706800000|  0%| F|  |TAMS 0x0000000706600000, 0x0000000706600000| Untracked 
|  44|0x0000000706800000, 0x0000000706800000, 0x0000000706a00000|  0%| F|  |TAMS 0x0000000706800000, 0x0000000706800000| Untracked 
|  45|0x0000000706a00000, 0x0000000706a00000, 0x0000000706c00000|  0%| F|  |TAMS 0x0000000706a00000, 0x0000000706a00000| Untracked 
|  46|0x0000000706c00000, 0x0000000706c00000, 0x0000000706e00000|  0%| F|  |TAMS 0x0000000706c00000, 0x0000000706c00000| Untracked 
|  47|0x0000000706e00000, 0x0000000706e00000, 0x0000000707000000|  0%| F|  |TAMS 0x0000000706e00000, 0x0000000706e00000| Untracked 
|  48|0x0000000707000000, 0x0000000707000000, 0x0000000707200000|  0%| F|  |TAMS 0x0000000707000000, 0x0000000707000000| Untracked 
|  49|0x0000000707200000, 0x0000000707200000, 0x0000000707400000|  0%| F|  |TAMS 0x0000000707200000, 0x0000000707200000| Untracked 
|  50|0x0000000707400000, 0x0000000707400000, 0x0000000707600000|  0%| F|  |TAMS 0x0000000707400000, 0x0000000707400000| Untracked 
|  51|0x0000000707600000, 0x0000000707600000, 0x0000000707800000|  0%| F|  |TAMS 0x0000000707600000, 0x0000000707600000| Untracked 
|  52|0x0000000707800000, 0x0000000707800000, 0x0000000707a00000|  0%| F|  |TAMS 0x0000000707800000, 0x0000000707800000| Untracked 
|  53|0x0000000707a00000, 0x0000000707a00000, 0x0000000707c00000|  0%| F|  |TAMS 0x0000000707a00000, 0x0000000707a00000| Untracked 
|  54|0x0000000707c00000, 0x0000000707c00000, 0x0000000707e00000|  0%| F|  |TAMS 0x0000000707c00000, 0x0000000707c00000| Untracked 
|  55|0x0000000707e00000, 0x0000000707e00000, 0x0000000708000000|  0%| F|  |TAMS 0x0000000707e00000, 0x0000000707e00000| Untracked 
|  56|0x0000000708000000, 0x0000000708000000, 0x0000000708200000|  0%| F|  |TAMS 0x0000000708000000, 0x0000000708000000| Untracked 
|  57|0x0000000708200000, 0x0000000708200000, 0x0000000708400000|  0%| F|  |TAMS 0x0000000708200000, 0x0000000708200000| Untracked 
|  58|0x0000000708400000, 0x0000000708400000, 0x0000000708600000|  0%| F|  |TAMS 0x0000000708400000, 0x0000000708400000| Untracked 
|  59|0x0000000708600000, 0x0000000708600000, 0x0000000708800000|  0%| F|  |TAMS 0x0000000708600000, 0x0000000708600000| Untracked 
|  60|0x0000000708800000, 0x0000000708800000, 0x0000000708a00000|  0%| F|  |TAMS 0x0000000708800000, 0x0000000708800000| Untracked 
|  61|0x0000000708a00000, 0x0000000708a00000, 0x0000000708c00000|  0%| F|  |TAMS 0x0000000708a00000, 0x0000000708a00000| Untracked 
|  62|0x0000000708c00000, 0x0000000708c00000, 0x0000000708e00000|  0%| F|  |TAMS 0x0000000708c00000, 0x0000000708c00000| Untracked 
|  63|0x0000000708e00000, 0x0000000708e00000, 0x0000000709000000|  0%| F|  |TAMS 0x0000000708e00000, 0x0000000708e00000| Untracked 
|  64|0x0000000709000000, 0x0000000709000000, 0x0000000709200000|  0%| F|  |TAMS 0x0000000709000000, 0x0000000709000000| Untracked 
|  65|0x0000000709200000, 0x0000000709200000, 0x0000000709400000|  0%| F|  |TAMS 0x0000000709200000, 0x0000000709200000| Untracked 
|  66|0x0000000709400000, 0x0000000709400000, 0x0000000709600000|  0%| F|  |TAMS 0x0000000709400000, 0x0000000709400000| Untracked 
|  67|0x0000000709600000, 0x0000000709600000, 0x0000000709800000|  0%| F|  |TAMS 0x0000000709600000, 0x0000000709600000| Untracked 
|  68|0x0000000709800000, 0x0000000709800000, 0x0000000709a00000|  0%| F|  |TAMS 0x0000000709800000, 0x0000000709800000| Untracked 
|  69|0x0000000709a00000, 0x0000000709a00000, 0x0000000709c00000|  0%| F|  |TAMS 0x0000000709a00000, 0x0000000709a00000| Untracked 
|  70|0x0000000709c00000, 0x0000000709c00000, 0x0000000709e00000|  0%| F|  |TAMS 0x0000000709c00000, 0x0000000709c00000| Untracked 
|  71|0x0000000709e00000, 0x0000000709e00000, 0x000000070a000000|  0%| F|  |TAMS 0x0000000709e00000, 0x0000000709e00000| Untracked 
|  72|0x000000070a000000, 0x000000070a000000, 0x000000070a200000|  0%| F|  |TAMS 0x000000070a000000, 0x000000070a000000| Untracked 
|  73|0x000000070a200000, 0x000000070a200000, 0x000000070a400000|  0%| F|  |TAMS 0x000000070a200000, 0x000000070a200000| Untracked 
|  74|0x000000070a400000, 0x000000070a400000, 0x000000070a600000|  0%| F|  |TAMS 0x000000070a400000, 0x000000070a400000| Untracked 
|  75|0x000000070a600000, 0x000000070a600000, 0x000000070a800000|  0%| F|  |TAMS 0x000000070a600000, 0x000000070a600000| Untracked 
|  76|0x000000070a800000, 0x000000070a800000, 0x000000070aa00000|  0%| F|  |TAMS 0x000000070a800000, 0x000000070a800000| Untracked 
|  77|0x000000070aa00000, 0x000000070aa00000, 0x000000070ac00000|  0%| F|  |TAMS 0x000000070aa00000, 0x000000070aa00000| Untracked 
|  78|0x000000070ac00000, 0x000000070ac00000, 0x000000070ae00000|  0%| F|  |TAMS 0x000000070ac00000, 0x000000070ac00000| Untracked 
|  79|0x000000070ae00000, 0x000000070ae00000, 0x000000070b000000|  0%| F|  |TAMS 0x000000070ae00000, 0x000000070ae00000| Untracked 
|  80|0x000000070b000000, 0x000000070b000000, 0x000000070b200000|  0%| F|  |TAMS 0x000000070b000000, 0x000000070b000000| Untracked 
|  81|0x000000070b200000, 0x000000070b200000, 0x000000070b400000|  0%| F|  |TAMS 0x000000070b200000, 0x000000070b200000| Untracked 
|  82|0x000000070b400000, 0x000000070b400000, 0x000000070b600000|  0%| F|  |TAMS 0x000000070b400000, 0x000000070b400000| Untracked 
|  83|0x000000070b600000, 0x000000070b600000, 0x000000070b800000|  0%| F|  |TAMS 0x000000070b600000, 0x000000070b600000| Untracked 
|  84|0x000000070b800000, 0x000000070b800000, 0x000000070ba00000|  0%| F|  |TAMS 0x000000070b800000, 0x000000070b800000| Untracked 
|  85|0x000000070ba00000, 0x000000070ba00000, 0x000000070bc00000|  0%| F|  |TAMS 0x000000070ba00000, 0x000000070ba00000| Untracked 
|  86|0x000000070bc00000, 0x000000070bc00000, 0x000000070be00000|  0%| F|  |TAMS 0x000000070bc00000, 0x000000070bc00000| Untracked 
|  87|0x000000070be00000, 0x000000070be00000, 0x000000070c000000|  0%| F|  |TAMS 0x000000070be00000, 0x000000070be00000| Untracked 
|  88|0x000000070c000000, 0x000000070c000000, 0x000000070c200000|  0%| F|  |TAMS 0x000000070c000000, 0x000000070c000000| Untracked 
|  89|0x000000070c200000, 0x000000070c200000, 0x000000070c400000|  0%| F|  |TAMS 0x000000070c200000, 0x000000070c200000| Untracked 
|  90|0x000000070c400000, 0x000000070c400000, 0x000000070c600000|  0%| F|  |TAMS 0x000000070c400000, 0x000000070c400000| Untracked 
|  91|0x000000070c600000, 0x000000070c600000, 0x000000070c800000|  0%| F|  |TAMS 0x000000070c600000, 0x000000070c600000| Untracked 
|  92|0x000000070c800000, 0x000000070c800000, 0x000000070ca00000|  0%| F|  |TAMS 0x000000070c800000, 0x000000070c800000| Untracked 
|  93|0x000000070ca00000, 0x000000070ca00000, 0x000000070cc00000|  0%| F|  |TAMS 0x000000070ca00000, 0x000000070ca00000| Untracked 
|  94|0x000000070cc00000, 0x000000070cc00000, 0x000000070ce00000|  0%| F|  |TAMS 0x000000070cc00000, 0x000000070cc00000| Untracked 
|  95|0x000000070ce00000, 0x000000070ce00000, 0x000000070d000000|  0%| F|  |TAMS 0x000000070ce00000, 0x000000070ce00000| Untracked 
|  96|0x000000070d000000, 0x000000070d000000, 0x000000070d200000|  0%| F|  |TAMS 0x000000070d000000, 0x000000070d000000| Untracked 
|  97|0x000000070d200000, 0x000000070d200000, 0x000000070d400000|  0%| F|  |TAMS 0x000000070d200000, 0x000000070d200000| Untracked 
|  98|0x000000070d400000, 0x000000070d400000, 0x000000070d600000|  0%| F|  |TAMS 0x000000070d400000, 0x000000070d400000| Untracked 
|  99|0x000000070d600000, 0x000000070d600000, 0x000000070d800000|  0%| F|  |TAMS 0x000000070d600000, 0x000000070d600000| Untracked 
| 100|0x000000070d800000, 0x000000070d800000, 0x000000070da00000|  0%| F|  |TAMS 0x000000070d800000, 0x000000070d800000| Untracked 
| 101|0x000000070da00000, 0x000000070da00000, 0x000000070dc00000|  0%| F|  |TAMS 0x000000070da00000, 0x000000070da00000| Untracked 
| 102|0x000000070dc00000, 0x000000070dc00000, 0x000000070de00000|  0%| F|  |TAMS 0x000000070dc00000, 0x000000070dc00000| Untracked 
| 103|0x000000070de00000, 0x000000070de00000, 0x000000070e000000|  0%| F|  |TAMS 0x000000070de00000, 0x000000070de00000| Untracked 
| 104|0x000000070e000000, 0x000000070e000000, 0x000000070e200000|  0%| F|  |TAMS 0x000000070e000000, 0x000000070e000000| Untracked 
| 105|0x000000070e200000, 0x000000070e200000, 0x000000070e400000|  0%| F|  |TAMS 0x000000070e200000, 0x000000070e200000| Untracked 
| 106|0x000000070e400000, 0x000000070e400000, 0x000000070e600000|  0%| F|  |TAMS 0x000000070e400000, 0x000000070e400000| Untracked 
| 107|0x000000070e600000, 0x000000070e600000, 0x000000070e800000|  0%| F|  |TAMS 0x000000070e600000, 0x000000070e600000| Untracked 
| 108|0x000000070e800000, 0x000000070e800000, 0x000000070ea00000|  0%| F|  |TAMS 0x000000070e800000, 0x000000070e800000| Untracked 
| 109|0x000000070ea00000, 0x000000070ea00000, 0x000000070ec00000|  0%| F|  |TAMS 0x000000070ea00000, 0x000000070ea00000| Untracked 
| 110|0x000000070ec00000, 0x000000070ec00000, 0x000000070ee00000|  0%| F|  |TAMS 0x000000070ec00000, 0x000000070ec00000| Untracked 
| 111|0x000000070ee00000, 0x000000070ee00000, 0x000000070f000000|  0%| F|  |TAMS 0x000000070ee00000, 0x000000070ee00000| Untracked 
| 112|0x000000070f000000, 0x000000070f000000, 0x000000070f200000|  0%| F|  |TAMS 0x000000070f000000, 0x000000070f000000| Untracked 
| 113|0x000000070f200000, 0x000000070f200000, 0x000000070f400000|  0%| F|  |TAMS 0x000000070f200000, 0x000000070f200000| Untracked 
| 114|0x000000070f400000, 0x000000070f400000, 0x000000070f600000|  0%| F|  |TAMS 0x000000070f400000, 0x000000070f400000| Untracked 
| 115|0x000000070f600000, 0x000000070f600000, 0x000000070f800000|  0%| F|  |TAMS 0x000000070f600000, 0x000000070f600000| Untracked 
| 116|0x000000070f800000, 0x000000070f800000, 0x000000070fa00000|  0%| F|  |TAMS 0x000000070f800000, 0x000000070f800000| Untracked 
| 117|0x000000070fa00000, 0x000000070fa00000, 0x000000070fc00000|  0%| F|  |TAMS 0x000000070fa00000, 0x000000070fa00000| Untracked 
| 118|0x000000070fc00000, 0x000000070fc00000, 0x000000070fe00000|  0%| F|  |TAMS 0x000000070fc00000, 0x000000070fc00000| Untracked 
| 119|0x000000070fe00000, 0x000000070fe00000, 0x0000000710000000|  0%| F|  |TAMS 0x000000070fe00000, 0x000000070fe00000| Untracked 
| 120|0x0000000710000000, 0x0000000710000000, 0x0000000710200000|  0%| F|  |TAMS 0x0000000710000000, 0x0000000710000000| Untracked 
| 121|0x0000000710200000, 0x0000000710200000, 0x0000000710400000|  0%| F|  |TAMS 0x0000000710200000, 0x0000000710200000| Untracked 
| 122|0x0000000710400000, 0x0000000710400000, 0x0000000710600000|  0%| F|  |TAMS 0x0000000710400000, 0x0000000710400000| Untracked 
| 123|0x0000000710600000, 0x0000000710600000, 0x0000000710800000|  0%| F|  |TAMS 0x0000000710600000, 0x0000000710600000| Untracked 
| 124|0x0000000710800000, 0x0000000710800000, 0x0000000710a00000|  0%| F|  |TAMS 0x0000000710800000, 0x0000000710800000| Untracked 
| 125|0x0000000710a00000, 0x0000000710a00000, 0x0000000710c00000|  0%| F|  |TAMS 0x0000000710a00000, 0x0000000710a00000| Untracked 
| 126|0x0000000710c00000, 0x0000000710c00000, 0x0000000710e00000|  0%| F|  |TAMS 0x0000000710c00000, 0x0000000710c00000| Untracked 
| 127|0x0000000710e00000, 0x0000000710fae3a8, 0x0000000711000000| 84%| E|  |TAMS 0x0000000710e00000, 0x0000000710e00000| Complete 

Card table byte_map: [0x000001e737290000,0x000001e737a90000] _byte_map_base: 0x000001e733a88000

Marking Bits (Prev, Next): (CMBitMap*) 0x000001e7201c2150, (CMBitMap*) 0x000001e7201c2190
 Prev Bits: [0x000001e738290000, 0x000001e73c250000)
 Next Bits: [0x000001e73c250000, 0x000001e740210000)

Polling page: 0x000001e71f920000

Metaspace:

Usage:
  Non-class:    322.66 KB used.
      Class:     20.71 KB used.
       Both:    343.37 KB used.

Virtual space:
  Non-class space:       64.00 MB reserved,     384.00 KB ( <1%) committed,  1 nodes.
      Class space:        1.00 GB reserved,     128.00 KB ( <1%) committed,  1 nodes.
             Both:        1.06 GB reserved,     512.00 KB ( <1%) committed. 

Chunk freelists:
   Non-Class:  3.94 MB
       Class:  3.72 MB
        Both:  7.66 MB

MaxMetaspaceSize: unlimited
CompressedClassSpaceSize: 1.00 GB
Initial GC threshold: 21.00 MB
Current GC threshold: 21.00 MB
CDS: on
MetaspaceReclaimPolicy: balanced
 - commit_granule_bytes: 65536.
 - commit_granule_words: 8192.
 - virtual_space_node_default_size: 8388608.
 - enlarge_chunks_in_place: 1.
 - new_chunks_are_fully_committed: 0.
 - uncommit_free_chunks: 1.
 - use_allocation_guard: 0.


Internal statistics:

num_allocs_failed_limit: 0.
num_arena_births: 28.
num_arena_deaths: 0.
num_vsnodes_births: 2.
num_vsnodes_deaths: 0.
num_space_committed: 8.
num_space_uncommitted: 0.
num_chunks_returned_to_freelist: 0.
num_chunks_taken_from_freelist: 38.
num_chunk_merges: 0.
num_chunk_splits: 23.
num_chunks_enlarged: 15.
num_inconsistent_stats: 0.

CodeHeap 'non-profiled nmethods': size=120000Kb used=64Kb max_used=64Kb free=119935Kb
 bounds [0x000001e72f560000, 0x000001e72f7d0000, 0x000001e736a90000]
CodeHeap 'profiled nmethods': size=120000Kb used=206Kb max_used=206Kb free=119793Kb
 bounds [0x000001e728030000, 0x000001e7282a0000, 0x000001e72f560000]
CodeHeap 'non-nmethods': size=5760Kb used=1088Kb max_used=1101Kb free=4671Kb
 bounds [0x000001e727a90000, 0x000001e727d00000, 0x000001e728030000]
 total_blobs=527 nmethods=181 adapters=259
 compilation: enabled
              stopped_count=0, restarted_count=0
 full_count=0

Compilation events (20 events):
Event: 0.107 Thread 0x000001e74269f620  154       1       java.lang.invoke.MethodType$ConcurrentWeakInternSet$WeakEntry::hashCode (5 bytes)
Event: 0.107 Thread 0x000001e74269f620 nmethod 154 0x000001e72f56fc10 code [0x000001e72f56fda0, 0x000001e72f56fe78]
Event: 0.107 Thread 0x000001e74269f620  173       1       java.lang.invoke.MethodTypeForm::erasedType (5 bytes)
Event: 0.107 Thread 0x000001e74269f620 nmethod 173 0x000001e72f56ff10 code [0x000001e72f5700a0, 0x000001e72f570178]
Event: 0.107 Thread 0x000001e74269f620  174       3       java.lang.StringConcatHelper::stringOf (20 bytes)
Event: 0.108 Thread 0x000001e74269f620 nmethod 174 0x000001e728060590 code [0x000001e728060740, 0x000001e728060988]
Event: 0.108 Thread 0x000001e74269f620  175       3       java.lang.StringConcatHelper::mix (27 bytes)
Event: 0.108 Thread 0x000001e74269f620 nmethod 175 0x000001e728060a90 code [0x000001e728060c60, 0x000001e728061088]
Event: 0.108 Thread 0x000001e74269f620  176       3       java.lang.StringConcatHelper::prepend (37 bytes)
Event: 0.108 Thread 0x000001e74269f620 nmethod 176 0x000001e728061290 code [0x000001e728061460, 0x000001e728061738]
Event: 0.112 Thread 0x000001e74269f620  177       3       java.lang.String::startsWith (138 bytes)
Event: 0.112 Thread 0x000001e74269f620 nmethod 177 0x000001e728061890 code [0x000001e728061aa0, 0x000001e728062338]
Event: 0.112 Thread 0x000001e74269f620  178       3       java.lang.StringLatin1::lastIndexOf (40 bytes)
Event: 0.112 Thread 0x000001e74269f620 nmethod 178 0x000001e728062610 code [0x000001e7280627e0, 0x000001e728062bd8]
Event: 0.114 Thread 0x000001e74269f620  179       3       java.lang.StringBuilder::<init> (7 bytes)
Event: 0.114 Thread 0x000001e74269f620 nmethod 179 0x000001e728062d10 code [0x000001e728062ea0, 0x000001e728062fe8]
Event: 0.114 Thread 0x000001e74269f620  180       3       java.lang.AbstractStringBuilder::<init> (39 bytes)
Event: 0.114 Thread 0x000001e74269f620 nmethod 180 0x000001e728063090 code [0x000001e728063240, 0x000001e7280634d8]
Event: 0.114 Thread 0x000001e74269f620  181       3       java.lang.StringBuilder::toString (35 bytes)
Event: 0.114 Thread 0x000001e74269f620 nmethod 181 0x000001e728063590 code [0x000001e728063760, 0x000001e728063a38]

GC Heap History (0 events):
No events

Deoptimization events (0 events):
No events

Classes loaded (10 events):
Event: 0.050 Loading class jdk/internal/loader/URLClassPath$FileLoader
Event: 0.050 Loading class jdk/internal/loader/URLClassPath$FileLoader done
Event: 0.051 Loading class jdk/internal/loader/URLClassPath$FileLoader$1
Event: 0.051 Loading class jdk/internal/loader/URLClassPath$FileLoader$1 done
Event: 0.053 Loading class java/io/FileNotFoundException
Event: 0.053 Loading class java/io/IOException
Event: 0.053 Loading class java/io/IOException done
Event: 0.053 Loading class java/io/FileNotFoundException done
Event: 0.053 Loading class java/security/PrivilegedActionException
Event: 0.053 Loading class java/security/PrivilegedActionException done

Classes unloaded (0 events):
No events

Classes redefined (0 events):
No events

Internal exceptions (0 events):
No events

VM Operations (0 events):
No events

Events (15 events):
Event: 0.006 Loaded shared library C:\Program Files\Java\jdk-18.0.2.1\bin\java.dll
Event: 0.015 Loaded shared library C:\Program Files\Java\jdk-18.0.2.1\bin\jsvml.dll
Event: 0.015 Thread 0x000001e720150ee0 Thread added: 0x000001e720150ee0
Event: 0.017 Thread 0x000001e74267d530 Thread added: 0x000001e74267d530
Event: 0.017 Thread 0x000001e74267e190 Thread added: 0x000001e74267e190
Event: 0.026 Thread 0x000001e742698b10 Thread added: 0x000001e742698b10
Event: 0.026 Thread 0x000001e7426994b0 Thread added: 0x000001e7426994b0
Event: 0.026 Thread 0x000001e742699e50 Thread added: 0x000001e742699e50
Event: 0.026 Thread 0x000001e74269a7f0 Thread added: 0x000001e74269a7f0
Event: 0.026 Thread 0x000001e74269b4c0 Thread added: 0x000001e74269b4c0
Event: 0.026 Thread 0x000001e74269f620 Thread added: 0x000001e74269f620
Event: 0.027 Thread 0x000001e7426c4a60 Thread added: 0x000001e7426c4a60
Event: 0.049 Thread 0x000001e74699d9f0 Thread added: 0x000001e74699d9f0
Event: 0.052 Thread 0x000001e7469a6300 Thread added: 0x000001e7469a6300
Event: 0.059 Loaded shared library C:\Users\hmsel\git\CPP\jmtp\cpp\x64\Debug\mtpjava.dll


Dynamic libraries:
0x00007ff73de10000 - 0x00007ff73de20000 	C:\Program Files\Java\jdk-18.0.2.1\bin\java.exe
0x00007ff920490000 - 0x00007ff920688000 	C:\WINDOWS\SYSTEM32\ntdll.dll
0x00007ff920250000 - 0x00007ff92030f000 	C:\WINDOWS\System32\KERNEL32.DLL
0x00007ff91e210000 - 0x00007ff91e4ea000 	C:\WINDOWS\System32\KERNELBASE.dll
0x00007ff91df60000 - 0x00007ff91e060000 	C:\WINDOWS\System32\ucrtbase.dll
0x00007ff8fc220000 - 0x00007ff8fc23a000 	C:\Program Files\Java\jdk-18.0.2.1\bin\VCRUNTIME140.dll
0x00007ff8fc240000 - 0x00007ff8fc258000 	C:\Program Files\Java\jdk-18.0.2.1\bin\jli.dll
0x00007ff91f570000 - 0x00007ff91f61e000 	C:\WINDOWS\System32\ADVAPI32.dll
0x00007ff91ff30000 - 0x00007ff91ffce000 	C:\WINDOWS\System32\msvcrt.dll
0x00007ff9200e0000 - 0x00007ff92017c000 	C:\WINDOWS\System32\sechost.dll
0x00007ff91f370000 - 0x00007ff91f496000 	C:\WINDOWS\System32\RPCRT4.dll
0x00007ff91ec40000 - 0x00007ff91eddd000 	C:\WINDOWS\System32\USER32.dll
0x00007ff9122c0000 - 0x00007ff91255a000 	C:\WINDOWS\WinSxS\amd64_microsoft.windows.common-controls_6595b64144ccf1df_6.0.19041.1110_none_60b5254171f9507e\COMCTL32.dll
0x00007ff91dc30000 - 0x00007ff91dc52000 	C:\WINDOWS\System32\win32u.dll
0x00007ff920420000 - 0x00007ff92044b000 	C:\WINDOWS\System32\GDI32.dll
0x00007ff91e100000 - 0x00007ff91e210000 	C:\WINDOWS\System32\gdi32full.dll
0x00007ff91e060000 - 0x00007ff91e0fd000 	C:\WINDOWS\System32\msvcp_win.dll
0x00007ff916860000 - 0x00007ff91686a000 	C:\WINDOWS\SYSTEM32\VERSION.dll
0x00007ff9200b0000 - 0x00007ff9200e0000 	C:\WINDOWS\System32\IMM32.DLL
0x00007ff90fd30000 - 0x00007ff90fd3c000 	C:\Program Files\Java\jdk-18.0.2.1\bin\vcruntime140_1.dll
0x00007ff8cd190000 - 0x00007ff8cd21d000 	C:\Program Files\Java\jdk-18.0.2.1\bin\msvcp140.dll
0x00007ff8664f0000 - 0x00007ff867101000 	C:\Program Files\Java\jdk-18.0.2.1\bin\server\jvm.dll
0x00007ff91f560000 - 0x00007ff91f568000 	C:\WINDOWS\System32\PSAPI.DLL
0x00007ff9145f0000 - 0x00007ff914617000 	C:\WINDOWS\SYSTEM32\WINMM.dll
0x00007ff901010000 - 0x00007ff901019000 	C:\WINDOWS\SYSTEM32\WSOCK32.dll
0x00007ff91f620000 - 0x00007ff91f68b000 	C:\WINDOWS\System32\WS2_32.dll
0x00007ff91c3f0000 - 0x00007ff91c402000 	C:\WINDOWS\SYSTEM32\kernel.appcore.dll
0x00007ff8feeb0000 - 0x00007ff8feeba000 	C:\Program Files\Java\jdk-18.0.2.1\bin\jimage.dll
0x00007ff912750000 - 0x00007ff912934000 	C:\WINDOWS\SYSTEM32\DBGHELP.DLL
0x00007ff8f4d90000 - 0x00007ff8f4dc4000 	C:\WINDOWS\SYSTEM32\dbgcore.DLL
0x00007ff91dba0000 - 0x00007ff91dc22000 	C:\WINDOWS\System32\bcryptPrimitives.dll
0x00007ff8fbb20000 - 0x00007ff8fbb45000 	C:\Program Files\Java\jdk-18.0.2.1\bin\java.dll
0x00007ff888510000 - 0x00007ff8885e6000 	C:\Program Files\Java\jdk-18.0.2.1\bin\jsvml.dll
0x00007ff91e4f0000 - 0x00007ff91ec34000 	C:\WINDOWS\System32\SHELL32.dll
0x00007ff91bc20000 - 0x00007ff91c3b3000 	C:\WINDOWS\SYSTEM32\windows.storage.dll
0x00007ff91eff0000 - 0x00007ff91f344000 	C:\WINDOWS\System32\combase.dll
0x00007ff91d590000 - 0x00007ff91d5be000 	C:\WINDOWS\SYSTEM32\Wldp.dll
0x00007ff91f4b0000 - 0x00007ff91f55d000 	C:\WINDOWS\System32\SHCORE.dll
0x00007ff9203c0000 - 0x00007ff920415000 	C:\WINDOWS\System32\shlwapi.dll
0x00007ff91dae0000 - 0x00007ff91daff000 	C:\WINDOWS\SYSTEM32\profapi.dll
0x00007ff8fb8f0000 - 0x00007ff8fb93f000 	C:\Users\hmsel\git\CPP\jmtp\cpp\x64\Debug\mtpjava.dll
0x00007ff91fb60000 - 0x00007ff91fc8a000 	C:\WINDOWS\System32\ole32.dll
0x00007ff920180000 - 0x00007ff92024d000 	C:\WINDOWS\System32\OLEAUT32.dll
0x00007ff9109d0000 - 0x00007ff9109df000 	C:\WINDOWS\SYSTEM32\VCRUNTIME140_1D.dll
0x00007ff8863b0000 - 0x00007ff886492000 	C:\WINDOWS\SYSTEM32\MSVCP140D.dll
0x00007ff8fe0b0000 - 0x00007ff8fe0db000 	C:\WINDOWS\SYSTEM32\VCRUNTIME140D.dll
0x00007ff886190000 - 0x00007ff8863af000 	C:\WINDOWS\SYSTEM32\ucrtbased.dll
0x00007ff91b4d0000 - 0x00007ff91b56e000 	C:\WINDOWS\system32\uxtheme.dll
0x00007ff918fc0000 - 0x00007ff918fd1000 	C:\Program Files (x86)\Dexpot\hooxpot64.dll
0x00007ff920310000 - 0x00007ff9203b9000 	C:\WINDOWS\System32\clbcatq.dll
0x00007ff9181d0000 - 0x00007ff918273000 	C:\Windows\System32\PortableDeviceApi.dll
0x00007ff91f690000 - 0x00007ff91faf8000 	C:\WINDOWS\System32\SETUPAPI.dll
0x00007ff91de30000 - 0x00007ff91de7e000 	C:\WINDOWS\System32\cfgmgr32.dll
0x00007ff91de80000 - 0x00007ff91dea7000 	C:\WINDOWS\System32\bcrypt.dll
0x00007ff91d970000 - 0x00007ff91d99c000 	C:\WINDOWS\System32\DEVOBJ.dll
0x00007ff8e3480000 - 0x00007ff8e34b2000 	C:\Windows\System32\PortableDeviceTypes.dll
0x00007ff919650000 - 0x00007ff919746000 	C:\Windows\System32\PROPSYS.dll
0x00007ff91ddc0000 - 0x00007ff91de27000 	C:\WINDOWS\System32\WINTRUST.dll
0x00007ff91dc60000 - 0x00007ff91ddb6000 	C:\WINDOWS\System32\CRYPT32.dll
0x00007ff91d790000 - 0x00007ff91d7a2000 	C:\WINDOWS\System32\MSASN1.dll

dbghelp: loaded successfully - version: 4.0.5 - missing functions: none
symbol engine: initialized successfully - sym options: 0x614 - pdb path: .;C:\Program Files\Java\jdk-18.0.2.1\bin;C:\WINDOWS\SYSTEM32;C:\WINDOWS\WinSxS\amd64_microsoft.windows.common-controls_6595b64144ccf1df_6.0.19041.1110_none_60b5254171f9507e;C:\Program Files\Java\jdk-18.0.2.1\bin\server;C:\Users\hmsel\git\CPP\jmtp\cpp\x64\Debug;C:\Program Files (x86)\Dexpot

VM Arguments:
jvm_args: -Djava.library.path=C:\Users\hmsel\git\CPP\jmtp\cpp\x64\Debug\ -Dfile.encoding=windows-1252 -Duser.country=US -Duser.language=en -Duser.variant 
java_command: Test
java_class_path (initial): C:\Users\hmsel\git\CPP\jmtp\MtpJava\build\classes\java\test;C:\Users\hmsel\git\CPP\jmtp\MtpJava\build\resources\test;C:\Users\hmsel\git\CPP\jmtp\MtpJava\build\classes\java\main;C:\Users\hmsel\git\CPP\jmtp\MtpJava\build\resources\main;C:\Users\hmsel\.gradle\caches\modules-2\files-2.1\org.junit.jupiter\junit-jupiter\5.9.1\9274d3757e224bc02eae367bd481062a263c150b\junit-jupiter-5.9.1.jar;C:\Users\hmsel\.gradle\caches\modules-2\files-2.1\org.junit.jupiter\junit-jupiter-params\5.9.1\ffcd1013edaeee112be11fcddeb38882d79238de\junit-jupiter-params-5.9.1.jar;C:\Users\hmsel\.gradle\caches\modules-2\files-2.1\org.junit.jupiter\junit-jupiter-engine\5.9.1\1bf771097bde296c3ab174861954e8aafaaf2e94\junit-jupiter-engine-5.9.1.jar;C:\Users\hmsel\.gradle\caches\modules-2\files-2.1\org.junit.jupiter\junit-jupiter-api\5.9.1\7bb53fbc0173e9f6a9d21d58297af94b1f2f9ce1\junit-jupiter-api-5.9.1.jar;C:\Users\hmsel\.gradle\caches\modules-2\files-2.1\org.junit.platform\junit-platform-engine\1.9.1\83591e5089d6cea5f324aa3ecca9b19d5a275803\junit-platform-engine-1.9.1.jar;C:\Users\hmsel\.gradle\caches\modules-2\files-2.1\org.junit.platform\junit-platform-commons\1.9.1\3145f821b5cd10abcdc5f925baa5fffa6f1b628f\junit-platform-commons-1.9.1.jar;C:\Users\hmsel\.gradle\caches\modules-2\files-2.1\org.opentest4j\opentest4j\1.2.0\28c11eb91f9b6d8e200631d46e20a7f407f2a046\opentest4j-1.2.0.jar
Launcher Type: SUN_STANDARD

[Global flags]
     intx CICompilerCount                          = 3                                         {product} {ergonomic}
     uint ConcGCThreads                            = 1                                         {product} {ergonomic}
     uint G1ConcRefinementThreads                  = 4                                         {product} {ergonomic}
   size_t G1HeapRegionSize                         = 2097152                                   {product} {ergonomic}
    uintx GCDrainStackTargetSize                   = 64                                        {product} {ergonomic}
   size_t InitialHeapSize                          = 268435456                                 {product} {ergonomic}
   size_t MarkStackSize                            = 4194304                                   {product} {ergonomic}
   size_t MaxHeapSize                              = 4278190080                                {product} {ergonomic}
   size_t MaxNewSize                               = 2566914048                                {product} {ergonomic}
   size_t MinHeapDeltaBytes                        = 2097152                                   {product} {ergonomic}
   size_t MinHeapSize                              = 8388608                                   {product} {ergonomic}
    uintx NonNMethodCodeHeapSize                   = 5832780                                {pd product} {ergonomic}
    uintx NonProfiledCodeHeapSize                  = 122912730                              {pd product} {ergonomic}
    uintx ProfiledCodeHeapSize                     = 122912730                              {pd product} {ergonomic}
    uintx ReservedCodeCacheSize                    = 251658240                              {pd product} {ergonomic}
     bool SegmentedCodeCache                       = true                                      {product} {ergonomic}
   size_t SoftMaxHeapSize                          = 4278190080                             {manageable} {ergonomic}
     bool UseCompressedClassPointers               = true                           {product lp64_product} {ergonomic}
     bool UseCompressedOops                        = true                           {product lp64_product} {ergonomic}
     bool UseG1GC                                  = true                                      {product} {ergonomic}
     bool UseLargePagesIndividualAllocation        = false                                  {pd product} {ergonomic}

Logging:
Log output configuration:
 #0: stdout all=warning uptime,level,tags foldmultilines=false
 #1: stderr all=off uptime,level,tags foldmultilines=false

Environment Variables:
JAVA_HOME=C:\Program Files\Java\jdk-18.0.2.1
PATH=C:\Program Files\Microsoft\jdk-11.0.16.101-hotspot\bin;C:\Program Files\Common Files\Oracle\Java\javapath;C:\Program Files (x86)\Common Files\Oracle\Java\javapath;C:\Windows\system32;C:\Windows;C:\Windows\System32\Wbem;C:\Windows\System32\WindowsPowerShell\v1.0\;C:\Windows\System32\OpenSSH\;"C:\Program Files\NVIDIA Corporation\NVIDIA NvDLISR;C:\Program Files (x86)\NVIDIA Corporation\PhysX\Common;C:\WINDOWS\system32;C:\WINDOWS;C:\WINDOWS\System32\Wbem;C:\WINDOWS\System32\WindowsPowerShell\v1.0\;C:\WINDOWS\Sys";C:\Program Files (x86)\Windows Kits\10\Windows Performance Toolkit\;C:\Program Files\dotnet\;C:\Program Files\NVIDIA Corporation\NVIDIA NvDLISR;C:\Program Files (x86)\NVIDIA Corporation\PhysX\Common;C:\Program Files\Microsoft SQL Server\150\Tools\Binn\;C:\mingw64;C:\mingw64\bin;C:\Program Files\Git\cmd;C:\Program Files\CMake\bin;C:\Program Files\PuTTY\;C:\Users\hmsel\AppData\Local\Microsoft\WindowsApps;C:\Users\hmsel\AppData\Local\GitHubDesktop\bin;C:\Users\hmsel\AppData\Local\atom\bin;C:\Users\hmsel\AppData\Local\Microsoft\WindowsApps;C:\Users\hmsel\gradle\gradle-7.5.1\bin;C:\Users\hmsel\.dotnet\tools;C:\Program Files\Maven\apache-maven-3.9.1\bin;
USERNAME=hms11
OS=Windows_NT
PROCESSOR_IDENTIFIER=Intel64 Family 6 Model 60 Stepping 3, GenuineIntel



---------------  S Y S T E M  ---------------

OS:
 Windows 10 , 64 bit Build 19041 (10.0.19041.2788)
OS uptime: 5 days 23:03 hours

CPU: total 4 (initial active 4) (4 cores per cpu, 1 threads per core) family 6 model 60 stepping 3 microcode 0x27, cx8, cmov, fxsr, mmx, sse, sse2, sse3, ssse3, sse4.1, sse4.2, popcnt, lzcnt, tsc, tscinvbit, avx, avx2, aes, erms, clmul, bmi1, bmi2, fma, vzeroupper, clflush

Memory: 4k page, system-wide physical 16318M (3564M free)
TotalPageFile size 32702M (AvailPageFile size 7077M)
current process WorkingSet (physical memory assigned to process): 35M, peak: 35M
current process commit charge ("private bytes"): 337M, peak: 337M

vm_info: Java HotSpot(TM) 64-Bit Server VM (18.0.2.1+1-1) for windows-amd64 JRE (18.0.2.1+1-1), built on Aug 16 2022 01:46:33 by "mach5one" with MS VC++ 16.8 / 16.9 (VS2019)

END.
