#
# A fatal error has been detected by the Java Runtime Environment:
#
#  EXCEPTION_ACCESS_VIOLATION (0xc0000005) at pc=0x00007ffac7e73526, pid=2692, tid=18968
#
# JRE version: Java(TM) SE Runtime Environment (18.0.2.1+1) (build 18.0.2.1+1-1)
# Java VM: Java HotSpot(TM) 64-Bit Server VM (18.0.2.1+1-1, mixed mode, sharing, tiered, compressed oops, compressed class ptrs, g1 gc, windows-amd64)
# Problematic frame:
# C  [ntdll.dll+0x63526]
#
# No core dump will be written. Minidumps are not enabled by default on client versions of Windows
#
# If you would like to submit a bug report, please visit:
#   https://bugreport.java.com/bugreport/crash.jsp
# The crash happened outside the Java Virtual Machine in native code.
# See problematic frame for where to report the bug.
#

---------------  S U M M A R Y ------------

Command Line: -Djava.library.path=C:\Users\hmsel\git\CPP\jmtp\cpp\x64\Debug\ -Dfile.encoding=windows-1252 -Duser.country=US -Duser.language=en -Duser.variant Test

Host: Intel(R) Core(TM) i5-4460  CPU @ 3.20GHz, 4 cores, 15G,  Windows 10 , 64 bit Build 19041 (10.0.19041.2788)
Time: Sat Apr 29 20:56:46 2023 Jerusalem Daylight Time elapsed time: 0.242196 seconds (0d 0h 0m 0s)

---------------  T H R E A D  ---------------

Current thread (0x000001ca0d3f39e0):  JavaThread "main" [_thread_in_native, id=18968, stack(0x0000003924000000,0x0000003924100000)]

Stack: [0x0000003924000000,0x0000003924100000],  sp=0x00000039240fefb0,  free space=1019k
Native frames: (J=compiled Java code, j=interpreted, Vv=VM code, C=native code)
C  [ntdll.dll+0x63526]
C  [ntdll.dll+0x2fcb4]
C  [ntdll.dll+0x2fae2]
C  [PortableDeviceTypes.dll+0x4122]

Java frames: (J=compiled Java code, j=interpreted, Vv=VM code)
j  com.github.hms11rn.mtp.win32.content.PortableDeviceObjectWin32.getProperties()Ljava/util/Map;+0
j  Test.main([Ljava/lang/String;)V+254
v  ~StubRoutines::call_stub

siginfo: EXCEPTION_ACCESS_VIOLATION (0xc0000005), writing address 0x0000000000000024


Register to memory mapping:

RIP=0x00007ffac7e73526 ntdll.dll
RAX=0x0 is NULL
RBX=0x000001ca0b31bb90 points into unknown readable memory: 0x0000000000000000 | 00 00 00 00 00 00 00 00
RCX=0x000001ca0b31bb90 points into unknown readable memory: 0x0000000000000000 | 00 00 00 00 00 00 00 00
RDX=0x00000000fffffffa is an unknown value
RSP=0x00000039240fefb0 is pointing into the stack for thread: 0x000001ca0d3f39e0
RBP=0x00000039240ff100 is pointing into the stack for thread: 0x000001ca0d3f39e0
RSI=0x0 is NULL
RDI=0x0 is NULL
R8 =0x0 is NULL
R9 =0x000001ca0b31bb00 points into unknown readable memory: 0x00000000020007d0 | d0 07 00 02 00 00 00 00
R10=0x000001ca0b310000 points into unknown readable memory: 0x0000000000000000 | 00 00 00 00 00 00 00 00
R11=0x00000039240ff010 is pointing into the stack for thread: 0x000001ca0d3f39e0
R12=0x0 is NULL
R13=0x0000003923a31000 points into unknown readable memory: 0x0000000000000000 | 00 00 00 00 00 00 00 00
R14=0x0000000000000001 is an unknown value
R15=0x0 is NULL


Registers:
RAX=0x0000000000000000, RBX=0x000001ca0b31bb90, RCX=0x000001ca0b31bb90, RDX=0x00000000fffffffa
RSP=0x00000039240fefb0, RBP=0x00000039240ff100, RSI=0x0000000000000000, RDI=0x0000000000000000
R8 =0x0000000000000000, R9 =0x000001ca0b31bb00, R10=0x000001ca0b310000, R11=0x00000039240ff010
R12=0x0000000000000000, R13=0x0000003923a31000, R14=0x0000000000000001, R15=0x0000000000000000
RIP=0x00007ffac7e73526, EFLAGS=0x0000000000010213

Top of Stack: (sp=0x00000039240fefb0)
0x00000039240fefb0:   ffffffffffffffff 000001ca0b31bb90
0x00000039240fefc0:   00007ffaaf122fe0 00007ffa00000000
0x00000039240fefd0:   00007ffaaf060101 0000003900000000
0x00000039240fefe0:   000001ca33c903b0 00007ffa00000010
0x00000039240feff0:   000001ca33cb5c00 000001cafffffffa
0x00000039240ff000:   0000003923a31000 000001ca33cf7630
0x00000039240ff010:   000001ca0d3f39e0 00000039240ff4c8
0x00000039240ff020:   000001ca3000f378 0000000000000000
0x00000039240ff030:   000001ca0b31dce0 00007ffac7e347b1
0x00000039240ff040:   0000206dc5db7552 000001ca0b310000
0x00000039240ff050:   000001ca0d3f3900 0000000000000001
0x00000039240ff060:   0000000000000001 0000000000000001
0x00000039240ff070:   0000000000000000 000001ca0b31bb90
0x00000039240ff080:   00000039240ff100 00007ffac7e3fcb4
0x00000039240ff090:   0000000000000000 0000000000000000
0x00000039240ff0a0:   00000000fffffffa 00007ffa3c8a2b3f 

Instructions: (pc=0x00007ffac7e73526)
0x00007ffac7e73426:   20 e9 ed fe ff ff 48 89 41 18 e9 e4 fe ff ff cc
0x00007ffac7e73436:   cc cc cc cc cc cc cc cc cc cc 80 3d c1 90 10 00
0x00007ffac7e73446:   00 0f 95 c0 c3 cc cc cc cc cc cc cc cc cc cc cc
0x00007ffac7e73456:   cc cc cc cc cc cc cc cc cc cc 48 83 ec 38 8b 05
0x00007ffac7e73466:   c2 76 10 00 89 44 24 20 e8 41 02 00 00 48 83 c4
0x00007ffac7e73476:   38 c3 cc cc cc cc cc cc cc cc 48 89 5c 24 18 55
0x00007ffac7e73486:   56 57 41 54 41 55 41 56 41 57 48 81 ec a0 00 00
0x00007ffac7e73496:   00 48 8b 05 72 10 12 00 48 33 c4 48 89 84 24 90
0x00007ffac7e734a6:   00 00 00 65 4c 8b 2c 25 30 00 00 00 48 8d 05 0f
0x00007ffac7e734b6:   31 10 00 40 32 ed 89 54 24 48 33 f6 40 88 6c 24
0x00007ffac7e734c6:   40 4c 89 6c 24 50 48 8b d9 44 8b e6 48 3b c8 0f
0x00007ffac7e734d6:   84 39 01 00 00 40 38 35 26 90 10 00 0f 85 a8 01
0x00007ffac7e734e6:   00 00 39 35 3a 90 10 00 0f 85 6a 01 00 00 40 38
0x00007ffac7e734f6:   35 fd 8a 10 00 48 8d 3d fe 8a 10 00 48 0f 45 fe
0x00007ffac7e73506:   48 39 73 18 0f 84 d2 00 00 00 48 8b 03 48 83 f8
0x00007ffac7e73516:   ff 0f 84 d2 00 00 00 44 8b fe 48 83 f8 ff 74 03
0x00007ffac7e73526:   ff 40 24 4c 8b 73 18 4c 8d 2d 94 30 10 00 bd 22
0x00007ffac7e73536:   17 00 00 e8 12 13 fc ff 85 c0 0f 85 06 b4 05 00
0x00007ffac7e73546:   b9 82 03 fe 7f 80 39 00 0f 85 14 b4 05 00 49 83
0x00007ffac7e73556:   fe ff 0f 85 a2 b4 05 00 4c 8b cf c7 44 24 20 00
0x00007ffac7e73566:   00 00 00 41 b8 04 00 00 00 48 8d 54 24 48 48 8d
0x00007ffac7e73576:   4b 08 e8 37 01 00 00 3d 02 01 00 00 0f 84 8b b4
0x00007ffac7e73586:   05 00 8b 4b 08 89 4c 24 48 f6 c1 02 75 ca 3d 02
0x00007ffac7e73596:   01 00 00 0f 84 74 b4 05 00 0f b6 6c 24 40 4c 8b
0x00007ffac7e735a6:   6c 24 50 85 c0 0f 88 c0 b5 05 00 40 84 ed 75 73
0x00007ffac7e735b6:   48 8b 8c 24 90 00 00 00 48 33 cc e8 7a 8d 02 00
0x00007ffac7e735c6:   48 8b 9c 24 f0 00 00 00 48 81 c4 a0 00 00 00 41
0x00007ffac7e735d6:   5f 41 5e 41 5d 41 5c 5f 5e 5d c3 cc 48 8b cb e8
0x00007ffac7e735e6:   56 05 00 00 e9 21 ff ff ff 8b 4b 20 48 c7 c0 ff
0x00007ffac7e735f6:   ff ff ff 48 0f ba e1 18 0f 82 19 ff ff ff 48 8b
0x00007ffac7e73606:   cb e8 34 e2 fa ff 48 8b 03 e9 09 ff ff ff c6 44
0x00007ffac7e73616:   24 40 01 41 c7 85 60 17 00 00 01 00 00 00 e9 b2 


Stack slot to memory mapping:
stack at sp + 0 slots: 0xffffffffffffffff is an unknown value
stack at sp + 1 slots: 0x000001ca0b31bb90 points into unknown readable memory: 0x0000000000000000 | 00 00 00 00 00 00 00 00
stack at sp + 2 slots: 0x00007ffaaf122fe0 MSVCP140D.dll
stack at sp + 3 slots: 0x00007ffa00000000 is an unknown value
stack at sp + 4 slots: 0x00007ffaaf060101 MSVCP140D.dll
stack at sp + 5 slots: 0x0000003900000000 is an unknown value
stack at sp + 6 slots: 0x000001ca33c903b0 points into unknown readable memory: 0x000001ca0b2a1080 | 80 10 2a 0b ca 01 00 00
stack at sp + 7 slots: 0x00007ffa00000010 is an unknown value


---------------  P R O C E S S  ---------------

Threads class SMR info:
_java_thread_list=0x000001ca33c6a030, length=12, elements={
0x000001ca0d3f39e0, 0x000001ca2f9210e0, 0x000001ca2f922350, 0x000001ca2f939480,
0x000001ca2f939e20, 0x000001ca2f93a7c0, 0x000001ca2f93b160, 0x000001ca2f93be30,
0x000001ca2f93c810, 0x000001ca2f9a83b0, 0x000001ca33c90750, 0x000001ca33c9cec0
}

Java Threads: ( => current thread )
=>0x000001ca0d3f39e0 JavaThread "main" [_thread_in_native, id=18968, stack(0x0000003924000000,0x0000003924100000)]
  0x000001ca2f9210e0 JavaThread "Reference Handler" daemon [_thread_blocked, id=20516, stack(0x0000003924700000,0x0000003924800000)]
  0x000001ca2f922350 JavaThread "Finalizer" daemon [_thread_blocked, id=19660, stack(0x0000003924800000,0x0000003924900000)]
  0x000001ca2f939480 JavaThread "Signal Dispatcher" daemon [_thread_blocked, id=16684, stack(0x0000003924900000,0x0000003924a00000)]
  0x000001ca2f939e20 JavaThread "Attach Listener" daemon [_thread_blocked, id=11940, stack(0x0000003924a00000,0x0000003924b00000)]
  0x000001ca2f93a7c0 JavaThread "Service Thread" daemon [_thread_blocked, id=2928, stack(0x0000003924b00000,0x0000003924c00000)]
  0x000001ca2f93b160 JavaThread "Monitor Deflation Thread" daemon [_thread_blocked, id=19600, stack(0x0000003924c00000,0x0000003924d00000)]
  0x000001ca2f93be30 JavaThread "C2 CompilerThread0" daemon [_thread_blocked, id=17204, stack(0x0000003924d00000,0x0000003924e00000)]
  0x000001ca2f93c810 JavaThread "C1 CompilerThread0" daemon [_thread_blocked, id=19828, stack(0x0000003924e00000,0x0000003924f00000)]
  0x000001ca2f9a83b0 JavaThread "Sweeper thread" daemon [_thread_blocked, id=18164, stack(0x0000003924f00000,0x0000003925000000)]
  0x000001ca33c90750 JavaThread "Notification Thread" daemon [_thread_blocked, id=16852, stack(0x0000003925000000,0x0000003925100000)]
  0x000001ca33c9cec0 JavaThread "Common-Cleaner" daemon [_thread_blocked, id=13332, stack(0x0000003925200000,0x0000003925300000)]

Other Threads:
  0x000001ca2f91e0e0 VMThread "VM Thread" [stack: 0x0000003924600000,0x0000003924700000] [id=7980]
  0x000001ca33c9cc50 WatcherThread "VM Periodic Task Thread" [stack: 0x0000003925100000,0x0000003925200000] [id=19636]
  0x000001ca0d463230 WorkerThread "GC Thread#0" [stack: 0x0000003924100000,0x0000003924200000] [id=17228]
  0x000001ca0d475070 ConcurrentGCThread "G1 Main Marker" [stack: 0x0000003924200000,0x0000003924300000] [id=15256]
  0x000001ca0d476200 WorkerThread "G1 Conc#0" [stack: 0x0000003924300000,0x0000003924400000] [id=16188]
  0x000001ca0d4b4be0 ConcurrentGCThread "G1 Refine#0" [stack: 0x0000003924400000,0x0000003924500000] [id=17936]
  0x000001ca0d4b54f0 ConcurrentGCThread "G1 Service" [stack: 0x0000003924500000,0x0000003924600000] [id=20368]

Threads with active compile tasks:

VM state: not at safepoint (normal execution)

VM Mutex/Monitor currently owned by a thread: None

Heap address: 0x0000000701000000, size: 4080 MB, Compressed Oops mode: Zero based, Oop shift amount: 3

CDS archive(s) mapped at: [0x0000000800000000-0x0000000800ba0000-0x0000000800ba0000), size 12189696, SharedBaseAddress: 0x0000000800000000, ArchiveRelocationMode: 0.
Compressed class space mapped at: 0x0000000800c00000-0x0000000840c00000, reserved size: 1073741824
Narrow klass base: 0x0000000800000000, Narrow klass shift: 0, Narrow klass range: 0x100000000

GC Precious Log:
 CardTable entry size: 512
 Card Set container configuration: InlinePtr #cards 4 size 8 Array Of Cards #cards 16 size 48 Howl #buckets 8 coarsen threshold 3686 Howl Bitmap #cards 512 size 80 coarsen threshold 460 Card regions per heap region 1 cards per card region 4096
 CPUs: 4 total, 4 available
 Memory: 16318M
 Large Page Support: Disabled
 NUMA Support: Disabled
 Compressed Oops: Enabled (Zero based)
 Heap Region Size: 2M
 Heap Min Capacity: 8M
 Heap Initial Capacity: 256M
 Heap Max Capacity: 4080M
 Pre-touch: Disabled
 Parallel Workers: 4
 Concurrent Workers: 1
 Concurrent Refinement Workers: 4
 Periodic GC: Disabled

Heap:
 garbage-first heap   total 262144K, used 0K [0x0000000701000000, 0x0000000800000000)
  region size 2048K, 1 young (2048K), 0 survivors (0K)
 Metaspace       used 359K, committed 512K, reserved 1114112K
  class space    used 20K, committed 128K, reserved 1048576K

Heap Regions: E=young(eden), S=young(survivor), O=old, HS=humongous(starts), HC=humongous(continues), CS=collection set, F=free, OA=open archive, CA=closed archive, TAMS=top-at-mark-start (previous, next)
|   0|0x0000000701000000, 0x0000000701000000, 0x0000000701200000|  0%| F|  |TAMS 0x0000000701000000, 0x0000000701000000| Untracked 
|   1|0x0000000701200000, 0x0000000701200000, 0x0000000701400000|  0%| F|  |TAMS 0x0000000701200000, 0x0000000701200000| Untracked 
|   2|0x0000000701400000, 0x0000000701400000, 0x0000000701600000|  0%| F|  |TAMS 0x0000000701400000, 0x0000000701400000| Untracked 
|   3|0x0000000701600000, 0x0000000701600000, 0x0000000701800000|  0%| F|  |TAMS 0x0000000701600000, 0x0000000701600000| Untracked 
|   4|0x0000000701800000, 0x0000000701800000, 0x0000000701a00000|  0%| F|  |TAMS 0x0000000701800000, 0x0000000701800000| Untracked 
|   5|0x0000000701a00000, 0x0000000701a00000, 0x0000000701c00000|  0%| F|  |TAMS 0x0000000701a00000, 0x0000000701a00000| Untracked 
|   6|0x0000000701c00000, 0x0000000701c00000, 0x0000000701e00000|  0%| F|  |TAMS 0x0000000701c00000, 0x0000000701c00000| Untracked 
|   7|0x0000000701e00000, 0x0000000701e00000, 0x0000000702000000|  0%| F|  |TAMS 0x0000000701e00000, 0x0000000701e00000| Untracked 
|   8|0x0000000702000000, 0x0000000702000000, 0x0000000702200000|  0%| F|  |TAMS 0x0000000702000000, 0x0000000702000000| Untracked 
|   9|0x0000000702200000, 0x0000000702200000, 0x0000000702400000|  0%| F|  |TAMS 0x0000000702200000, 0x0000000702200000| Untracked 
|  10|0x0000000702400000, 0x0000000702400000, 0x0000000702600000|  0%| F|  |TAMS 0x0000000702400000, 0x0000000702400000| Untracked 
|  11|0x0000000702600000, 0x0000000702600000, 0x0000000702800000|  0%| F|  |TAMS 0x0000000702600000, 0x0000000702600000| Untracked 
|  12|0x0000000702800000, 0x0000000702800000, 0x0000000702a00000|  0%| F|  |TAMS 0x0000000702800000, 0x0000000702800000| Untracked 
|  13|0x0000000702a00000, 0x0000000702a00000, 0x0000000702c00000|  0%| F|  |TAMS 0x0000000702a00000, 0x0000000702a00000| Untracked 
|  14|0x0000000702c00000, 0x0000000702c00000, 0x0000000702e00000|  0%| F|  |TAMS 0x0000000702c00000, 0x0000000702c00000| Untracked 
|  15|0x0000000702e00000, 0x0000000702e00000, 0x0000000703000000|  0%| F|  |TAMS 0x0000000702e00000, 0x0000000702e00000| Untracked 
|  16|0x0000000703000000, 0x0000000703000000, 0x0000000703200000|  0%| F|  |TAMS 0x0000000703000000, 0x0000000703000000| Untracked 
|  17|0x0000000703200000, 0x0000000703200000, 0x0000000703400000|  0%| F|  |TAMS 0x0000000703200000, 0x0000000703200000| Untracked 
|  18|0x0000000703400000, 0x0000000703400000, 0x0000000703600000|  0%| F|  |TAMS 0x0000000703400000, 0x0000000703400000| Untracked 
|  19|0x0000000703600000, 0x0000000703600000, 0x0000000703800000|  0%| F|  |TAMS 0x0000000703600000, 0x0000000703600000| Untracked 
|  20|0x0000000703800000, 0x0000000703800000, 0x0000000703a00000|  0%| F|  |TAMS 0x0000000703800000, 0x0000000703800000| Untracked 
|  21|0x0000000703a00000, 0x0000000703a00000, 0x0000000703c00000|  0%| F|  |TAMS 0x0000000703a00000, 0x0000000703a00000| Untracked 
|  22|0x0000000703c00000, 0x0000000703c00000, 0x0000000703e00000|  0%| F|  |TAMS 0x0000000703c00000, 0x0000000703c00000| Untracked 
|  23|0x0000000703e00000, 0x0000000703e00000, 0x0000000704000000|  0%| F|  |TAMS 0x0000000703e00000, 0x0000000703e00000| Untracked 
|  24|0x0000000704000000, 0x0000000704000000, 0x0000000704200000|  0%| F|  |TAMS 0x0000000704000000, 0x0000000704000000| Untracked 
|  25|0x0000000704200000, 0x0000000704200000, 0x0000000704400000|  0%| F|  |TAMS 0x0000000704200000, 0x0000000704200000| Untracked 
|  26|0x0000000704400000, 0x0000000704400000, 0x0000000704600000|  0%| F|  |TAMS 0x0000000704400000, 0x0000000704400000| Untracked 
|  27|0x0000000704600000, 0x0000000704600000, 0x0000000704800000|  0%| F|  |TAMS 0x0000000704600000, 0x0000000704600000| Untracked 
|  28|0x0000000704800000, 0x0000000704800000, 0x0000000704a00000|  0%| F|  |TAMS 0x0000000704800000, 0x0000000704800000| Untracked 
|  29|0x0000000704a00000, 0x0000000704a00000, 0x0000000704c00000|  0%| F|  |TAMS 0x0000000704a00000, 0x0000000704a00000| Untracked 
|  30|0x0000000704c00000, 0x0000000704c00000, 0x0000000704e00000|  0%| F|  |TAMS 0x0000000704c00000, 0x0000000704c00000| Untracked 
|  31|0x0000000704e00000, 0x0000000704e00000, 0x0000000705000000|  0%| F|  |TAMS 0x0000000704e00000, 0x0000000704e00000| Untracked 
|  32|0x0000000705000000, 0x0000000705000000, 0x0000000705200000|  0%| F|  |TAMS 0x0000000705000000, 0x0000000705000000| Untracked 
|  33|0x0000000705200000, 0x0000000705200000, 0x0000000705400000|  0%| F|  |TAMS 0x0000000705200000, 0x0000000705200000| Untracked 
|  34|0x0000000705400000, 0x0000000705400000, 0x0000000705600000|  0%| F|  |TAMS 0x0000000705400000, 0x0000000705400000| Untracked 
|  35|0x0000000705600000, 0x0000000705600000, 0x0000000705800000|  0%| F|  |TAMS 0x0000000705600000, 0x0000000705600000| Untracked 
|  36|0x0000000705800000, 0x0000000705800000, 0x0000000705a00000|  0%| F|  |TAMS 0x0000000705800000, 0x0000000705800000| Untracked 
|  37|0x0000000705a00000, 0x0000000705a00000, 0x0000000705c00000|  0%| F|  |TAMS 0x0000000705a00000, 0x0000000705a00000| Untracked 
|  38|0x0000000705c00000, 0x0000000705c00000, 0x0000000705e00000|  0%| F|  |TAMS 0x0000000705c00000, 0x0000000705c00000| Untracked 
|  39|0x0000000705e00000, 0x0000000705e00000, 0x0000000706000000|  0%| F|  |TAMS 0x0000000705e00000, 0x0000000705e00000| Untracked 
|  40|0x0000000706000000, 0x0000000706000000, 0x0000000706200000|  0%| F|  |TAMS 0x0000000706000000, 0x0000000706000000| Untracked 
|  41|0x0000000706200000, 0x0000000706200000, 0x0000000706400000|  0%| F|  |TAMS 0x0000000706200000, 0x0000000706200000| Untracked 
|  42|0x0000000706400000, 0x0000000706400000, 0x0000000706600000|  0%| F|  |TAMS 0x0000000706400000, 0x0000000706400000| Untracked 
|  43|0x0000000706600000, 0x0000000706600000, 0x0000000706800000|  0%| F|  |TAMS 0x0000000706600000, 0x0000000706600000| Untracked 
|  44|0x0000000706800000, 0x0000000706800000, 0x0000000706a00000|  0%| F|  |TAMS 0x0000000706800000, 0x0000000706800000| Untracked 
|  45|0x0000000706a00000, 0x0000000706a00000, 0x0000000706c00000|  0%| F|  |TAMS 0x0000000706a00000, 0x0000000706a00000| Untracked 
|  46|0x0000000706c00000, 0x0000000706c00000, 0x0000000706e00000|  0%| F|  |TAMS 0x0000000706c00000, 0x0000000706c00000| Untracked 
|  47|0x0000000706e00000, 0x0000000706e00000, 0x0000000707000000|  0%| F|  |TAMS 0x0000000706e00000, 0x0000000706e00000| Untracked 
|  48|0x0000000707000000, 0x0000000707000000, 0x0000000707200000|  0%| F|  |TAMS 0x0000000707000000, 0x0000000707000000| Untracked 
|  49|0x0000000707200000, 0x0000000707200000, 0x0000000707400000|  0%| F|  |TAMS 0x0000000707200000, 0x0000000707200000| Untracked 
|  50|0x0000000707400000, 0x0000000707400000, 0x0000000707600000|  0%| F|  |TAMS 0x0000000707400000, 0x0000000707400000| Untracked 
|  51|0x0000000707600000, 0x0000000707600000, 0x0000000707800000|  0%| F|  |TAMS 0x0000000707600000, 0x0000000707600000| Untracked 
|  52|0x0000000707800000, 0x0000000707800000, 0x0000000707a00000|  0%| F|  |TAMS 0x0000000707800000, 0x0000000707800000| Untracked 
|  53|0x0000000707a00000, 0x0000000707a00000, 0x0000000707c00000|  0%| F|  |TAMS 0x0000000707a00000, 0x0000000707a00000| Untracked 
|  54|0x0000000707c00000, 0x0000000707c00000, 0x0000000707e00000|  0%| F|  |TAMS 0x0000000707c00000, 0x0000000707c00000| Untracked 
|  55|0x0000000707e00000, 0x0000000707e00000, 0x0000000708000000|  0%| F|  |TAMS 0x0000000707e00000, 0x0000000707e00000| Untracked 
|  56|0x0000000708000000, 0x0000000708000000, 0x0000000708200000|  0%| F|  |TAMS 0x0000000708000000, 0x0000000708000000| Untracked 
|  57|0x0000000708200000, 0x0000000708200000, 0x0000000708400000|  0%| F|  |TAMS 0x0000000708200000, 0x0000000708200000| Untracked 
|  58|0x0000000708400000, 0x0000000708400000, 0x0000000708600000|  0%| F|  |TAMS 0x0000000708400000, 0x0000000708400000| Untracked 
|  59|0x0000000708600000, 0x0000000708600000, 0x0000000708800000|  0%| F|  |TAMS 0x0000000708600000, 0x0000000708600000| Untracked 
|  60|0x0000000708800000, 0x0000000708800000, 0x0000000708a00000|  0%| F|  |TAMS 0x0000000708800000, 0x0000000708800000| Untracked 
|  61|0x0000000708a00000, 0x0000000708a00000, 0x0000000708c00000|  0%| F|  |TAMS 0x0000000708a00000, 0x0000000708a00000| Untracked 
|  62|0x0000000708c00000, 0x0000000708c00000, 0x0000000708e00000|  0%| F|  |TAMS 0x0000000708c00000, 0x0000000708c00000| Untracked 
|  63|0x0000000708e00000, 0x0000000708e00000, 0x0000000709000000|  0%| F|  |TAMS 0x0000000708e00000, 0x0000000708e00000| Untracked 
|  64|0x0000000709000000, 0x0000000709000000, 0x0000000709200000|  0%| F|  |TAMS 0x0000000709000000, 0x0000000709000000| Untracked 
|  65|0x0000000709200000, 0x0000000709200000, 0x0000000709400000|  0%| F|  |TAMS 0x0000000709200000, 0x0000000709200000| Untracked 
|  66|0x0000000709400000, 0x0000000709400000, 0x0000000709600000|  0%| F|  |TAMS 0x0000000709400000, 0x0000000709400000| Untracked 
|  67|0x0000000709600000, 0x0000000709600000, 0x0000000709800000|  0%| F|  |TAMS 0x0000000709600000, 0x0000000709600000| Untracked 
|  68|0x0000000709800000, 0x0000000709800000, 0x0000000709a00000|  0%| F|  |TAMS 0x0000000709800000, 0x0000000709800000| Untracked 
|  69|0x0000000709a00000, 0x0000000709a00000, 0x0000000709c00000|  0%| F|  |TAMS 0x0000000709a00000, 0x0000000709a00000| Untracked 
|  70|0x0000000709c00000, 0x0000000709c00000, 0x0000000709e00000|  0%| F|  |TAMS 0x0000000709c00000, 0x0000000709c00000| Untracked 
|  71|0x0000000709e00000, 0x0000000709e00000, 0x000000070a000000|  0%| F|  |TAMS 0x0000000709e00000, 0x0000000709e00000| Untracked 
|  72|0x000000070a000000, 0x000000070a000000, 0x000000070a200000|  0%| F|  |TAMS 0x000000070a000000, 0x000000070a000000| Untracked 
|  73|0x000000070a200000, 0x000000070a200000, 0x000000070a400000|  0%| F|  |TAMS 0x000000070a200000, 0x000000070a200000| Untracked 
|  74|0x000000070a400000, 0x000000070a400000, 0x000000070a600000|  0%| F|  |TAMS 0x000000070a400000, 0x000000070a400000| Untracked 
|  75|0x000000070a600000, 0x000000070a600000, 0x000000070a800000|  0%| F|  |TAMS 0x000000070a600000, 0x000000070a600000| Untracked 
|  76|0x000000070a800000, 0x000000070a800000, 0x000000070aa00000|  0%| F|  |TAMS 0x000000070a800000, 0x000000070a800000| Untracked 
|  77|0x000000070aa00000, 0x000000070aa00000, 0x000000070ac00000|  0%| F|  |TAMS 0x000000070aa00000, 0x000000070aa00000| Untracked 
|  78|0x000000070ac00000, 0x000000070ac00000, 0x000000070ae00000|  0%| F|  |TAMS 0x000000070ac00000, 0x000000070ac00000| Untracked 
|  79|0x000000070ae00000, 0x000000070ae00000, 0x000000070b000000|  0%| F|  |TAMS 0x000000070ae00000, 0x000000070ae00000| Untracked 
|  80|0x000000070b000000, 0x000000070b000000, 0x000000070b200000|  0%| F|  |TAMS 0x000000070b000000, 0x000000070b000000| Untracked 
|  81|0x000000070b200000, 0x000000070b200000, 0x000000070b400000|  0%| F|  |TAMS 0x000000070b200000, 0x000000070b200000| Untracked 
|  82|0x000000070b400000, 0x000000070b400000, 0x000000070b600000|  0%| F|  |TAMS 0x000000070b400000, 0x000000070b400000| Untracked 
|  83|0x000000070b600000, 0x000000070b600000, 0x000000070b800000|  0%| F|  |TAMS 0x000000070b600000, 0x000000070b600000| Untracked 
|  84|0x000000070b800000, 0x000000070b800000, 0x000000070ba00000|  0%| F|  |TAMS 0x000000070b800000, 0x000000070b800000| Untracked 
|  85|0x000000070ba00000, 0x000000070ba00000, 0x000000070bc00000|  0%| F|  |TAMS 0x000000070ba00000, 0x000000070ba00000| Untracked 
|  86|0x000000070bc00000, 0x000000070bc00000, 0x000000070be00000|  0%| F|  |TAMS 0x000000070bc00000, 0x000000070bc00000| Untracked 
|  87|0x000000070be00000, 0x000000070be00000, 0x000000070c000000|  0%| F|  |TAMS 0x000000070be00000, 0x000000070be00000| Untracked 
|  88|0x000000070c000000, 0x000000070c000000, 0x000000070c200000|  0%| F|  |TAMS 0x000000070c000000, 0x000000070c000000| Untracked 
|  89|0x000000070c200000, 0x000000070c200000, 0x000000070c400000|  0%| F|  |TAMS 0x000000070c200000, 0x000000070c200000| Untracked 
|  90|0x000000070c400000, 0x000000070c400000, 0x000000070c600000|  0%| F|  |TAMS 0x000000070c400000, 0x000000070c400000| Untracked 
|  91|0x000000070c600000, 0x000000070c600000, 0x000000070c800000|  0%| F|  |TAMS 0x000000070c600000, 0x000000070c600000| Untracked 
|  92|0x000000070c800000, 0x000000070c800000, 0x000000070ca00000|  0%| F|  |TAMS 0x000000070c800000, 0x000000070c800000| Untracked 
|  93|0x000000070ca00000, 0x000000070ca00000, 0x000000070cc00000|  0%| F|  |TAMS 0x000000070ca00000, 0x000000070ca00000| Untracked 
|  94|0x000000070cc00000, 0x000000070cc00000, 0x000000070ce00000|  0%| F|  |TAMS 0x000000070cc00000, 0x000000070cc00000| Untracked 
|  95|0x000000070ce00000, 0x000000070ce00000, 0x000000070d000000|  0%| F|  |TAMS 0x000000070ce00000, 0x000000070ce00000| Untracked 
|  96|0x000000070d000000, 0x000000070d000000, 0x000000070d200000|  0%| F|  |TAMS 0x000000070d000000, 0x000000070d000000| Untracked 
|  97|0x000000070d200000, 0x000000070d200000, 0x000000070d400000|  0%| F|  |TAMS 0x000000070d200000, 0x000000070d200000| Untracked 
|  98|0x000000070d400000, 0x000000070d400000, 0x000000070d600000|  0%| F|  |TAMS 0x000000070d400000, 0x000000070d400000| Untracked 
|  99|0x000000070d600000, 0x000000070d600000, 0x000000070d800000|  0%| F|  |TAMS 0x000000070d600000, 0x000000070d600000| Untracked 
| 100|0x000000070d800000, 0x000000070d800000, 0x000000070da00000|  0%| F|  |TAMS 0x000000070d800000, 0x000000070d800000| Untracked 
| 101|0x000000070da00000, 0x000000070da00000, 0x000000070dc00000|  0%| F|  |TAMS 0x000000070da00000, 0x000000070da00000| Untracked 
| 102|0x000000070dc00000, 0x000000070dc00000, 0x000000070de00000|  0%| F|  |TAMS 0x000000070dc00000, 0x000000070dc00000| Untracked 
| 103|0x000000070de00000, 0x000000070de00000, 0x000000070e000000|  0%| F|  |TAMS 0x000000070de00000, 0x000000070de00000| Untracked 
| 104|0x000000070e000000, 0x000000070e000000, 0x000000070e200000|  0%| F|  |TAMS 0x000000070e000000, 0x000000070e000000| Untracked 
| 105|0x000000070e200000, 0x000000070e200000, 0x000000070e400000|  0%| F|  |TAMS 0x000000070e200000, 0x000000070e200000| Untracked 
| 106|0x000000070e400000, 0x000000070e400000, 0x000000070e600000|  0%| F|  |TAMS 0x000000070e400000, 0x000000070e400000| Untracked 
| 107|0x000000070e600000, 0x000000070e600000, 0x000000070e800000|  0%| F|  |TAMS 0x000000070e600000, 0x000000070e600000| Untracked 
| 108|0x000000070e800000, 0x000000070e800000, 0x000000070ea00000|  0%| F|  |TAMS 0x000000070e800000, 0x000000070e800000| Untracked 
| 109|0x000000070ea00000, 0x000000070ea00000, 0x000000070ec00000|  0%| F|  |TAMS 0x000000070ea00000, 0x000000070ea00000| Untracked 
| 110|0x000000070ec00000, 0x000000070ec00000, 0x000000070ee00000|  0%| F|  |TAMS 0x000000070ec00000, 0x000000070ec00000| Untracked 
| 111|0x000000070ee00000, 0x000000070ee00000, 0x000000070f000000|  0%| F|  |TAMS 0x000000070ee00000, 0x000000070ee00000| Untracked 
| 112|0x000000070f000000, 0x000000070f000000, 0x000000070f200000|  0%| F|  |TAMS 0x000000070f000000, 0x000000070f000000| Untracked 
| 113|0x000000070f200000, 0x000000070f200000, 0x000000070f400000|  0%| F|  |TAMS 0x000000070f200000, 0x000000070f200000| Untracked 
| 114|0x000000070f400000, 0x000000070f400000, 0x000000070f600000|  0%| F|  |TAMS 0x000000070f400000, 0x000000070f400000| Untracked 
| 115|0x000000070f600000, 0x000000070f600000, 0x000000070f800000|  0%| F|  |TAMS 0x000000070f600000, 0x000000070f600000| Untracked 
| 116|0x000000070f800000, 0x000000070f800000, 0x000000070fa00000|  0%| F|  |TAMS 0x000000070f800000, 0x000000070f800000| Untracked 
| 117|0x000000070fa00000, 0x000000070fa00000, 0x000000070fc00000|  0%| F|  |TAMS 0x000000070fa00000, 0x000000070fa00000| Untracked 
| 118|0x000000070fc00000, 0x000000070fc00000, 0x000000070fe00000|  0%| F|  |TAMS 0x000000070fc00000, 0x000000070fc00000| Untracked 
| 119|0x000000070fe00000, 0x000000070fe00000, 0x0000000710000000|  0%| F|  |TAMS 0x000000070fe00000, 0x000000070fe00000| Untracked 
| 120|0x0000000710000000, 0x0000000710000000, 0x0000000710200000|  0%| F|  |TAMS 0x0000000710000000, 0x0000000710000000| Untracked 
| 121|0x0000000710200000, 0x0000000710200000, 0x0000000710400000|  0%| F|  |TAMS 0x0000000710200000, 0x0000000710200000| Untracked 
| 122|0x0000000710400000, 0x0000000710400000, 0x0000000710600000|  0%| F|  |TAMS 0x0000000710400000, 0x0000000710400000| Untracked 
| 123|0x0000000710600000, 0x0000000710600000, 0x0000000710800000|  0%| F|  |TAMS 0x0000000710600000, 0x0000000710600000| Untracked 
| 124|0x0000000710800000, 0x0000000710800000, 0x0000000710a00000|  0%| F|  |TAMS 0x0000000710800000, 0x0000000710800000| Untracked 
| 125|0x0000000710a00000, 0x0000000710a00000, 0x0000000710c00000|  0%| F|  |TAMS 0x0000000710a00000, 0x0000000710a00000| Untracked 
| 126|0x0000000710c00000, 0x0000000710c00000, 0x0000000710e00000|  0%| F|  |TAMS 0x0000000710c00000, 0x0000000710c00000| Untracked 
| 127|0x0000000710e00000, 0x0000000710fae3f0, 0x0000000711000000| 84%| E|  |TAMS 0x0000000710e00000, 0x0000000710e00000| Complete 

Card table byte_map: [0x000001ca24530000,0x000001ca24d30000] _byte_map_base: 0x000001ca20d28000

Marking Bits (Prev, Next): (CMBitMap*) 0x000001ca0d464840, (CMBitMap*) 0x000001ca0d464880
 Prev Bits: [0x000001ca25530000, 0x000001ca294f0000)
 Next Bits: [0x000001ca294f0000, 0x000001ca2d4b0000)

Polling page: 0x000001ca0cbc0000

Metaspace:

Usage:
  Non-class:    339.26 KB used.
      Class:     20.71 KB used.
       Both:    359.97 KB used.

Virtual space:
  Non-class space:       64.00 MB reserved,     384.00 KB ( <1%) committed,  1 nodes.
      Class space:        1.00 GB reserved,     128.00 KB ( <1%) committed,  1 nodes.
             Both:        1.06 GB reserved,     512.00 KB ( <1%) committed. 

Chunk freelists:
   Non-Class:  3.94 MB
       Class:  3.72 MB
        Both:  7.66 MB

MaxMetaspaceSize: unlimited
CompressedClassSpaceSize: 1.00 GB
Initial GC threshold: 21.00 MB
Current GC threshold: 21.00 MB
CDS: on
MetaspaceReclaimPolicy: balanced
 - commit_granule_bytes: 65536.
 - commit_granule_words: 8192.
 - virtual_space_node_default_size: 8388608.
 - enlarge_chunks_in_place: 1.
 - new_chunks_are_fully_committed: 0.
 - uncommit_free_chunks: 1.
 - use_allocation_guard: 0.


Internal statistics:

num_allocs_failed_limit: 0.
num_arena_births: 28.
num_arena_deaths: 0.
num_vsnodes_births: 2.
num_vsnodes_deaths: 0.
num_space_committed: 8.
num_space_uncommitted: 0.
num_chunks_returned_to_freelist: 0.
num_chunks_taken_from_freelist: 38.
num_chunk_merges: 0.
num_chunk_splits: 23.
num_chunks_enlarged: 15.
num_inconsistent_stats: 0.

CodeHeap 'non-profiled nmethods': size=120000Kb used=66Kb max_used=66Kb free=119933Kb
 bounds [0x000001ca1c800000, 0x000001ca1ca70000, 0x000001ca23d30000]
CodeHeap 'profiled nmethods': size=120000Kb used=254Kb max_used=254Kb free=119745Kb
 bounds [0x000001ca152d0000, 0x000001ca15540000, 0x000001ca1c800000]
CodeHeap 'non-nmethods': size=5760Kb used=1089Kb max_used=1102Kb free=4670Kb
 bounds [0x000001ca14d30000, 0x000001ca14fa0000, 0x000001ca152d0000]
 total_blobs=554 nmethods=208 adapters=259
 compilation: enabled
              stopped_count=0, restarted_count=0
 full_count=0

Compilation events (20 events):
Event: 0.194 Thread 0x000001ca2f93c810  198       3       java.lang.ref.Reference::<init> (25 bytes)
Event: 0.194 Thread 0x000001ca2f93c810 nmethod 198 0x000001ca1530cb10 code [0x000001ca1530ccc0, 0x000001ca1530cf58]
Event: 0.194 Thread 0x000001ca2f93c810  200       1       java.lang.invoke.MethodTypeForm::erasedType (5 bytes)
Event: 0.194 Thread 0x000001ca2f93c810 nmethod 200 0x000001ca1c810790 code [0x000001ca1c810920, 0x000001ca1c8109f8]
Event: 0.195 Thread 0x000001ca2f93c810  201       3       jdk.internal.util.Preconditions::checkIndex (18 bytes)
Event: 0.195 Thread 0x000001ca2f93c810 nmethod 201 0x000001ca1530d010 code [0x000001ca1530d1c0, 0x000001ca1530d368]
Event: 0.196 Thread 0x000001ca2f93c810  202       3       java.lang.StringConcatHelper::checkOverflow (17 bytes)
Event: 0.196 Thread 0x000001ca2f93c810 nmethod 202 0x000001ca1530d410 code [0x000001ca1530d5c0, 0x000001ca1530d7a8]
Event: 0.205 Thread 0x000001ca2f93c810  203       3       java.lang.StringConcatHelper::stringOf (20 bytes)
Event: 0.206 Thread 0x000001ca2f93c810 nmethod 203 0x000001ca1530d890 code [0x000001ca1530da40, 0x000001ca1530dc88]
Event: 0.206 Thread 0x000001ca2f93c810  204       3       java.lang.StringConcatHelper::mix (27 bytes)
Event: 0.206 Thread 0x000001ca2f93c810 nmethod 204 0x000001ca1530dd90 code [0x000001ca1530df60, 0x000001ca1530e388]
Event: 0.206 Thread 0x000001ca2f93c810  205       3       java.lang.StringConcatHelper::prepend (37 bytes)
Event: 0.206 Thread 0x000001ca2f93c810 nmethod 205 0x000001ca1530e590 code [0x000001ca1530e760, 0x000001ca1530ea38]
Event: 0.207 Thread 0x000001ca2f93c810  206       3       java.lang.StringLatin1::lastIndexOf (40 bytes)
Event: 0.207 Thread 0x000001ca2f93c810 nmethod 206 0x000001ca1530eb90 code [0x000001ca1530ed60, 0x000001ca1530f158]
Event: 0.212 Thread 0x000001ca2f93c810  208       3       java.lang.AbstractStringBuilder::<init> (39 bytes)
Event: 0.213 Thread 0x000001ca2f93c810 nmethod 208 0x000001ca1530f290 code [0x000001ca1530f440, 0x000001ca1530f6d8]
Event: 0.213 Thread 0x000001ca2f93c810  207       3       java.lang.StringBuilder::<init> (7 bytes)
Event: 0.213 Thread 0x000001ca2f93c810 nmethod 207 0x000001ca1530f790 code [0x000001ca1530f920, 0x000001ca1530fa68]

GC Heap History (0 events):
No events

Deoptimization events (0 events):
No events

Classes loaded (10 events):
Event: 0.076 Loading class jdk/internal/loader/URLClassPath$FileLoader
Event: 0.076 Loading class jdk/internal/loader/URLClassPath$FileLoader done
Event: 0.077 Loading class jdk/internal/loader/URLClassPath$FileLoader$1
Event: 0.077 Loading class jdk/internal/loader/URLClassPath$FileLoader$1 done
Event: 0.079 Loading class java/io/FileNotFoundException
Event: 0.079 Loading class java/io/IOException
Event: 0.079 Loading class java/io/IOException done
Event: 0.079 Loading class java/io/FileNotFoundException done
Event: 0.079 Loading class java/security/PrivilegedActionException
Event: 0.079 Loading class java/security/PrivilegedActionException done

Classes unloaded (0 events):
No events

Classes redefined (0 events):
No events

Internal exceptions (0 events):
No events

VM Operations (0 events):
No events

Events (15 events):
Event: 0.006 Loaded shared library C:\Program Files\Java\jdk-18.0.2.1\bin\java.dll
Event: 0.016 Loaded shared library C:\Program Files\Java\jdk-18.0.2.1\bin\jsvml.dll
Event: 0.016 Thread 0x000001ca0d3f39e0 Thread added: 0x000001ca0d3f39e0
Event: 0.018 Thread 0x000001ca2f9210e0 Thread added: 0x000001ca2f9210e0
Event: 0.018 Thread 0x000001ca2f922350 Thread added: 0x000001ca2f922350
Event: 0.029 Thread 0x000001ca2f939480 Thread added: 0x000001ca2f939480
Event: 0.029 Thread 0x000001ca2f939e20 Thread added: 0x000001ca2f939e20
Event: 0.029 Thread 0x000001ca2f93a7c0 Thread added: 0x000001ca2f93a7c0
Event: 0.029 Thread 0x000001ca2f93b160 Thread added: 0x000001ca2f93b160
Event: 0.029 Thread 0x000001ca2f93be30 Thread added: 0x000001ca2f93be30
Event: 0.030 Thread 0x000001ca2f93c810 Thread added: 0x000001ca2f93c810
Event: 0.032 Thread 0x000001ca2f9a83b0 Thread added: 0x000001ca2f9a83b0
Event: 0.075 Thread 0x000001ca33c90750 Thread added: 0x000001ca33c90750
Event: 0.078 Thread 0x000001ca33c9cec0 Thread added: 0x000001ca33c9cec0
Event: 0.085 Loaded shared library C:\Users\hmsel\git\CPP\jmtp\cpp\x64\Debug\mtpjava.dll


Dynamic libraries:
0x00007ff6336d0000 - 0x00007ff6336e0000 	C:\Program Files\Java\jdk-18.0.2.1\bin\java.exe
0x00007ffac7e10000 - 0x00007ffac8008000 	C:\WINDOWS\SYSTEM32\ntdll.dll
0x00007ffac7470000 - 0x00007ffac752f000 	C:\WINDOWS\System32\KERNEL32.DLL
0x00007ffac5760000 - 0x00007ffac5a3a000 	C:\WINDOWS\System32\KERNELBASE.dll
0x00007ffac5660000 - 0x00007ffac5760000 	C:\WINDOWS\System32\ucrtbase.dll
0x00007ffa9f280000 - 0x00007ffa9f29a000 	C:\Program Files\Java\jdk-18.0.2.1\bin\VCRUNTIME140.dll
0x00007ffa9f260000 - 0x00007ffa9f278000 	C:\Program Files\Java\jdk-18.0.2.1\bin\jli.dll
0x00007ffac5fc0000 - 0x00007ffac606e000 	C:\WINDOWS\System32\ADVAPI32.dll
0x00007ffac5f20000 - 0x00007ffac5fbe000 	C:\WINDOWS\System32\msvcrt.dll
0x00007ffac6150000 - 0x00007ffac61ec000 	C:\WINDOWS\System32\sechost.dll
0x00007ffac7530000 - 0x00007ffac7656000 	C:\WINDOWS\System32\RPCRT4.dll
0x00007ffac6220000 - 0x00007ffac63bd000 	C:\WINDOWS\System32\USER32.dll
0x00007ffac5520000 - 0x00007ffac5542000 	C:\WINDOWS\System32\win32u.dll
0x00007ffac61f0000 - 0x00007ffac621b000 	C:\WINDOWS\System32\GDI32.dll
0x00007ffac5550000 - 0x00007ffac5660000 	C:\WINDOWS\System32\gdi32full.dll
0x00007ffac5dd0000 - 0x00007ffac5e6d000 	C:\WINDOWS\System32\msvcp_win.dll
0x00007ffab96c0000 - 0x00007ffab995a000 	C:\WINDOWS\WinSxS\amd64_microsoft.windows.common-controls_6595b64144ccf1df_6.0.19041.1110_none_60b5254171f9507e\COMCTL32.dll
0x00007ffabee70000 - 0x00007ffabee7a000 	C:\WINDOWS\SYSTEM32\VERSION.dll
0x00007ffac6100000 - 0x00007ffac6130000 	C:\WINDOWS\System32\IMM32.DLL
0x00007ffa9f220000 - 0x00007ffa9f22c000 	C:\Program Files\Java\jdk-18.0.2.1\bin\vcruntime140_1.dll
0x00007ffa9f170000 - 0x00007ffa9f1fd000 	C:\Program Files\Java\jdk-18.0.2.1\bin\msvcp140.dll
0x00007ff9dbfe0000 - 0x00007ff9dcbf1000 	C:\Program Files\Java\jdk-18.0.2.1\bin\server\jvm.dll
0x00007ffac7ba0000 - 0x00007ffac7ba8000 	C:\WINDOWS\System32\PSAPI.DLL
0x00007ffaaa450000 - 0x00007ffaaa459000 	C:\WINDOWS\SYSTEM32\WSOCK32.dll
0x00007ffac7d60000 - 0x00007ffac7dcb000 	C:\WINDOWS\System32\WS2_32.dll
0x00007ffabba80000 - 0x00007ffabbaa7000 	C:\WINDOWS\SYSTEM32\WINMM.dll
0x00007ffac3d70000 - 0x00007ffac3d82000 	C:\WINDOWS\SYSTEM32\kernel.appcore.dll
0x00007ffa9f210000 - 0x00007ffa9f21a000 	C:\Program Files\Java\jdk-18.0.2.1\bin\jimage.dll
0x00007ffab9bf0000 - 0x00007ffab9dd4000 	C:\WINDOWS\SYSTEM32\DBGHELP.DLL
0x00007ffa9cf50000 - 0x00007ffa9cf84000 	C:\WINDOWS\SYSTEM32\dbgcore.DLL
0x00007ffac5be0000 - 0x00007ffac5c62000 	C:\WINDOWS\System32\bcryptPrimitives.dll
0x00007ffa9f040000 - 0x00007ffa9f065000 	C:\Program Files\Java\jdk-18.0.2.1\bin\java.dll
0x00007ff9dbf00000 - 0x00007ff9dbfd6000 	C:\Program Files\Java\jdk-18.0.2.1\bin\jsvml.dll
0x00007ffac63c0000 - 0x00007ffac6b04000 	C:\WINDOWS\System32\SHELL32.dll
0x00007ffac35a0000 - 0x00007ffac3d33000 	C:\WINDOWS\SYSTEM32\windows.storage.dll
0x00007ffac7840000 - 0x00007ffac7b94000 	C:\WINDOWS\System32\combase.dll
0x00007ffac4f10000 - 0x00007ffac4f3e000 	C:\WINDOWS\SYSTEM32\Wldp.dll
0x00007ffac5e70000 - 0x00007ffac5f1d000 	C:\WINDOWS\System32\SHCORE.dll
0x00007ffac7780000 - 0x00007ffac77d5000 	C:\WINDOWS\System32\shlwapi.dll
0x00007ffac5460000 - 0x00007ffac547f000 	C:\WINDOWS\SYSTEM32\profapi.dll
0x00007ffac0f30000 - 0x00007ffac0f7f000 	C:\Users\hmsel\git\CPP\jmtp\cpp\x64\Debug\mtpjava.dll
0x00007ffac7200000 - 0x00007ffac732a000 	C:\WINDOWS\System32\ole32.dll
0x00007ffac6b70000 - 0x00007ffac6c3d000 	C:\WINDOWS\System32\OLEAUT32.dll
0x00007ffac0ef0000 - 0x00007ffac0eff000 	C:\WINDOWS\SYSTEM32\VCRUNTIME140_1D.dll
0x00007ffac0b20000 - 0x00007ffac0b4b000 	C:\WINDOWS\SYSTEM32\VCRUNTIME140D.dll
0x00007ffaaf050000 - 0x00007ffaaf132000 	C:\WINDOWS\SYSTEM32\MSVCP140D.dll
0x00007ffa9dbe0000 - 0x00007ffa9ddff000 	C:\WINDOWS\SYSTEM32\ucrtbased.dll
0x00007ffac2e50000 - 0x00007ffac2eee000 	C:\WINDOWS\system32\uxtheme.dll
0x00007ffa31660000 - 0x00007ffa31671000 	C:\Program Files (x86)\Dexpot\hooxpot64.dll
0x00007ffac6c40000 - 0x00007ffac6ce9000 	C:\WINDOWS\System32\clbcatq.dll
0x00007ffabf9a0000 - 0x00007ffabfa43000 	C:\Windows\System32\PortableDeviceApi.dll
0x00007ffac6cf0000 - 0x00007ffac7158000 	C:\WINDOWS\System32\SETUPAPI.dll
0x00007ffac5a40000 - 0x00007ffac5a8e000 	C:\WINDOWS\System32\cfgmgr32.dll
0x00007ffac5b40000 - 0x00007ffac5b67000 	C:\WINDOWS\System32\bcrypt.dll
0x00007ffac52d0000 - 0x00007ffac52fc000 	C:\WINDOWS\System32\DEVOBJ.dll
0x00007ffa3c890000 - 0x00007ffa3c8c2000 	C:\Windows\System32\PortableDeviceTypes.dll
0x00007ffac0fd0000 - 0x00007ffac10c6000 	C:\Windows\System32\PROPSYS.dll
0x00007ffac5b70000 - 0x00007ffac5bd7000 	C:\WINDOWS\System32\WINTRUST.dll
0x00007ffac5c70000 - 0x00007ffac5dc6000 	C:\WINDOWS\System32\CRYPT32.dll
0x00007ffac5110000 - 0x00007ffac5122000 	C:\WINDOWS\System32\MSASN1.dll

dbghelp: loaded successfully - version: 4.0.5 - missing functions: none
symbol engine: initialized successfully - sym options: 0x614 - pdb path: .;C:\Program Files\Java\jdk-18.0.2.1\bin;C:\WINDOWS\SYSTEM32;C:\WINDOWS\WinSxS\amd64_microsoft.windows.common-controls_6595b64144ccf1df_6.0.19041.1110_none_60b5254171f9507e;C:\Program Files\Java\jdk-18.0.2.1\bin\server;C:\Users\hmsel\git\CPP\jmtp\cpp\x64\Debug;C:\Program Files (x86)\Dexpot

VM Arguments:
jvm_args: -Djava.library.path=C:\Users\hmsel\git\CPP\jmtp\cpp\x64\Debug\ -Dfile.encoding=windows-1252 -Duser.country=US -Duser.language=en -Duser.variant 
java_command: Test
java_class_path (initial): C:\Users\hmsel\git\CPP\jmtp\MtpJava\build\classes\java\test;C:\Users\hmsel\git\CPP\jmtp\MtpJava\build\resources\test;C:\Users\hmsel\git\CPP\jmtp\MtpJava\build\classes\java\main;C:\Users\hmsel\git\CPP\jmtp\MtpJava\build\resources\main;C:\Users\hmsel\.gradle\caches\modules-2\files-2.1\org.junit.jupiter\junit-jupiter\5.9.1\9274d3757e224bc02eae367bd481062a263c150b\junit-jupiter-5.9.1.jar;C:\Users\hmsel\.gradle\caches\modules-2\files-2.1\org.junit.jupiter\junit-jupiter-params\5.9.1\ffcd1013edaeee112be11fcddeb38882d79238de\junit-jupiter-params-5.9.1.jar;C:\Users\hmsel\.gradle\caches\modules-2\files-2.1\org.junit.jupiter\junit-jupiter-engine\5.9.1\1bf771097bde296c3ab174861954e8aafaaf2e94\junit-jupiter-engine-5.9.1.jar;C:\Users\hmsel\.gradle\caches\modules-2\files-2.1\org.junit.jupiter\junit-jupiter-api\5.9.1\7bb53fbc0173e9f6a9d21d58297af94b1f2f9ce1\junit-jupiter-api-5.9.1.jar;C:\Users\hmsel\.gradle\caches\modules-2\files-2.1\org.junit.platform\junit-platform-engine\1.9.1\83591e5089d6cea5f324aa3ecca9b19d5a275803\junit-platform-engine-1.9.1.jar;C:\Users\hmsel\.gradle\caches\modules-2\files-2.1\org.junit.platform\junit-platform-commons\1.9.1\3145f821b5cd10abcdc5f925baa5fffa6f1b628f\junit-platform-commons-1.9.1.jar;C:\Users\hmsel\.gradle\caches\modules-2\files-2.1\org.opentest4j\opentest4j\1.2.0\28c11eb91f9b6d8e200631d46e20a7f407f2a046\opentest4j-1.2.0.jar
Launcher Type: SUN_STANDARD

[Global flags]
     intx CICompilerCount                          = 3                                         {product} {ergonomic}
     uint ConcGCThreads                            = 1                                         {product} {ergonomic}
     uint G1ConcRefinementThreads                  = 4                                         {product} {ergonomic}
   size_t G1HeapRegionSize                         = 2097152                                   {product} {ergonomic}
    uintx GCDrainStackTargetSize                   = 64                                        {product} {ergonomic}
   size_t InitialHeapSize                          = 268435456                                 {product} {ergonomic}
   size_t MarkStackSize                            = 4194304                                   {product} {ergonomic}
   size_t MaxHeapSize                              = 4278190080                                {product} {ergonomic}
   size_t MaxNewSize                               = 2566914048                                {product} {ergonomic}
   size_t MinHeapDeltaBytes                        = 2097152                                   {product} {ergonomic}
   size_t MinHeapSize                              = 8388608                                   {product} {ergonomic}
    uintx NonNMethodCodeHeapSize                   = 5832780                                {pd product} {ergonomic}
    uintx NonProfiledCodeHeapSize                  = 122912730                              {pd product} {ergonomic}
    uintx ProfiledCodeHeapSize                     = 122912730                              {pd product} {ergonomic}
    uintx ReservedCodeCacheSize                    = 251658240                              {pd product} {ergonomic}
     bool SegmentedCodeCache                       = true                                      {product} {ergonomic}
   size_t SoftMaxHeapSize                          = 4278190080                             {manageable} {ergonomic}
     bool UseCompressedClassPointers               = true                           {product lp64_product} {ergonomic}
     bool UseCompressedOops                        = true                           {product lp64_product} {ergonomic}
     bool UseG1GC                                  = true                                      {product} {ergonomic}
     bool UseLargePagesIndividualAllocation        = false                                  {pd product} {ergonomic}

Logging:
Log output configuration:
 #0: stdout all=warning uptime,level,tags foldmultilines=false
 #1: stderr all=off uptime,level,tags foldmultilines=false

Environment Variables:
JAVA_HOME=C:\Program Files\Java\jdk-18.0.2.1
PATH=C:\Program Files\Microsoft\jdk-11.0.16.101-hotspot\bin;C:\Program Files\Common Files\Oracle\Java\javapath;C:\Program Files (x86)\Common Files\Oracle\Java\javapath;C:\Windows\system32;C:\Windows;C:\Windows\System32\Wbem;C:\Windows\System32\WindowsPowerShell\v1.0\;C:\Windows\System32\OpenSSH\;"C:\Program Files\NVIDIA Corporation\NVIDIA NvDLISR;C:\Program Files (x86)\NVIDIA Corporation\PhysX\Common;C:\WINDOWS\system32;C:\WINDOWS;C:\WINDOWS\System32\Wbem;C:\WINDOWS\System32\WindowsPowerShell\v1.0\;C:\WINDOWS\Sys";C:\Program Files (x86)\Windows Kits\10\Windows Performance Toolkit\;C:\Program Files\dotnet\;C:\Program Files\NVIDIA Corporation\NVIDIA NvDLISR;C:\Program Files (x86)\NVIDIA Corporation\PhysX\Common;C:\Program Files\Microsoft SQL Server\150\Tools\Binn\;C:\mingw64;C:\mingw64\bin;C:\Program Files\Git\cmd;C:\Program Files\CMake\bin;C:\Program Files\PuTTY\;C:\Users\hmsel\AppData\Local\Microsoft\WindowsApps;C:\Users\hmsel\AppData\Local\GitHubDesktop\bin;C:\Users\hmsel\AppData\Local\atom\bin;C:\Users\hmsel\AppData\Local\Microsoft\WindowsApps;C:\Users\hmsel\gradle\gradle-7.5.1\bin;C:\Users\hmsel\.dotnet\tools;C:\Program Files\Maven\apache-maven-3.9.1\bin;
USERNAME=hms11
OS=Windows_NT
PROCESSOR_IDENTIFIER=Intel64 Family 6 Model 60 Stepping 3, GenuineIntel



---------------  S Y S T E M  ---------------

OS:
 Windows 10 , 64 bit Build 19041 (10.0.19041.2788)
OS uptime: 0 days 0:43 hours

CPU: total 4 (initial active 4) (4 cores per cpu, 1 threads per core) family 6 model 60 stepping 3 microcode 0x27, cx8, cmov, fxsr, mmx, sse, sse2, sse3, ssse3, sse4.1, sse4.2, popcnt, lzcnt, tsc, tscinvbit, avx, avx2, aes, erms, clmul, bmi1, bmi2, fma, vzeroupper, clflush

Memory: 4k page, system-wide physical 16318M (6079M free)
TotalPageFile size 32702M (AvailPageFile size 16753M)
current process WorkingSet (physical memory assigned to process): 36M, peak: 36M
current process commit charge ("private bytes"): 337M, peak: 337M

vm_info: Java HotSpot(TM) 64-Bit Server VM (18.0.2.1+1-1) for windows-amd64 JRE (18.0.2.1+1-1), built on Aug 16 2022 01:46:33 by "mach5one" with MS VC++ 16.8 / 16.9 (VS2019)

END.
