#
# A fatal error has been detected by the Java Runtime Environment:
#
#  EXCEPTION_ACCESS_VIOLATION (0xc0000005) at pc=0x00007ff8fb8bfd17, pid=80140, tid=80192
#
# JRE version: Java(TM) SE Runtime Environment (18.0.2.1+1) (build 18.0.2.1+1-1)
# Java VM: Java HotSpot(TM) 64-Bit Server VM (18.0.2.1+1-1, mixed mode, sharing, tiered, compressed oops, compressed class ptrs, g1 gc, windows-amd64)
# Problematic frame:
# C  [mtpjava.dll+0x1fd17]
#
# No core dump will be written. Minidumps are not enabled by default on client versions of Windows
#
# If you would like to submit a bug report, please visit:
#   https://bugreport.java.com/bugreport/crash.jsp
# The crash happened outside the Java Virtual Machine in native code.
# See problematic frame for where to report the bug.
#

---------------  S U M M A R Y ------------

Command Line: -Djava.library.path=C:\Users\hmsel\git\CPP\jmtp\cpp\x64\Debug\ -Dfile.encoding=windows-1252 -Duser.country=US -Duser.language=en -Duser.variant Test

Host: Intel(R) Core(TM) i5-4460  CPU @ 3.20GHz, 4 cores, 15G,  Windows 10 , 64 bit Build 19041 (10.0.19041.2788)
Time: Wed Apr 26 23:08:43 2023 Jerusalem Daylight Time elapsed time: 0.109268 seconds (0d 0h 0m 0s)

---------------  T H R E A D  ---------------

Current thread (0x000002090f14e9b0):  JavaThread "main" [_thread_in_native, id=80192, stack(0x0000004ed3a00000,0x0000004ed3b00000)]

Stack: [0x0000004ed3a00000,0x0000004ed3b00000],  sp=0x0000004ed3aff050,  free space=1020k
Native frames: (J=compiled Java code, j=interpreted, Vv=VM code, C=native code)
C  [mtpjava.dll+0x1fd17]

Java frames: (J=compiled Java code, j=interpreted, Vv=VM code)
j  com.github.hms11rn.mtp.win32.PortableDeviceWin32.getProperties(Ljava/lang/String;)Ljava/util/Map;+0
j  com.github.hms11rn.mtp.win32.PortableDeviceWin32.reloadProperties()V+5
j  Test.main([Ljava/lang/String;)V+238
v  ~StubRoutines::call_stub

siginfo: EXCEPTION_ACCESS_VIOLATION (0xc0000005), reading address 0x0000000000000010


Register to memory mapping:

RIP=0x00007ff8fb8bfd17 mtpjava.dll
RAX=0x0 is NULL
RBX={method} {0x0000020933c038c0} 'getProperties' '(Ljava/lang/String;)Ljava/util/Map;' in 'com/github/hms11rn/mtp/win32/PortableDeviceWin32'
RCX=0x000002090f26c200 points into unknown readable memory: 0x0000000000000000 | 00 00 00 00 00 00 00 00
RDX=0x0000004ed3afea80 is pointing into the stack for thread: 0x000002090f14e9b0
RSP=0x0000004ed3aff050 is pointing into the stack for thread: 0x000002090f14e9b0
RBP=0x0000004ed3aff080 is pointing into the stack for thread: 0x000002090f14e9b0
RSI=0x00007ff8fb8d0f1c mtpjava.dll
RDI=0x0000004ed3aff0fc is pointing into the stack for thread: 0x000002090f14e9b0
R8 =0x000002090f071b30 points into unknown readable memory: 0x0000000000000000 | 00 00 00 00 00 00 00 00
R9 =0x0000000000000018 is an unknown value
R10=0x00000000000000ff is an unknown value
R11=0x0000004ed3afedf0 is pointing into the stack for thread: 0x000002090f14e9b0
R12=0x0 is NULL
R13={method} {0x0000020933c038c0} 'getProperties' '(Ljava/lang/String;)Ljava/util/Map;' in 'com/github/hms11rn/mtp/win32/PortableDeviceWin32'
R14=0x0000004ed3aff348 is pointing into the stack for thread: 0x000002090f14e9b0
R15=0x000002090f14e9b0 is a thread


Registers:
RAX=0x0000000000000000, RBX=0x0000020933c038b8, RCX=0x000002090f26c200, RDX=0x0000004ed3afea80
RSP=0x0000004ed3aff050, RBP=0x0000004ed3aff080, RSI=0x00007ff8fb8d0f1c, RDI=0x0000004ed3aff0fc
R8 =0x000002090f071b30, R9 =0x0000000000000018, R10=0x00000000000000ff, R11=0x0000004ed3afedf0
R12=0x0000000000000000, R13=0x0000020933c038b8, R14=0x0000004ed3aff348, R15=0x000002090f14e9b0
RIP=0x00007ff8fb8bfd17, EFLAGS=0x0000000000010206

Top of Stack: (sp=0x0000004ed3aff050)
0x0000004ed3aff050:   000002090f14ec40 0000004ed3aff348
0x0000004ed3aff060:   0000000000000000 000002093789f240
0x0000004ed3aff070:   0000004ed3aff0e0 00007ff86400b710
0x0000004ed3aff080:   cccccccccccccccc 00000209378c0430
0x0000004ed3aff090:   cccccccccccccccc cccccccccccccccc
0x0000004ed3aff0a0:   cccccccccccccccc 0000000000000000
0x0000004ed3aff0b0:   cccccccccccccccc cccccccccccccccc
0x0000004ed3aff0c0:   00000000cccccccc cccccccccccccccc
0x0000004ed3aff0d0:   cccccccccccccccc cccccccccccccccc
0x0000004ed3aff0e0:   cccccccccccccccc 4626e64326d4979a
0x0000004ed3aff0f0:   dc2fc9c06d732b9e cccccccc00000003
0x0000004ed3aff100:   cccccccccccccccc cccccccccccccccc
0x0000004ed3aff110:   cccccccccccccccc cccccccccccccccc
0x0000004ed3aff120:   cccccccccccccccc cccccccccccccccc
0x0000004ed3aff130:   cccccccccccccccc 000002090f26b820
0x0000004ed3aff140:   cccccccccccccccc cccccccccccccccc 

Instructions: (pc=0x00007ff8fb8bfd17)
0x00007ff8fb8bfc17:   48 8d 0d ea 12 01 00 48 8b f8 48 8b f1 b9 14 00
0x00007ff8fb8bfc27:   00 00 f3 a4 45 33 c0 48 8b 95 40 02 00 00 48 8b
0x00007ff8fb8bfc37:   8d 30 02 00 00 e8 d9 1c ff ff 48 89 45 08 48 c7
0x00007ff8fb8bfc47:   85 b8 00 00 00 00 00 00 00 e8 2f 17 ff ff 48 89
0x00007ff8fb8bfc57:   85 b8 00 00 00 83 3d 65 18 02 00 00 0f 85 93 00
0x00007ff8fb8bfc67:   00 00 c7 44 24 28 00 00 00 00 c7 44 24 20 00 00
0x00007ff8fb8bfc77:   00 00 41 b9 01 00 00 00 4c 8d 05 52 e6 00 00 48
0x00007ff8fb8bfc87:   8d 95 b8 00 00 00 48 8b 4d 08 e8 51 18 ff ff 89
0x00007ff8fb8bfc97:   85 94 00 00 00 83 bd 94 00 00 00 00 7d 57 48 8d
0x00007ff8fb8bfca7:   15 54 e6 00 00 48 8b 0d 7d 95 02 00 e8 79 14 ff
0x00007ff8fb8bfcb7:   ff 8b 95 94 00 00 00 48 8b c8 ff 15 21 95 02 00
0x00007ff8fb8bfcc7:   48 8d 15 a0 13 ff ff 48 8b c8 ff 15 51 95 02 00
0x00007ff8fb8bfcd7:   48 8b 85 b8 00 00 00 48 8b 00 48 8b 8d b8 00 00
0x00007ff8fb8bfce7:   00 ff 50 40 c7 05 d3 17 02 00 00 00 00 00 33 c0
0x00007ff8fb8bfcf7:   e9 da 02 00 00 48 83 3d dc 17 02 00 00 74 14 48
0x00007ff8fb8bfd07:   8b 05 d3 17 02 00 48 8b 00 48 8b 0d c9 17 02 00
0x00007ff8fb8bfd17:   ff 50 10 48 8b 85 b8 00 00 00 48 8b 00 48 8d 15
0x00007ff8fb8bfd27:   b5 17 02 00 48 8b 8d b8 00 00 00 ff 50 28 89 85
0x00007ff8fb8bfd37:   94 00 00 00 83 bd 94 00 00 00 00 7d 57 48 8d 15
0x00007ff8fb8bfd47:   d5 e5 00 00 48 8b 0d de 94 02 00 e8 da 13 ff ff
0x00007ff8fb8bfd57:   8b 95 94 00 00 00 48 8b c8 ff 15 82 94 02 00 48
0x00007ff8fb8bfd67:   8d 15 01 13 ff ff 48 8b c8 ff 15 b2 94 02 00 48
0x00007ff8fb8bfd77:   8b 85 b8 00 00 00 48 8b 00 48 8b 8d b8 00 00 00
0x00007ff8fb8bfd87:   ff 50 40 c7 05 34 17 02 00 00 00 00 00 33 c0 e9
0x00007ff8fb8bfd97:   3b 02 00 00 48 c7 85 d8 00 00 00 00 00 00 00 48
0x00007ff8fb8bfda7:   8b 05 33 17 02 00 48 8b 00 48 8d 95 d8 00 00 00
0x00007ff8fb8bfdb7:   48 8b 0d 22 17 02 00 ff 50 20 89 85 94 00 00 00
0x00007ff8fb8bfdc7:   83 bd 94 00 00 00 00 7d 6b 48 8d 15 69 e5 00 00
0x00007ff8fb8bfdd7:   48 8b 0d 52 94 02 00 e8 4e 13 ff ff 8b 95 94 00
0x00007ff8fb8bfde7:   00 00 48 8b c8 ff 15 f6 93 02 00 48 8d 15 75 12
0x00007ff8fb8bfdf7:   ff ff 48 8b c8 ff 15 26 94 02 00 48 8b 05 d7 16
0x00007ff8fb8bfe07:   02 00 48 8b 00 48 8b 0d cd 16 02 00 ff 50 10 48 


Stack slot to memory mapping:
stack at sp + 0 slots: 0x000002090f14ec40 points into unknown readable memory: 0x00007ff864874720 | 20 47 87 64 f8 7f 00 00
stack at sp + 1 slots: 0x0000004ed3aff348 is pointing into the stack for thread: 0x000002090f14e9b0
stack at sp + 2 slots: 0x0 is NULL
stack at sp + 3 slots: 0x000002093789f240 points into unknown readable memory: 0x65720010a2120003 | 03 00 12 a2 10 00 72 65
stack at sp + 4 slots: 0x0000004ed3aff0e0 is pointing into the stack for thread: 0x000002090f14e9b0
stack at sp + 5 slots: 0x00007ff86400b710 jvm.dll
stack at sp + 6 slots: 0xcccccccccccccccc is an unknown value
stack at sp + 7 slots: 0x00000209378c0430 points into unknown readable memory: 0x005c003f005c005c | 5c 00 5c 00 3f 00 5c 00


---------------  P R O C E S S  ---------------

Threads class SMR info:
_java_thread_list=0x000002093789d760, length=12, elements={
0x000002090f14e9b0, 0x00000209335f5f80, 0x00000209335f6920, 0x0000020933609980,
0x000002093360a230, 0x000002093360abd0, 0x0000020933615590, 0x0000020933617af0,
0x000002093361b360, 0x000002093361cd50, 0x000002093789a500, 0x0000020937899690
}

Java Threads: ( => current thread )
=>0x000002090f14e9b0 JavaThread "main" [_thread_in_native, id=80192, stack(0x0000004ed3a00000,0x0000004ed3b00000)]
  0x00000209335f5f80 JavaThread "Reference Handler" daemon [_thread_blocked, id=80220, stack(0x0000004ed4100000,0x0000004ed4200000)]
  0x00000209335f6920 JavaThread "Finalizer" daemon [_thread_blocked, id=80228, stack(0x0000004ed4200000,0x0000004ed4300000)]
  0x0000020933609980 JavaThread "Signal Dispatcher" daemon [_thread_blocked, id=80232, stack(0x0000004ed4300000,0x0000004ed4400000)]
  0x000002093360a230 JavaThread "Attach Listener" daemon [_thread_blocked, id=80236, stack(0x0000004ed4400000,0x0000004ed4500000)]
  0x000002093360abd0 JavaThread "Service Thread" daemon [_thread_blocked, id=80248, stack(0x0000004ed4500000,0x0000004ed4600000)]
  0x0000020933615590 JavaThread "Monitor Deflation Thread" daemon [_thread_blocked, id=80256, stack(0x0000004ed4600000,0x0000004ed4700000)]
  0x0000020933617af0 JavaThread "C2 CompilerThread0" daemon [_thread_blocked, id=80260, stack(0x0000004ed4700000,0x0000004ed4800000)]
  0x000002093361b360 JavaThread "C1 CompilerThread0" daemon [_thread_blocked, id=80276, stack(0x0000004ed4800000,0x0000004ed4900000)]
  0x000002093361cd50 JavaThread "Sweeper thread" daemon [_thread_blocked, id=80284, stack(0x0000004ed4900000,0x0000004ed4a00000)]
  0x000002093789a500 JavaThread "Notification Thread" daemon [_thread_blocked, id=80148, stack(0x0000004ed4a00000,0x0000004ed4b00000)]
  0x0000020937899690 JavaThread "Common-Cleaner" daemon [_thread_blocked, id=80160, stack(0x0000004ed4c00000,0x0000004ed4d00000)]

Other Threads:
  0x000002090f20c510 VMThread "VM Thread" [stack: 0x0000004ed4000000,0x0000004ed4100000] [id=80216]
  0x000002093789c590 WatcherThread "VM Periodic Task Thread" [stack: 0x0000004ed4b00000,0x0000004ed4c00000] [id=80156]
  0x000002090f1f0ca0 WorkerThread "GC Thread#0" [stack: 0x0000004ed3b00000,0x0000004ed3c00000] [id=80196]
  0x000002090f201ad0 ConcurrentGCThread "G1 Main Marker" [stack: 0x0000004ed3c00000,0x0000004ed3d00000] [id=80200]
  0x000002090f2024c0 WorkerThread "G1 Conc#0" [stack: 0x0000004ed3d00000,0x0000004ed3e00000] [id=80204]
  0x000002090f246070 ConcurrentGCThread "G1 Refine#0" [stack: 0x0000004ed3e00000,0x0000004ed3f00000] [id=80208]
  0x000002090f247830 ConcurrentGCThread "G1 Service" [stack: 0x0000004ed3f00000,0x0000004ed4000000] [id=80212]

Threads with active compile tasks:

VM state: not at safepoint (normal execution)

VM Mutex/Monitor currently owned by a thread: None

Heap address: 0x0000000701000000, size: 4080 MB, Compressed Oops mode: Zero based, Oop shift amount: 3

CDS archive(s) mapped at: [0x0000000800000000-0x0000000800ba0000-0x0000000800ba0000), size 12189696, SharedBaseAddress: 0x0000000800000000, ArchiveRelocationMode: 0.
Compressed class space mapped at: 0x0000000800c00000-0x0000000840c00000, reserved size: 1073741824
Narrow klass base: 0x0000000800000000, Narrow klass shift: 0, Narrow klass range: 0x100000000

GC Precious Log:
 CardTable entry size: 512
 Card Set container configuration: InlinePtr #cards 4 size 8 Array Of Cards #cards 16 size 48 Howl #buckets 8 coarsen threshold 3686 Howl Bitmap #cards 512 size 80 coarsen threshold 460 Card regions per heap region 1 cards per card region 4096
 CPUs: 4 total, 4 available
 Memory: 16318M
 Large Page Support: Disabled
 NUMA Support: Disabled
 Compressed Oops: Enabled (Zero based)
 Heap Region Size: 2M
 Heap Min Capacity: 8M
 Heap Initial Capacity: 256M
 Heap Max Capacity: 4080M
 Pre-touch: Disabled
 Parallel Workers: 4
 Concurrent Workers: 1
 Concurrent Refinement Workers: 4
 Periodic GC: Disabled

Heap:
 garbage-first heap   total 262144K, used 0K [0x0000000701000000, 0x0000000800000000)
  region size 2048K, 1 young (2048K), 0 survivors (0K)
 Metaspace       used 329K, committed 512K, reserved 1114112K
  class space    used 18K, committed 128K, reserved 1048576K

Heap Regions: E=young(eden), S=young(survivor), O=old, HS=humongous(starts), HC=humongous(continues), CS=collection set, F=free, OA=open archive, CA=closed archive, TAMS=top-at-mark-start (previous, next)
|   0|0x0000000701000000, 0x0000000701000000, 0x0000000701200000|  0%| F|  |TAMS 0x0000000701000000, 0x0000000701000000| Untracked 
|   1|0x0000000701200000, 0x0000000701200000, 0x0000000701400000|  0%| F|  |TAMS 0x0000000701200000, 0x0000000701200000| Untracked 
|   2|0x0000000701400000, 0x0000000701400000, 0x0000000701600000|  0%| F|  |TAMS 0x0000000701400000, 0x0000000701400000| Untracked 
|   3|0x0000000701600000, 0x0000000701600000, 0x0000000701800000|  0%| F|  |TAMS 0x0000000701600000, 0x0000000701600000| Untracked 
|   4|0x0000000701800000, 0x0000000701800000, 0x0000000701a00000|  0%| F|  |TAMS 0x0000000701800000, 0x0000000701800000| Untracked 
|   5|0x0000000701a00000, 0x0000000701a00000, 0x0000000701c00000|  0%| F|  |TAMS 0x0000000701a00000, 0x0000000701a00000| Untracked 
|   6|0x0000000701c00000, 0x0000000701c00000, 0x0000000701e00000|  0%| F|  |TAMS 0x0000000701c00000, 0x0000000701c00000| Untracked 
|   7|0x0000000701e00000, 0x0000000701e00000, 0x0000000702000000|  0%| F|  |TAMS 0x0000000701e00000, 0x0000000701e00000| Untracked 
|   8|0x0000000702000000, 0x0000000702000000, 0x0000000702200000|  0%| F|  |TAMS 0x0000000702000000, 0x0000000702000000| Untracked 
|   9|0x0000000702200000, 0x0000000702200000, 0x0000000702400000|  0%| F|  |TAMS 0x0000000702200000, 0x0000000702200000| Untracked 
|  10|0x0000000702400000, 0x0000000702400000, 0x0000000702600000|  0%| F|  |TAMS 0x0000000702400000, 0x0000000702400000| Untracked 
|  11|0x0000000702600000, 0x0000000702600000, 0x0000000702800000|  0%| F|  |TAMS 0x0000000702600000, 0x0000000702600000| Untracked 
|  12|0x0000000702800000, 0x0000000702800000, 0x0000000702a00000|  0%| F|  |TAMS 0x0000000702800000, 0x0000000702800000| Untracked 
|  13|0x0000000702a00000, 0x0000000702a00000, 0x0000000702c00000|  0%| F|  |TAMS 0x0000000702a00000, 0x0000000702a00000| Untracked 
|  14|0x0000000702c00000, 0x0000000702c00000, 0x0000000702e00000|  0%| F|  |TAMS 0x0000000702c00000, 0x0000000702c00000| Untracked 
|  15|0x0000000702e00000, 0x0000000702e00000, 0x0000000703000000|  0%| F|  |TAMS 0x0000000702e00000, 0x0000000702e00000| Untracked 
|  16|0x0000000703000000, 0x0000000703000000, 0x0000000703200000|  0%| F|  |TAMS 0x0000000703000000, 0x0000000703000000| Untracked 
|  17|0x0000000703200000, 0x0000000703200000, 0x0000000703400000|  0%| F|  |TAMS 0x0000000703200000, 0x0000000703200000| Untracked 
|  18|0x0000000703400000, 0x0000000703400000, 0x0000000703600000|  0%| F|  |TAMS 0x0000000703400000, 0x0000000703400000| Untracked 
|  19|0x0000000703600000, 0x0000000703600000, 0x0000000703800000|  0%| F|  |TAMS 0x0000000703600000, 0x0000000703600000| Untracked 
|  20|0x0000000703800000, 0x0000000703800000, 0x0000000703a00000|  0%| F|  |TAMS 0x0000000703800000, 0x0000000703800000| Untracked 
|  21|0x0000000703a00000, 0x0000000703a00000, 0x0000000703c00000|  0%| F|  |TAMS 0x0000000703a00000, 0x0000000703a00000| Untracked 
|  22|0x0000000703c00000, 0x0000000703c00000, 0x0000000703e00000|  0%| F|  |TAMS 0x0000000703c00000, 0x0000000703c00000| Untracked 
|  23|0x0000000703e00000, 0x0000000703e00000, 0x0000000704000000|  0%| F|  |TAMS 0x0000000703e00000, 0x0000000703e00000| Untracked 
|  24|0x0000000704000000, 0x0000000704000000, 0x0000000704200000|  0%| F|  |TAMS 0x0000000704000000, 0x0000000704000000| Untracked 
|  25|0x0000000704200000, 0x0000000704200000, 0x0000000704400000|  0%| F|  |TAMS 0x0000000704200000, 0x0000000704200000| Untracked 
|  26|0x0000000704400000, 0x0000000704400000, 0x0000000704600000|  0%| F|  |TAMS 0x0000000704400000, 0x0000000704400000| Untracked 
|  27|0x0000000704600000, 0x0000000704600000, 0x0000000704800000|  0%| F|  |TAMS 0x0000000704600000, 0x0000000704600000| Untracked 
|  28|0x0000000704800000, 0x0000000704800000, 0x0000000704a00000|  0%| F|  |TAMS 0x0000000704800000, 0x0000000704800000| Untracked 
|  29|0x0000000704a00000, 0x0000000704a00000, 0x0000000704c00000|  0%| F|  |TAMS 0x0000000704a00000, 0x0000000704a00000| Untracked 
|  30|0x0000000704c00000, 0x0000000704c00000, 0x0000000704e00000|  0%| F|  |TAMS 0x0000000704c00000, 0x0000000704c00000| Untracked 
|  31|0x0000000704e00000, 0x0000000704e00000, 0x0000000705000000|  0%| F|  |TAMS 0x0000000704e00000, 0x0000000704e00000| Untracked 
|  32|0x0000000705000000, 0x0000000705000000, 0x0000000705200000|  0%| F|  |TAMS 0x0000000705000000, 0x0000000705000000| Untracked 
|  33|0x0000000705200000, 0x0000000705200000, 0x0000000705400000|  0%| F|  |TAMS 0x0000000705200000, 0x0000000705200000| Untracked 
|  34|0x0000000705400000, 0x0000000705400000, 0x0000000705600000|  0%| F|  |TAMS 0x0000000705400000, 0x0000000705400000| Untracked 
|  35|0x0000000705600000, 0x0000000705600000, 0x0000000705800000|  0%| F|  |TAMS 0x0000000705600000, 0x0000000705600000| Untracked 
|  36|0x0000000705800000, 0x0000000705800000, 0x0000000705a00000|  0%| F|  |TAMS 0x0000000705800000, 0x0000000705800000| Untracked 
|  37|0x0000000705a00000, 0x0000000705a00000, 0x0000000705c00000|  0%| F|  |TAMS 0x0000000705a00000, 0x0000000705a00000| Untracked 
|  38|0x0000000705c00000, 0x0000000705c00000, 0x0000000705e00000|  0%| F|  |TAMS 0x0000000705c00000, 0x0000000705c00000| Untracked 
|  39|0x0000000705e00000, 0x0000000705e00000, 0x0000000706000000|  0%| F|  |TAMS 0x0000000705e00000, 0x0000000705e00000| Untracked 
|  40|0x0000000706000000, 0x0000000706000000, 0x0000000706200000|  0%| F|  |TAMS 0x0000000706000000, 0x0000000706000000| Untracked 
|  41|0x0000000706200000, 0x0000000706200000, 0x0000000706400000|  0%| F|  |TAMS 0x0000000706200000, 0x0000000706200000| Untracked 
|  42|0x0000000706400000, 0x0000000706400000, 0x0000000706600000|  0%| F|  |TAMS 0x0000000706400000, 0x0000000706400000| Untracked 
|  43|0x0000000706600000, 0x0000000706600000, 0x0000000706800000|  0%| F|  |TAMS 0x0000000706600000, 0x0000000706600000| Untracked 
|  44|0x0000000706800000, 0x0000000706800000, 0x0000000706a00000|  0%| F|  |TAMS 0x0000000706800000, 0x0000000706800000| Untracked 
|  45|0x0000000706a00000, 0x0000000706a00000, 0x0000000706c00000|  0%| F|  |TAMS 0x0000000706a00000, 0x0000000706a00000| Untracked 
|  46|0x0000000706c00000, 0x0000000706c00000, 0x0000000706e00000|  0%| F|  |TAMS 0x0000000706c00000, 0x0000000706c00000| Untracked 
|  47|0x0000000706e00000, 0x0000000706e00000, 0x0000000707000000|  0%| F|  |TAMS 0x0000000706e00000, 0x0000000706e00000| Untracked 
|  48|0x0000000707000000, 0x0000000707000000, 0x0000000707200000|  0%| F|  |TAMS 0x0000000707000000, 0x0000000707000000| Untracked 
|  49|0x0000000707200000, 0x0000000707200000, 0x0000000707400000|  0%| F|  |TAMS 0x0000000707200000, 0x0000000707200000| Untracked 
|  50|0x0000000707400000, 0x0000000707400000, 0x0000000707600000|  0%| F|  |TAMS 0x0000000707400000, 0x0000000707400000| Untracked 
|  51|0x0000000707600000, 0x0000000707600000, 0x0000000707800000|  0%| F|  |TAMS 0x0000000707600000, 0x0000000707600000| Untracked 
|  52|0x0000000707800000, 0x0000000707800000, 0x0000000707a00000|  0%| F|  |TAMS 0x0000000707800000, 0x0000000707800000| Untracked 
|  53|0x0000000707a00000, 0x0000000707a00000, 0x0000000707c00000|  0%| F|  |TAMS 0x0000000707a00000, 0x0000000707a00000| Untracked 
|  54|0x0000000707c00000, 0x0000000707c00000, 0x0000000707e00000|  0%| F|  |TAMS 0x0000000707c00000, 0x0000000707c00000| Untracked 
|  55|0x0000000707e00000, 0x0000000707e00000, 0x0000000708000000|  0%| F|  |TAMS 0x0000000707e00000, 0x0000000707e00000| Untracked 
|  56|0x0000000708000000, 0x0000000708000000, 0x0000000708200000|  0%| F|  |TAMS 0x0000000708000000, 0x0000000708000000| Untracked 
|  57|0x0000000708200000, 0x0000000708200000, 0x0000000708400000|  0%| F|  |TAMS 0x0000000708200000, 0x0000000708200000| Untracked 
|  58|0x0000000708400000, 0x0000000708400000, 0x0000000708600000|  0%| F|  |TAMS 0x0000000708400000, 0x0000000708400000| Untracked 
|  59|0x0000000708600000, 0x0000000708600000, 0x0000000708800000|  0%| F|  |TAMS 0x0000000708600000, 0x0000000708600000| Untracked 
|  60|0x0000000708800000, 0x0000000708800000, 0x0000000708a00000|  0%| F|  |TAMS 0x0000000708800000, 0x0000000708800000| Untracked 
|  61|0x0000000708a00000, 0x0000000708a00000, 0x0000000708c00000|  0%| F|  |TAMS 0x0000000708a00000, 0x0000000708a00000| Untracked 
|  62|0x0000000708c00000, 0x0000000708c00000, 0x0000000708e00000|  0%| F|  |TAMS 0x0000000708c00000, 0x0000000708c00000| Untracked 
|  63|0x0000000708e00000, 0x0000000708e00000, 0x0000000709000000|  0%| F|  |TAMS 0x0000000708e00000, 0x0000000708e00000| Untracked 
|  64|0x0000000709000000, 0x0000000709000000, 0x0000000709200000|  0%| F|  |TAMS 0x0000000709000000, 0x0000000709000000| Untracked 
|  65|0x0000000709200000, 0x0000000709200000, 0x0000000709400000|  0%| F|  |TAMS 0x0000000709200000, 0x0000000709200000| Untracked 
|  66|0x0000000709400000, 0x0000000709400000, 0x0000000709600000|  0%| F|  |TAMS 0x0000000709400000, 0x0000000709400000| Untracked 
|  67|0x0000000709600000, 0x0000000709600000, 0x0000000709800000|  0%| F|  |TAMS 0x0000000709600000, 0x0000000709600000| Untracked 
|  68|0x0000000709800000, 0x0000000709800000, 0x0000000709a00000|  0%| F|  |TAMS 0x0000000709800000, 0x0000000709800000| Untracked 
|  69|0x0000000709a00000, 0x0000000709a00000, 0x0000000709c00000|  0%| F|  |TAMS 0x0000000709a00000, 0x0000000709a00000| Untracked 
|  70|0x0000000709c00000, 0x0000000709c00000, 0x0000000709e00000|  0%| F|  |TAMS 0x0000000709c00000, 0x0000000709c00000| Untracked 
|  71|0x0000000709e00000, 0x0000000709e00000, 0x000000070a000000|  0%| F|  |TAMS 0x0000000709e00000, 0x0000000709e00000| Untracked 
|  72|0x000000070a000000, 0x000000070a000000, 0x000000070a200000|  0%| F|  |TAMS 0x000000070a000000, 0x000000070a000000| Untracked 
|  73|0x000000070a200000, 0x000000070a200000, 0x000000070a400000|  0%| F|  |TAMS 0x000000070a200000, 0x000000070a200000| Untracked 
|  74|0x000000070a400000, 0x000000070a400000, 0x000000070a600000|  0%| F|  |TAMS 0x000000070a400000, 0x000000070a400000| Untracked 
|  75|0x000000070a600000, 0x000000070a600000, 0x000000070a800000|  0%| F|  |TAMS 0x000000070a600000, 0x000000070a600000| Untracked 
|  76|0x000000070a800000, 0x000000070a800000, 0x000000070aa00000|  0%| F|  |TAMS 0x000000070a800000, 0x000000070a800000| Untracked 
|  77|0x000000070aa00000, 0x000000070aa00000, 0x000000070ac00000|  0%| F|  |TAMS 0x000000070aa00000, 0x000000070aa00000| Untracked 
|  78|0x000000070ac00000, 0x000000070ac00000, 0x000000070ae00000|  0%| F|  |TAMS 0x000000070ac00000, 0x000000070ac00000| Untracked 
|  79|0x000000070ae00000, 0x000000070ae00000, 0x000000070b000000|  0%| F|  |TAMS 0x000000070ae00000, 0x000000070ae00000| Untracked 
|  80|0x000000070b000000, 0x000000070b000000, 0x000000070b200000|  0%| F|  |TAMS 0x000000070b000000, 0x000000070b000000| Untracked 
|  81|0x000000070b200000, 0x000000070b200000, 0x000000070b400000|  0%| F|  |TAMS 0x000000070b200000, 0x000000070b200000| Untracked 
|  82|0x000000070b400000, 0x000000070b400000, 0x000000070b600000|  0%| F|  |TAMS 0x000000070b400000, 0x000000070b400000| Untracked 
|  83|0x000000070b600000, 0x000000070b600000, 0x000000070b800000|  0%| F|  |TAMS 0x000000070b600000, 0x000000070b600000| Untracked 
|  84|0x000000070b800000, 0x000000070b800000, 0x000000070ba00000|  0%| F|  |TAMS 0x000000070b800000, 0x000000070b800000| Untracked 
|  85|0x000000070ba00000, 0x000000070ba00000, 0x000000070bc00000|  0%| F|  |TAMS 0x000000070ba00000, 0x000000070ba00000| Untracked 
|  86|0x000000070bc00000, 0x000000070bc00000, 0x000000070be00000|  0%| F|  |TAMS 0x000000070bc00000, 0x000000070bc00000| Untracked 
|  87|0x000000070be00000, 0x000000070be00000, 0x000000070c000000|  0%| F|  |TAMS 0x000000070be00000, 0x000000070be00000| Untracked 
|  88|0x000000070c000000, 0x000000070c000000, 0x000000070c200000|  0%| F|  |TAMS 0x000000070c000000, 0x000000070c000000| Untracked 
|  89|0x000000070c200000, 0x000000070c200000, 0x000000070c400000|  0%| F|  |TAMS 0x000000070c200000, 0x000000070c200000| Untracked 
|  90|0x000000070c400000, 0x000000070c400000, 0x000000070c600000|  0%| F|  |TAMS 0x000000070c400000, 0x000000070c400000| Untracked 
|  91|0x000000070c600000, 0x000000070c600000, 0x000000070c800000|  0%| F|  |TAMS 0x000000070c600000, 0x000000070c600000| Untracked 
|  92|0x000000070c800000, 0x000000070c800000, 0x000000070ca00000|  0%| F|  |TAMS 0x000000070c800000, 0x000000070c800000| Untracked 
|  93|0x000000070ca00000, 0x000000070ca00000, 0x000000070cc00000|  0%| F|  |TAMS 0x000000070ca00000, 0x000000070ca00000| Untracked 
|  94|0x000000070cc00000, 0x000000070cc00000, 0x000000070ce00000|  0%| F|  |TAMS 0x000000070cc00000, 0x000000070cc00000| Untracked 
|  95|0x000000070ce00000, 0x000000070ce00000, 0x000000070d000000|  0%| F|  |TAMS 0x000000070ce00000, 0x000000070ce00000| Untracked 
|  96|0x000000070d000000, 0x000000070d000000, 0x000000070d200000|  0%| F|  |TAMS 0x000000070d000000, 0x000000070d000000| Untracked 
|  97|0x000000070d200000, 0x000000070d200000, 0x000000070d400000|  0%| F|  |TAMS 0x000000070d200000, 0x000000070d200000| Untracked 
|  98|0x000000070d400000, 0x000000070d400000, 0x000000070d600000|  0%| F|  |TAMS 0x000000070d400000, 0x000000070d400000| Untracked 
|  99|0x000000070d600000, 0x000000070d600000, 0x000000070d800000|  0%| F|  |TAMS 0x000000070d600000, 0x000000070d600000| Untracked 
| 100|0x000000070d800000, 0x000000070d800000, 0x000000070da00000|  0%| F|  |TAMS 0x000000070d800000, 0x000000070d800000| Untracked 
| 101|0x000000070da00000, 0x000000070da00000, 0x000000070dc00000|  0%| F|  |TAMS 0x000000070da00000, 0x000000070da00000| Untracked 
| 102|0x000000070dc00000, 0x000000070dc00000, 0x000000070de00000|  0%| F|  |TAMS 0x000000070dc00000, 0x000000070dc00000| Untracked 
| 103|0x000000070de00000, 0x000000070de00000, 0x000000070e000000|  0%| F|  |TAMS 0x000000070de00000, 0x000000070de00000| Untracked 
| 104|0x000000070e000000, 0x000000070e000000, 0x000000070e200000|  0%| F|  |TAMS 0x000000070e000000, 0x000000070e000000| Untracked 
| 105|0x000000070e200000, 0x000000070e200000, 0x000000070e400000|  0%| F|  |TAMS 0x000000070e200000, 0x000000070e200000| Untracked 
| 106|0x000000070e400000, 0x000000070e400000, 0x000000070e600000|  0%| F|  |TAMS 0x000000070e400000, 0x000000070e400000| Untracked 
| 107|0x000000070e600000, 0x000000070e600000, 0x000000070e800000|  0%| F|  |TAMS 0x000000070e600000, 0x000000070e600000| Untracked 
| 108|0x000000070e800000, 0x000000070e800000, 0x000000070ea00000|  0%| F|  |TAMS 0x000000070e800000, 0x000000070e800000| Untracked 
| 109|0x000000070ea00000, 0x000000070ea00000, 0x000000070ec00000|  0%| F|  |TAMS 0x000000070ea00000, 0x000000070ea00000| Untracked 
| 110|0x000000070ec00000, 0x000000070ec00000, 0x000000070ee00000|  0%| F|  |TAMS 0x000000070ec00000, 0x000000070ec00000| Untracked 
| 111|0x000000070ee00000, 0x000000070ee00000, 0x000000070f000000|  0%| F|  |TAMS 0x000000070ee00000, 0x000000070ee00000| Untracked 
| 112|0x000000070f000000, 0x000000070f000000, 0x000000070f200000|  0%| F|  |TAMS 0x000000070f000000, 0x000000070f000000| Untracked 
| 113|0x000000070f200000, 0x000000070f200000, 0x000000070f400000|  0%| F|  |TAMS 0x000000070f200000, 0x000000070f200000| Untracked 
| 114|0x000000070f400000, 0x000000070f400000, 0x000000070f600000|  0%| F|  |TAMS 0x000000070f400000, 0x000000070f400000| Untracked 
| 115|0x000000070f600000, 0x000000070f600000, 0x000000070f800000|  0%| F|  |TAMS 0x000000070f600000, 0x000000070f600000| Untracked 
| 116|0x000000070f800000, 0x000000070f800000, 0x000000070fa00000|  0%| F|  |TAMS 0x000000070f800000, 0x000000070f800000| Untracked 
| 117|0x000000070fa00000, 0x000000070fa00000, 0x000000070fc00000|  0%| F|  |TAMS 0x000000070fa00000, 0x000000070fa00000| Untracked 
| 118|0x000000070fc00000, 0x000000070fc00000, 0x000000070fe00000|  0%| F|  |TAMS 0x000000070fc00000, 0x000000070fc00000| Untracked 
| 119|0x000000070fe00000, 0x000000070fe00000, 0x0000000710000000|  0%| F|  |TAMS 0x000000070fe00000, 0x000000070fe00000| Untracked 
| 120|0x0000000710000000, 0x0000000710000000, 0x0000000710200000|  0%| F|  |TAMS 0x0000000710000000, 0x0000000710000000| Untracked 
| 121|0x0000000710200000, 0x0000000710200000, 0x0000000710400000|  0%| F|  |TAMS 0x0000000710200000, 0x0000000710200000| Untracked 
| 122|0x0000000710400000, 0x0000000710400000, 0x0000000710600000|  0%| F|  |TAMS 0x0000000710400000, 0x0000000710400000| Untracked 
| 123|0x0000000710600000, 0x0000000710600000, 0x0000000710800000|  0%| F|  |TAMS 0x0000000710600000, 0x0000000710600000| Untracked 
| 124|0x0000000710800000, 0x0000000710800000, 0x0000000710a00000|  0%| F|  |TAMS 0x0000000710800000, 0x0000000710800000| Untracked 
| 125|0x0000000710a00000, 0x0000000710a00000, 0x0000000710c00000|  0%| F|  |TAMS 0x0000000710a00000, 0x0000000710a00000| Untracked 
| 126|0x0000000710c00000, 0x0000000710c00000, 0x0000000710e00000|  0%| F|  |TAMS 0x0000000710c00000, 0x0000000710c00000| Untracked 
| 127|0x0000000710e00000, 0x0000000710fae3b0, 0x0000000711000000| 84%| E|  |TAMS 0x0000000710e00000, 0x0000000710e00000| Complete 

Card table byte_map: [0x00000209280a0000,0x00000209288a0000] _byte_map_base: 0x0000020924898000

Marking Bits (Prev, Next): (CMBitMap*) 0x000002090f1f12a0, (CMBitMap*) 0x000002090f1f12e0
 Prev Bits: [0x00000209290a0000, 0x000002092d060000)
 Next Bits: [0x000002092d060000, 0x0000020931020000)

Polling page: 0x000002090f030000

Metaspace:

Usage:
  Non-class:    311.20 KB used.
      Class:     18.52 KB used.
       Both:    329.71 KB used.

Virtual space:
  Non-class space:       64.00 MB reserved,     384.00 KB ( <1%) committed,  1 nodes.
      Class space:        1.00 GB reserved,     128.00 KB ( <1%) committed,  1 nodes.
             Both:        1.06 GB reserved,     512.00 KB ( <1%) committed. 

Chunk freelists:
   Non-Class:  3.95 MB
       Class:  3.72 MB
        Both:  7.67 MB

MaxMetaspaceSize: unlimited
CompressedClassSpaceSize: 1.00 GB
Initial GC threshold: 21.00 MB
Current GC threshold: 21.00 MB
CDS: on
MetaspaceReclaimPolicy: balanced
 - commit_granule_bytes: 65536.
 - commit_granule_words: 8192.
 - virtual_space_node_default_size: 8388608.
 - enlarge_chunks_in_place: 1.
 - new_chunks_are_fully_committed: 0.
 - uncommit_free_chunks: 1.
 - use_allocation_guard: 0.


Internal statistics:

num_allocs_failed_limit: 0.
num_arena_births: 28.
num_arena_deaths: 0.
num_vsnodes_births: 2.
num_vsnodes_deaths: 0.
num_space_committed: 8.
num_space_uncommitted: 0.
num_chunks_returned_to_freelist: 0.
num_chunks_taken_from_freelist: 36.
num_chunk_merges: 0.
num_chunk_splits: 23.
num_chunks_enlarged: 14.
num_inconsistent_stats: 0.

CodeHeap 'non-profiled nmethods': size=120000Kb used=65Kb max_used=65Kb free=119934Kb
 bounds [0x000002091fd50000, 0x000002091ffc0000, 0x0000020927280000]
CodeHeap 'profiled nmethods': size=120000Kb used=192Kb max_used=192Kb free=119807Kb
 bounds [0x0000020918820000, 0x0000020918a90000, 0x000002091fd50000]
CodeHeap 'non-nmethods': size=5760Kb used=1087Kb max_used=1101Kb free=4672Kb
 bounds [0x0000020918280000, 0x00000209184f0000, 0x0000020918820000]
 total_blobs=521 nmethods=175 adapters=259
 compilation: enabled
              stopped_count=0, restarted_count=0
 full_count=0

Compilation events (20 events):
Event: 0.100 Thread 0x000002093361b360  159       3       java.lang.invoke.LambdaForm$BasicType::basicType (19 bytes)
Event: 0.101 Thread 0x000002093361b360 nmethod 159 0x000002091884e590 code [0x000002091884e760, 0x000002091884e9b8]
Event: 0.101 Thread 0x000002093361b360  163       3       java.lang.invoke.MethodType$ConcurrentWeakInternSet::expungeStaleElements (27 bytes)
Event: 0.101 Thread 0x000002093361b360 nmethod 163 0x000002091884eb10 code [0x000002091884ed00, 0x000002091884f238]
Event: 0.101 Thread 0x000002093361b360  152       3       java.lang.Class::getName (18 bytes)
Event: 0.101 Thread 0x000002093361b360 nmethod 152 0x000002091884f490 code [0x000002091884f640, 0x000002091884f7c8]
Event: 0.101 Thread 0x000002093361b360  153       1       java.lang.invoke.LambdaForm$Name::index (5 bytes)
Event: 0.101 Thread 0x000002093361b360 nmethod 153 0x000002091fd5f610 code [0x000002091fd5f7a0, 0x000002091fd5f878]
Event: 0.101 Thread 0x000002093361b360  169       1       java.lang.invoke.LambdaForm$BasicType::basicTypeClass (5 bytes)
Event: 0.101 Thread 0x000002093361b360 nmethod 169 0x000002091fd5f910 code [0x000002091fd5faa0, 0x000002091fd5fb78]
Event: 0.101 Thread 0x000002093361b360  158       1       sun.invoke.util.Wrapper::basicTypeChar (5 bytes)
Event: 0.101 Thread 0x000002093361b360 nmethod 158 0x000002091fd5fc10 code [0x000002091fd5fda0, 0x000002091fd5fe78]
Event: 0.101 Thread 0x000002093361b360  160       3       java.lang.Number::<init> (5 bytes)
Event: 0.101 Thread 0x000002093361b360 nmethod 160 0x000002091884f890 code [0x000002091884fa20, 0x000002091884fb78]
Event: 0.101 Thread 0x000002093361b360  154       1       java.lang.invoke.MethodType$ConcurrentWeakInternSet$WeakEntry::hashCode (5 bytes)
Event: 0.101 Thread 0x000002093361b360 nmethod 154 0x000002091fd5ff10 code [0x000002091fd600a0, 0x000002091fd60178]
Event: 0.101 Thread 0x000002093361b360  174       1       java.lang.invoke.MethodTypeForm::erasedType (5 bytes)
Event: 0.101 Thread 0x000002093361b360 nmethod 174 0x000002091fd60210 code [0x000002091fd603a0, 0x000002091fd60478]
Event: 0.102 Thread 0x000002093361b360  175       3       java.lang.StringConcatHelper::checkOverflow (17 bytes)
Event: 0.102 Thread 0x000002093361b360 nmethod 175 0x000002091884fc10 code [0x000002091884fdc0, 0x000002091884ffa8]

GC Heap History (0 events):
No events

Deoptimization events (0 events):
No events

Classes loaded (10 events):
Event: 0.049 Loading class jdk/internal/loader/URLClassPath$FileLoader
Event: 0.049 Loading class jdk/internal/loader/URLClassPath$FileLoader done
Event: 0.050 Loading class jdk/internal/loader/URLClassPath$FileLoader$1
Event: 0.050 Loading class jdk/internal/loader/URLClassPath$FileLoader$1 done
Event: 0.052 Loading class java/io/FileNotFoundException
Event: 0.052 Loading class java/io/IOException
Event: 0.052 Loading class java/io/IOException done
Event: 0.052 Loading class java/io/FileNotFoundException done
Event: 0.052 Loading class java/security/PrivilegedActionException
Event: 0.052 Loading class java/security/PrivilegedActionException done

Classes unloaded (0 events):
No events

Classes redefined (0 events):
No events

Internal exceptions (0 events):
No events

VM Operations (0 events):
No events

Events (15 events):
Event: 0.007 Loaded shared library C:\Program Files\Java\jdk-18.0.2.1\bin\java.dll
Event: 0.015 Loaded shared library C:\Program Files\Java\jdk-18.0.2.1\bin\jsvml.dll
Event: 0.015 Thread 0x000002090f14e9b0 Thread added: 0x000002090f14e9b0
Event: 0.017 Thread 0x00000209335f5f80 Thread added: 0x00000209335f5f80
Event: 0.017 Thread 0x00000209335f6920 Thread added: 0x00000209335f6920
Event: 0.026 Thread 0x0000020933609980 Thread added: 0x0000020933609980
Event: 0.027 Thread 0x000002093360a230 Thread added: 0x000002093360a230
Event: 0.027 Thread 0x000002093360abd0 Thread added: 0x000002093360abd0
Event: 0.027 Thread 0x0000020933615590 Thread added: 0x0000020933615590
Event: 0.027 Thread 0x0000020933617af0 Thread added: 0x0000020933617af0
Event: 0.027 Thread 0x000002093361b360 Thread added: 0x000002093361b360
Event: 0.027 Thread 0x000002093361cd50 Thread added: 0x000002093361cd50
Event: 0.047 Thread 0x000002093789a500 Thread added: 0x000002093789a500
Event: 0.051 Thread 0x0000020937899690 Thread added: 0x0000020937899690
Event: 0.058 Loaded shared library C:\Users\hmsel\git\CPP\jmtp\cpp\x64\Debug\mtpjava.dll


Dynamic libraries:
0x00007ff73de10000 - 0x00007ff73de20000 	C:\Program Files\Java\jdk-18.0.2.1\bin\java.exe
0x00007ff920490000 - 0x00007ff920688000 	C:\WINDOWS\SYSTEM32\ntdll.dll
0x00007ff920250000 - 0x00007ff92030f000 	C:\WINDOWS\System32\KERNEL32.DLL
0x00007ff91e210000 - 0x00007ff91e4ea000 	C:\WINDOWS\System32\KERNELBASE.dll
0x00007ff91df60000 - 0x00007ff91e060000 	C:\WINDOWS\System32\ucrtbase.dll
0x00007ff8fc320000 - 0x00007ff8fc338000 	C:\Program Files\Java\jdk-18.0.2.1\bin\jli.dll
0x00007ff8fc300000 - 0x00007ff8fc31a000 	C:\Program Files\Java\jdk-18.0.2.1\bin\VCRUNTIME140.dll
0x00007ff91f570000 - 0x00007ff91f61e000 	C:\WINDOWS\System32\ADVAPI32.dll
0x00007ff91ff30000 - 0x00007ff91ffce000 	C:\WINDOWS\System32\msvcrt.dll
0x00007ff9200e0000 - 0x00007ff92017c000 	C:\WINDOWS\System32\sechost.dll
0x00007ff91f370000 - 0x00007ff91f496000 	C:\WINDOWS\System32\RPCRT4.dll
0x00007ff91ec40000 - 0x00007ff91eddd000 	C:\WINDOWS\System32\USER32.dll
0x00007ff91dc30000 - 0x00007ff91dc52000 	C:\WINDOWS\System32\win32u.dll
0x00007ff9122c0000 - 0x00007ff91255a000 	C:\WINDOWS\WinSxS\amd64_microsoft.windows.common-controls_6595b64144ccf1df_6.0.19041.1110_none_60b5254171f9507e\COMCTL32.dll
0x00007ff920420000 - 0x00007ff92044b000 	C:\WINDOWS\System32\GDI32.dll
0x00007ff91e100000 - 0x00007ff91e210000 	C:\WINDOWS\System32\gdi32full.dll
0x00007ff91e060000 - 0x00007ff91e0fd000 	C:\WINDOWS\System32\msvcp_win.dll
0x00007ff916860000 - 0x00007ff91686a000 	C:\WINDOWS\SYSTEM32\VERSION.dll
0x00007ff9200b0000 - 0x00007ff9200e0000 	C:\WINDOWS\System32\IMM32.DLL
0x00007ff90fd30000 - 0x00007ff90fd3c000 	C:\Program Files\Java\jdk-18.0.2.1\bin\vcruntime140_1.dll
0x00007ff8fbac0000 - 0x00007ff8fbb4d000 	C:\Program Files\Java\jdk-18.0.2.1\bin\msvcp140.dll
0x00007ff863db0000 - 0x00007ff8649c1000 	C:\Program Files\Java\jdk-18.0.2.1\bin\server\jvm.dll
0x00007ff91f560000 - 0x00007ff91f568000 	C:\WINDOWS\System32\PSAPI.DLL
0x00007ff901010000 - 0x00007ff901019000 	C:\WINDOWS\SYSTEM32\WSOCK32.dll
0x00007ff9145f0000 - 0x00007ff914617000 	C:\WINDOWS\SYSTEM32\WINMM.dll
0x00007ff91f620000 - 0x00007ff91f68b000 	C:\WINDOWS\System32\WS2_32.dll
0x00007ff91c3f0000 - 0x00007ff91c402000 	C:\WINDOWS\SYSTEM32\kernel.appcore.dll
0x00007ff8ff9e0000 - 0x00007ff8ff9ea000 	C:\Program Files\Java\jdk-18.0.2.1\bin\jimage.dll
0x00007ff912750000 - 0x00007ff912934000 	C:\WINDOWS\SYSTEM32\DBGHELP.DLL
0x00007ff8f4d90000 - 0x00007ff8f4dc4000 	C:\WINDOWS\SYSTEM32\dbgcore.DLL
0x00007ff91dba0000 - 0x00007ff91dc22000 	C:\WINDOWS\System32\bcryptPrimitives.dll
0x00007ff8fc0d0000 - 0x00007ff8fc0f5000 	C:\Program Files\Java\jdk-18.0.2.1\bin\java.dll
0x00007ff8cd140000 - 0x00007ff8cd216000 	C:\Program Files\Java\jdk-18.0.2.1\bin\jsvml.dll
0x00007ff91e4f0000 - 0x00007ff91ec34000 	C:\WINDOWS\System32\SHELL32.dll
0x00007ff91bc20000 - 0x00007ff91c3b3000 	C:\WINDOWS\SYSTEM32\windows.storage.dll
0x00007ff91eff0000 - 0x00007ff91f344000 	C:\WINDOWS\System32\combase.dll
0x00007ff91d590000 - 0x00007ff91d5be000 	C:\WINDOWS\SYSTEM32\Wldp.dll
0x00007ff91f4b0000 - 0x00007ff91f55d000 	C:\WINDOWS\System32\SHCORE.dll
0x00007ff9203c0000 - 0x00007ff920415000 	C:\WINDOWS\System32\shlwapi.dll
0x00007ff91dae0000 - 0x00007ff91daff000 	C:\WINDOWS\SYSTEM32\profapi.dll
0x00007ff8fb8a0000 - 0x00007ff8fb8f0000 	C:\Users\hmsel\git\CPP\jmtp\cpp\x64\Debug\mtpjava.dll
0x00007ff91fb60000 - 0x00007ff91fc8a000 	C:\WINDOWS\System32\ole32.dll
0x00007ff920180000 - 0x00007ff92024d000 	C:\WINDOWS\System32\OLEAUT32.dll
0x00007ff8fc3b0000 - 0x00007ff8fc3db000 	C:\WINDOWS\SYSTEM32\VCRUNTIME140D.dll
0x00007ff9179d0000 - 0x00007ff9179df000 	C:\WINDOWS\SYSTEM32\VCRUNTIME140_1D.dll
0x00007ff8918f0000 - 0x00007ff8919d2000 	C:\WINDOWS\SYSTEM32\MSVCP140D.dll
0x00007ff886060000 - 0x00007ff88627f000 	C:\WINDOWS\SYSTEM32\ucrtbased.dll
0x00007ff91b4d0000 - 0x00007ff91b56e000 	C:\WINDOWS\system32\uxtheme.dll
0x00007ff918fc0000 - 0x00007ff918fd1000 	C:\Program Files (x86)\Dexpot\hooxpot64.dll
0x00007ff920310000 - 0x00007ff9203b9000 	C:\WINDOWS\System32\clbcatq.dll
0x00007ff9181d0000 - 0x00007ff918273000 	C:\Windows\System32\PortableDeviceApi.dll
0x00007ff91f690000 - 0x00007ff91faf8000 	C:\WINDOWS\System32\SETUPAPI.dll
0x00007ff91de30000 - 0x00007ff91de7e000 	C:\WINDOWS\System32\cfgmgr32.dll
0x00007ff91de80000 - 0x00007ff91dea7000 	C:\WINDOWS\System32\bcrypt.dll
0x00007ff91d970000 - 0x00007ff91d99c000 	C:\WINDOWS\System32\DEVOBJ.dll
0x00007ff8e3480000 - 0x00007ff8e34b2000 	C:\Windows\System32\PortableDeviceTypes.dll
0x00007ff919650000 - 0x00007ff919746000 	C:\Windows\System32\PROPSYS.dll
0x00007ff91ddc0000 - 0x00007ff91de27000 	C:\WINDOWS\System32\WINTRUST.dll
0x00007ff91dc60000 - 0x00007ff91ddb6000 	C:\WINDOWS\System32\CRYPT32.dll
0x00007ff91d790000 - 0x00007ff91d7a2000 	C:\WINDOWS\System32\MSASN1.dll

dbghelp: loaded successfully - version: 4.0.5 - missing functions: none
symbol engine: initialized successfully - sym options: 0x614 - pdb path: .;C:\Program Files\Java\jdk-18.0.2.1\bin;C:\WINDOWS\SYSTEM32;C:\WINDOWS\WinSxS\amd64_microsoft.windows.common-controls_6595b64144ccf1df_6.0.19041.1110_none_60b5254171f9507e;C:\Program Files\Java\jdk-18.0.2.1\bin\server;C:\Users\hmsel\git\CPP\jmtp\cpp\x64\Debug;C:\Program Files (x86)\Dexpot

VM Arguments:
jvm_args: -Djava.library.path=C:\Users\hmsel\git\CPP\jmtp\cpp\x64\Debug\ -Dfile.encoding=windows-1252 -Duser.country=US -Duser.language=en -Duser.variant 
java_command: Test
java_class_path (initial): C:\Users\hmsel\git\CPP\jmtp\MtpJava\build\classes\java\test;C:\Users\hmsel\git\CPP\jmtp\MtpJava\build\resources\test;C:\Users\hmsel\git\CPP\jmtp\MtpJava\build\classes\java\main;C:\Users\hmsel\git\CPP\jmtp\MtpJava\build\resources\main;C:\Users\hmsel\.gradle\caches\modules-2\files-2.1\org.junit.jupiter\junit-jupiter\5.9.1\9274d3757e224bc02eae367bd481062a263c150b\junit-jupiter-5.9.1.jar;C:\Users\hmsel\.gradle\caches\modules-2\files-2.1\org.junit.jupiter\junit-jupiter-params\5.9.1\ffcd1013edaeee112be11fcddeb38882d79238de\junit-jupiter-params-5.9.1.jar;C:\Users\hmsel\.gradle\caches\modules-2\files-2.1\org.junit.jupiter\junit-jupiter-engine\5.9.1\1bf771097bde296c3ab174861954e8aafaaf2e94\junit-jupiter-engine-5.9.1.jar;C:\Users\hmsel\.gradle\caches\modules-2\files-2.1\org.junit.jupiter\junit-jupiter-api\5.9.1\7bb53fbc0173e9f6a9d21d58297af94b1f2f9ce1\junit-jupiter-api-5.9.1.jar;C:\Users\hmsel\.gradle\caches\modules-2\files-2.1\org.junit.platform\junit-platform-engine\1.9.1\83591e5089d6cea5f324aa3ecca9b19d5a275803\junit-platform-engine-1.9.1.jar;C:\Users\hmsel\.gradle\caches\modules-2\files-2.1\org.junit.platform\junit-platform-commons\1.9.1\3145f821b5cd10abcdc5f925baa5fffa6f1b628f\junit-platform-commons-1.9.1.jar;C:\Users\hmsel\.gradle\caches\modules-2\files-2.1\org.opentest4j\opentest4j\1.2.0\28c11eb91f9b6d8e200631d46e20a7f407f2a046\opentest4j-1.2.0.jar
Launcher Type: SUN_STANDARD

[Global flags]
     intx CICompilerCount                          = 3                                         {product} {ergonomic}
     uint ConcGCThreads                            = 1                                         {product} {ergonomic}
     uint G1ConcRefinementThreads                  = 4                                         {product} {ergonomic}
   size_t G1HeapRegionSize                         = 2097152                                   {product} {ergonomic}
    uintx GCDrainStackTargetSize                   = 64                                        {product} {ergonomic}
   size_t InitialHeapSize                          = 268435456                                 {product} {ergonomic}
   size_t MarkStackSize                            = 4194304                                   {product} {ergonomic}
   size_t MaxHeapSize                              = 4278190080                                {product} {ergonomic}
   size_t MaxNewSize                               = 2566914048                                {product} {ergonomic}
   size_t MinHeapDeltaBytes                        = 2097152                                   {product} {ergonomic}
   size_t MinHeapSize                              = 8388608                                   {product} {ergonomic}
    uintx NonNMethodCodeHeapSize                   = 5832780                                {pd product} {ergonomic}
    uintx NonProfiledCodeHeapSize                  = 122912730                              {pd product} {ergonomic}
    uintx ProfiledCodeHeapSize                     = 122912730                              {pd product} {ergonomic}
    uintx ReservedCodeCacheSize                    = 251658240                              {pd product} {ergonomic}
     bool SegmentedCodeCache                       = true                                      {product} {ergonomic}
   size_t SoftMaxHeapSize                          = 4278190080                             {manageable} {ergonomic}
     bool UseCompressedClassPointers               = true                           {product lp64_product} {ergonomic}
     bool UseCompressedOops                        = true                           {product lp64_product} {ergonomic}
     bool UseG1GC                                  = true                                      {product} {ergonomic}
     bool UseLargePagesIndividualAllocation        = false                                  {pd product} {ergonomic}

Logging:
Log output configuration:
 #0: stdout all=warning uptime,level,tags foldmultilines=false
 #1: stderr all=off uptime,level,tags foldmultilines=false

Environment Variables:
JAVA_HOME=C:\Program Files\Java\jdk-18.0.2.1
PATH=C:\Program Files\Microsoft\jdk-11.0.16.101-hotspot\bin;C:\Program Files\Common Files\Oracle\Java\javapath;C:\Program Files (x86)\Common Files\Oracle\Java\javapath;C:\Windows\system32;C:\Windows;C:\Windows\System32\Wbem;C:\Windows\System32\WindowsPowerShell\v1.0\;C:\Windows\System32\OpenSSH\;"C:\Program Files\NVIDIA Corporation\NVIDIA NvDLISR;C:\Program Files (x86)\NVIDIA Corporation\PhysX\Common;C:\WINDOWS\system32;C:\WINDOWS;C:\WINDOWS\System32\Wbem;C:\WINDOWS\System32\WindowsPowerShell\v1.0\;C:\WINDOWS\Sys";C:\Program Files (x86)\Windows Kits\10\Windows Performance Toolkit\;C:\Program Files\dotnet\;C:\Program Files\NVIDIA Corporation\NVIDIA NvDLISR;C:\Program Files (x86)\NVIDIA Corporation\PhysX\Common;C:\Program Files\Microsoft SQL Server\150\Tools\Binn\;C:\mingw64;C:\mingw64\bin;C:\Program Files\Git\cmd;C:\Program Files\CMake\bin;C:\Program Files\PuTTY\;C:\Users\hmsel\AppData\Local\Microsoft\WindowsApps;C:\Users\hmsel\AppData\Local\GitHubDesktop\bin;C:\Users\hmsel\AppData\Local\atom\bin;C:\Users\hmsel\AppData\Local\Microsoft\WindowsApps;C:\Users\hmsel\gradle\gradle-7.5.1\bin;C:\Users\hmsel\.dotnet\tools;C:\Program Files\Maven\apache-maven-3.9.1\bin;
USERNAME=hms11
OS=Windows_NT
PROCESSOR_IDENTIFIER=Intel64 Family 6 Model 60 Stepping 3, GenuineIntel



---------------  S Y S T E M  ---------------

OS:
 Windows 10 , 64 bit Build 19041 (10.0.19041.2788)
OS uptime: 4 days 3:03 hours

CPU: total 4 (initial active 4) (4 cores per cpu, 1 threads per core) family 6 model 60 stepping 3 microcode 0x27, cx8, cmov, fxsr, mmx, sse, sse2, sse3, ssse3, sse4.1, sse4.2, popcnt, lzcnt, tsc, tscinvbit, avx, avx2, aes, erms, clmul, bmi1, bmi2, fma, vzeroupper, clflush

Memory: 4k page, system-wide physical 16318M (3784M free)
TotalPageFile size 32702M (AvailPageFile size 8149M)
current process WorkingSet (physical memory assigned to process): 35M, peak: 35M
current process commit charge ("private bytes"): 337M, peak: 337M

vm_info: Java HotSpot(TM) 64-Bit Server VM (18.0.2.1+1-1) for windows-amd64 JRE (18.0.2.1+1-1), built on Aug 16 2022 01:46:33 by "mach5one" with MS VC++ 16.8 / 16.9 (VS2019)

END.
